[0.006s] Invoking command in '/home/zak/INF3995-Templates/build/ros_gz_example_application': CMAKE_PREFIX_PATH=/opt/ros/humble /usr/bin/cmake /home/zak/INF3995-Templates/project_ws/src/ros_gz_example_application -DBUILD_TESTING=ON -DCMAKE_INSTALL_PREFIX=/home/zak/INF3995-Templates/install/ros_gz_example_application
[0.047s] -- The C compiler identification is GNU 11.4.0
[0.090s] -- The CXX compiler identification is GNU 11.4.0
[0.097s] -- Detecting C compiler ABI info
[0.144s] -- Detecting C compiler ABI info - done
[0.149s] -- Check for working C compiler: /usr/bin/cc - skipped
[0.149s] -- Detecting C compile features
[0.149s] -- Detecting C compile features - done
[0.151s] -- Detecting CXX compiler ABI info
[0.214s] -- Detecting CXX compiler ABI info - done
[0.219s] -- Check for working CXX compiler: /usr/bin/c++ - skipped
[0.220s] -- Detecting CXX compile features
[0.220s] -- Detecting CXX compile features - done
[0.221s] -- Found ament_cmake: 1.3.10 (/opt/ros/humble/share/ament_cmake/cmake)
[0.323s] -- Found Python3: /usr/bin/python3 (found version "3.10.12") found components: Interpreter 
[0.432s] -- Configuring done
[0.435s] -- Generating done
[0.436s] -- Build files have been written to: /home/zak/INF3995-Templates/build/ros_gz_example_application
[0.439s] Invoked command in '/home/zak/INF3995-Templates/build/ros_gz_example_application' returned '0': CMAKE_PREFIX_PATH=/opt/ros/humble /usr/bin/cmake /home/zak/INF3995-Templates/project_ws/src/ros_gz_example_application -DBUILD_TESTING=ON -DCMAKE_INSTALL_PREFIX=/home/zak/INF3995-Templates/install/ros_gz_example_application
[0.441s] Invoking command in '/home/zak/INF3995-Templates/build/ros_gz_example_application': CMAKE_PREFIX_PATH=/opt/ros/humble /usr/bin/cmake --build /home/zak/INF3995-Templates/build/ros_gz_example_application -- -j12 -l12
[0.467s] Invoked command in '/home/zak/INF3995-Templates/build/ros_gz_example_application' returned '0': CMAKE_PREFIX_PATH=/opt/ros/humble /usr/bin/cmake --build /home/zak/INF3995-Templates/build/ros_gz_example_application -- -j12 -l12
[0.487s] Invoking command in '/home/zak/INF3995-Templates/build/ros_gz_example_application': CMAKE_PREFIX_PATH=/opt/ros/humble /usr/bin/cmake --install /home/zak/INF3995-Templates/build/ros_gz_example_application
[0.492s] -- Install configuration: ""
[0.492s] -- Installing: /home/zak/INF3995-Templates/install/ros_gz_example_application/share/ament_index/resource_index/package_run_dependencies/ros_gz_example_application
[0.492s] -- Installing: /home/zak/INF3995-Templates/install/ros_gz_example_application/share/ament_index/resource_index/parent_prefix_path/ros_gz_example_application
[0.492s] -- Installing: /home/zak/INF3995-Templates/install/ros_gz_example_application/share/ros_gz_example_application/environment/ament_prefix_path.sh
[0.492s] -- Installing: /home/zak/INF3995-Templates/install/ros_gz_example_application/share/ros_gz_example_application/environment/ament_prefix_path.dsv
[0.492s] -- Installing: /home/zak/INF3995-Templates/install/ros_gz_example_application/share/ros_gz_example_application/environment/path.sh
[0.492s] -- Installing: /home/zak/INF3995-Templates/install/ros_gz_example_application/share/ros_gz_example_application/environment/path.dsv
[0.493s] -- Installing: /home/zak/INF3995-Templates/install/ros_gz_example_application/share/ros_gz_example_application/local_setup.bash
[0.493s] -- Installing: /home/zak/INF3995-Templates/install/ros_gz_example_application/share/ros_gz_example_application/local_setup.sh
[0.493s] -- Installing: /home/zak/INF3995-Templates/install/ros_gz_example_application/share/ros_gz_example_application/local_setup.zsh
[0.493s] -- Installing: /home/zak/INF3995-Templates/install/ros_gz_example_application/share/ros_gz_example_application/local_setup.dsv
[0.493s] -- Installing: /home/zak/INF3995-Templates/install/ros_gz_example_application/share/ros_gz_example_application/package.dsv
[0.493s] -- Installing: /home/zak/INF3995-Templates/install/ros_gz_example_application/share/ament_index/resource_index/packages/ros_gz_example_application
[0.493s] -- Installing: /home/zak/INF3995-Templates/install/ros_gz_example_application/share/ros_gz_example_application/cmake/ros_gz_example_applicationConfig.cmake
[0.493s] -- Installing: /home/zak/INF3995-Templates/install/ros_gz_example_application/share/ros_gz_example_application/cmake/ros_gz_example_applicationConfig-version.cmake
[0.493s] -- Installing: /home/zak/INF3995-Templates/install/ros_gz_example_application/share/ros_gz_example_application/package.xml
[0.494s] Invoked command in '/home/zak/INF3995-Templates/build/ros_gz_example_application' returned '0': CMAKE_PREFIX_PATH=/opt/ros/humble /usr/bin/cmake --install /home/zak/INF3995-Templates/build/ros_gz_example_application
