[0.009s] Invoking command in '/home/zak/INF3995-Templates/build/ros_gz_example_application': CMAKE_PREFIX_PATH=${CMAKE_PREFIX_PATH}:/opt/ros/humble /usr/bin/cmake --build /home/zak/INF3995-Templates/build/ros_gz_example_application -- -j12 -l12
[0.034s] Invoked command in '/home/zak/INF3995-Templates/build/ros_gz_example_application' returned '0': CMAKE_PREFIX_PATH=${CMAKE_PREFIX_PATH}:/opt/ros/humble /usr/bin/cmake --build /home/zak/INF3995-Templates/build/ros_gz_example_application -- -j12 -l12
[0.057s] Invoking command in '/home/zak/INF3995-Templates/build/ros_gz_example_application': CMAKE_PREFIX_PATH=${CMAKE_PREFIX_PATH}:/opt/ros/humble /usr/bin/cmake --install /home/zak/INF3995-Templates/build/ros_gz_example_application
[0.063s] -- Install configuration: ""
[0.063s] -- Up-to-date: /home/zak/INF3995-Templates/install/ros_gz_example_application/share/ament_index/resource_index/package_run_dependencies/ros_gz_example_application
[0.063s] -- Up-to-date: /home/zak/INF3995-Templates/install/ros_gz_example_application/share/ament_index/resource_index/parent_prefix_path/ros_gz_example_application
[0.063s] -- Up-to-date: /home/zak/INF3995-Templates/install/ros_gz_example_application/share/ros_gz_example_application/environment/ament_prefix_path.sh
[0.063s] -- Up-to-date: /home/zak/INF3995-Templates/install/ros_gz_example_application/share/ros_gz_example_application/environment/ament_prefix_path.dsv
[0.063s] -- Up-to-date: /home/zak/INF3995-Templates/install/ros_gz_example_application/share/ros_gz_example_application/environment/path.sh
[0.063s] -- Up-to-date: /home/zak/INF3995-Templates/install/ros_gz_example_application/share/ros_gz_example_application/environment/path.dsv
[0.063s] -- Up-to-date: /home/zak/INF3995-Templates/install/ros_gz_example_application/share/ros_gz_example_application/local_setup.bash
[0.063s] -- Up-to-date: /home/zak/INF3995-Templates/install/ros_gz_example_application/share/ros_gz_example_application/local_setup.sh
[0.063s] -- Up-to-date: /home/zak/INF3995-Templates/install/ros_gz_example_application/share/ros_gz_example_application/local_setup.zsh
[0.063s] -- Up-to-date: /home/zak/INF3995-Templates/install/ros_gz_example_application/share/ros_gz_example_application/local_setup.dsv
[0.063s] -- Installing: /home/zak/INF3995-Templates/install/ros_gz_example_application/share/ros_gz_example_application/package.dsv
[0.063s] -- Up-to-date: /home/zak/INF3995-Templates/install/ros_gz_example_application/share/ament_index/resource_index/packages/ros_gz_example_application
[0.063s] -- Up-to-date: /home/zak/INF3995-Templates/install/ros_gz_example_application/share/ros_gz_example_application/cmake/ros_gz_example_applicationConfig.cmake
[0.063s] -- Up-to-date: /home/zak/INF3995-Templates/install/ros_gz_example_application/share/ros_gz_example_application/cmake/ros_gz_example_applicationConfig-version.cmake
[0.063s] -- Up-to-date: /home/zak/INF3995-Templates/install/ros_gz_example_application/share/ros_gz_example_application/package.xml
[0.064s] Invoked command in '/home/zak/INF3995-Templates/build/ros_gz_example_application' returned '0': CMAKE_PREFIX_PATH=${CMAKE_PREFIX_PATH}:/opt/ros/humble /usr/bin/cmake --install /home/zak/INF3995-Templates/build/ros_gz_example_application
