[0.008s] Invoking command in '/home/zak/INF3995-Templates/build/ros_gz_example_description': CMAKE_PREFIX_PATH=${CMAKE_PREFIX_PATH}:/opt/ros/humble /usr/bin/cmake /home/zak/INF3995-Templates/project_ws/src/ros_gz_example_description -DBUILD_TESTING=ON -DAMENT_CMAKE_SYMLINK_INSTALL=1 -DCMAKE_INSTALL_PREFIX=/home/zak/INF3995-Templates/install/ros_gz_example_description
[0.019s] -- Found ament_cmake: 1.3.10 (/opt/ros/humble/share/ament_cmake/cmake)
[0.101s] -- Override CMake install command with custom implementation using symlinks instead of copying resources
[0.105s] -- Found ament_lint_auto: 0.12.11 (/opt/ros/humble/share/ament_lint_auto/cmake)
[0.152s] -- Configuring done
[0.153s] -- Generating done
[0.153s] -- Build files have been written to: /home/zak/INF3995-Templates/build/ros_gz_example_description
[0.156s] Invoked command in '/home/zak/INF3995-Templates/build/ros_gz_example_description' returned '0': CMAKE_PREFIX_PATH=${CMAKE_PREFIX_PATH}:/opt/ros/humble /usr/bin/cmake /home/zak/INF3995-Templates/project_ws/src/ros_gz_example_description -DBUILD_TESTING=ON -DAMENT_CMAKE_SYMLINK_INSTALL=1 -DCMAKE_INSTALL_PREFIX=/home/zak/INF3995-Templates/install/ros_gz_example_description
[0.157s] Invoking command in '/home/zak/INF3995-Templates/build/ros_gz_example_description': CMAKE_PREFIX_PATH=${CMAKE_PREFIX_PATH}:/opt/ros/humble /usr/bin/cmake --build /home/zak/INF3995-Templates/build/ros_gz_example_description -- -j12 -l12
[0.185s] Invoked command in '/home/zak/INF3995-Templates/build/ros_gz_example_description' returned '0': CMAKE_PREFIX_PATH=${CMAKE_PREFIX_PATH}:/opt/ros/humble /usr/bin/cmake --build /home/zak/INF3995-Templates/build/ros_gz_example_description -- -j12 -l12
[0.216s] Invoking command in '/home/zak/INF3995-Templates/build/ros_gz_example_description': CMAKE_PREFIX_PATH=${CMAKE_PREFIX_PATH}:/opt/ros/humble /usr/bin/cmake --install /home/zak/INF3995-Templates/build/ros_gz_example_description
[0.223s] -- Install configuration: ""
[0.224s] -- Execute custom install script
[0.224s] -- Symlinking: /home/zak/INF3995-Templates/install/ros_gz_example_description/share/ros_gz_example_description/models/limo_ackerman/meshes/limo_base.dae
[0.236s] -- Symlinking: /home/zak/INF3995-Templates/install/ros_gz_example_description/share/ros_gz_example_description/models/limo_ackerman/meshes/limo_base.stl
[0.242s] -- Symlinking: /home/zak/INF3995-Templates/install/ros_gz_example_description/share/ros_gz_example_description/models/limo_ackerman/meshes/limo_wheel.dae
[0.249s] -- Symlinking: /home/zak/INF3995-Templates/install/ros_gz_example_description/share/ros_gz_example_description/models/limo_ackerman/meshes/limo_wheel.stl
[0.256s] -- Symlinking: /home/zak/INF3995-Templates/install/ros_gz_example_description/share/ros_gz_example_description/models/limo_ackerman/model.config
[0.262s] -- Symlinking: /home/zak/INF3995-Templates/install/ros_gz_example_description/share/ros_gz_example_description/models/limo_ackerman/model.sdf
[0.267s] -- Symlinking: /home/zak/INF3995-Templates/install/ros_gz_example_description/share/ros_gz_example_description/models/limo_diff_drive/meshes/limo_base.dae
[0.278s] -- Symlinking: /home/zak/INF3995-Templates/install/ros_gz_example_description/share/ros_gz_example_description/models/limo_diff_drive/meshes/limo_base.stl
[0.286s] -- Symlinking: /home/zak/INF3995-Templates/install/ros_gz_example_description/share/ros_gz_example_description/models/limo_diff_drive/meshes/limo_wheel.dae
[0.295s] -- Symlinking: /home/zak/INF3995-Templates/install/ros_gz_example_description/share/ros_gz_example_description/models/limo_diff_drive/meshes/limo_wheel.stl
[0.303s] -- Symlinking: /home/zak/INF3995-Templates/install/ros_gz_example_description/share/ros_gz_example_description/models/limo_diff_drive/model.config
[0.308s] -- Symlinking: /home/zak/INF3995-Templates/install/ros_gz_example_description/share/ros_gz_example_description/models/limo_diff_drive/model.sdf
[0.314s] -- Symlinking: /home/zak/INF3995-Templates/install/ros_gz_example_description/share/ros_gz_example_description/environment/ros_gz_example_description.dsv
[0.319s] -- Symlinking: /home/zak/INF3995-Templates/install/ros_gz_example_description/share/ros_gz_example_description/environment/ros_gz_example_description.sh
[0.325s] -- Symlinking: /home/zak/INF3995-Templates/install/ros_gz_example_description/share/ament_index/resource_index/package_run_dependencies/ros_gz_example_description
[0.333s] -- Symlinking: /home/zak/INF3995-Templates/install/ros_gz_example_description/share/ament_index/resource_index/parent_prefix_path/ros_gz_example_description
[0.338s] -- Symlinking: /home/zak/INF3995-Templates/install/ros_gz_example_description/share/ros_gz_example_description/environment/ament_prefix_path.sh
[0.345s] -- Symlinking: /home/zak/INF3995-Templates/install/ros_gz_example_description/share/ros_gz_example_description/environment/ament_prefix_path.dsv
[0.350s] -- Symlinking: /home/zak/INF3995-Templates/install/ros_gz_example_description/share/ros_gz_example_description/environment/path.sh
[0.358s] -- Symlinking: /home/zak/INF3995-Templates/install/ros_gz_example_description/share/ros_gz_example_description/environment/path.dsv
[0.364s] -- Symlinking: /home/zak/INF3995-Templates/install/ros_gz_example_description/share/ros_gz_example_description/local_setup.bash
[0.370s] -- Symlinking: /home/zak/INF3995-Templates/install/ros_gz_example_description/share/ros_gz_example_description/local_setup.sh
[0.378s] -- Symlinking: /home/zak/INF3995-Templates/install/ros_gz_example_description/share/ros_gz_example_description/local_setup.zsh
[0.388s] -- Symlinking: /home/zak/INF3995-Templates/install/ros_gz_example_description/share/ros_gz_example_description/local_setup.dsv
[0.398s] -- Symlinking: /home/zak/INF3995-Templates/install/ros_gz_example_description/share/ros_gz_example_description/package.dsv
[0.408s] -- Symlinking: /home/zak/INF3995-Templates/install/ros_gz_example_description/share/ament_index/resource_index/packages/ros_gz_example_description
[0.419s] -- Symlinking: /home/zak/INF3995-Templates/install/ros_gz_example_description/share/ros_gz_example_description/cmake/ros_gz_example_descriptionConfig.cmake
[0.428s] -- Symlinking: /home/zak/INF3995-Templates/install/ros_gz_example_description/share/ros_gz_example_description/cmake/ros_gz_example_descriptionConfig-version.cmake
[0.439s] -- Symlinking: /home/zak/INF3995-Templates/install/ros_gz_example_description/share/ros_gz_example_description/package.xml
[0.448s] Invoked command in '/home/zak/INF3995-Templates/build/ros_gz_example_description' returned '0': CMAKE_PREFIX_PATH=${CMAKE_PREFIX_PATH}:/opt/ros/humble /usr/bin/cmake --install /home/zak/INF3995-Templates/build/ros_gz_example_description
