[0.067s] DEBUG:colcon:Command line arguments: ['/usr/bin/colcon', 'build', '--cmake-args', '-DBUILD_TESTING=ON']
[0.067s] DEBUG:colcon:Parsed command line arguments: Namespace(log_base=None, log_level=None, verb_name='build', build_base='build', install_base='install', merge_install=False, symlink_install=False, test_result_base=None, continue_on_error=False, executor='parallel', parallel_workers=12, event_handlers=None, ignore_user_meta=False, metas=['./colcon.meta'], base_paths=['.'], packages_ignore=None, packages_ignore_regex=None, paths=None, packages_up_to=None, packages_up_to_regex=None, packages_above=None, packages_above_and_dependencies=None, packages_above_depth=None, packages_select_by_dep=None, packages_skip_by_dep=None, packages_skip_up_to=None, packages_select_build_failed=False, packages_skip_build_finished=False, packages_select_test_failures=False, packages_skip_test_passed=False, packages_select=None, packages_skip=None, packages_select_regex=None, packages_skip_regex=None, packages_start=None, packages_end=None, allow_overriding=[], cmake_args=['-DBUILD_TESTING=ON'], cmake_target=None, cmake_target_skip_unavailable=False, cmake_clean_cache=False, cmake_clean_first=False, cmake_force_configure=False, ament_cmake_args=None, catkin_cmake_args=None, catkin_skip_building_tests=False, verb_parser=<colcon_defaults.argument_parser.defaults.DefaultArgumentsDecorator object at 0x763d6060fa30>, verb_extension=<colcon_core.verb.build.BuildVerb object at 0x763d6060f520>, main=<bound method BuildVerb.main of <colcon_core.verb.build.BuildVerb object at 0x763d6060f520>>)
[0.154s] Level 1:colcon.colcon_core.package_discovery:discover_packages(colcon_meta) check parameters
[0.155s] Level 1:colcon.colcon_core.package_discovery:discover_packages(recursive) check parameters
[0.155s] Level 1:colcon.colcon_core.package_discovery:discover_packages(ignore) check parameters
[0.155s] Level 1:colcon.colcon_core.package_discovery:discover_packages(path) check parameters
[0.155s] Level 1:colcon.colcon_core.package_discovery:discover_packages(colcon_meta) discover
[0.155s] Level 1:colcon.colcon_core.package_discovery:discover_packages(recursive) discover
[0.155s] INFO:colcon.colcon_core.package_discovery:Crawling recursively for packages in '/home/zak/INF3995-Templates'
[0.155s] Level 1:colcon.colcon_core.package_identification:_identify(.) by extensions ['ignore', 'ignore_ament_install']
[0.155s] Level 1:colcon.colcon_core.package_identification:_identify(.) by extension 'ignore'
[0.155s] Level 1:colcon.colcon_core.package_identification:_identify(.) by extension 'ignore_ament_install'
[0.155s] Level 1:colcon.colcon_core.package_identification:_identify(.) by extensions ['colcon_pkg']
[0.155s] Level 1:colcon.colcon_core.package_identification:_identify(.) by extension 'colcon_pkg'
[0.155s] Level 1:colcon.colcon_core.package_identification:_identify(.) by extensions ['colcon_meta']
[0.155s] Level 1:colcon.colcon_core.package_identification:_identify(.) by extension 'colcon_meta'
[0.155s] Level 1:colcon.colcon_core.package_identification:_identify(.) by extensions ['ros']
[0.155s] Level 1:colcon.colcon_core.package_identification:_identify(.) by extension 'ros'
[0.163s] Level 1:colcon.colcon_core.package_identification:_identify(.) by extensions ['cmake', 'python']
[0.163s] Level 1:colcon.colcon_core.package_identification:_identify(.) by extension 'cmake'
[0.163s] Level 1:colcon.colcon_core.package_identification:_identify(.) by extension 'python'
[0.163s] Level 1:colcon.colcon_core.package_identification:_identify(.) by extensions ['python_setup_py']
[0.163s] Level 1:colcon.colcon_core.package_identification:_identify(.) by extension 'python_setup_py'
[0.163s] Level 1:colcon.colcon_core.package_identification:_identify(Installation) by extensions ['ignore', 'ignore_ament_install']
[0.163s] Level 1:colcon.colcon_core.package_identification:_identify(Installation) by extension 'ignore'
[0.163s] Level 1:colcon.colcon_core.package_identification:_identify(Installation) by extension 'ignore_ament_install'
[0.163s] Level 1:colcon.colcon_core.package_identification:_identify(Installation) by extensions ['colcon_pkg']
[0.163s] Level 1:colcon.colcon_core.package_identification:_identify(Installation) by extension 'colcon_pkg'
[0.163s] Level 1:colcon.colcon_core.package_identification:_identify(Installation) by extensions ['colcon_meta']
[0.163s] Level 1:colcon.colcon_core.package_identification:_identify(Installation) by extension 'colcon_meta'
[0.163s] Level 1:colcon.colcon_core.package_identification:_identify(Installation) by extensions ['ros']
[0.163s] Level 1:colcon.colcon_core.package_identification:_identify(Installation) by extension 'ros'
[0.163s] Level 1:colcon.colcon_core.package_identification:_identify(Installation) by extensions ['cmake', 'python']
[0.163s] Level 1:colcon.colcon_core.package_identification:_identify(Installation) by extension 'cmake'
[0.163s] Level 1:colcon.colcon_core.package_identification:_identify(Installation) by extension 'python'
[0.163s] Level 1:colcon.colcon_core.package_identification:_identify(Installation) by extensions ['python_setup_py']
[0.163s] Level 1:colcon.colcon_core.package_identification:_identify(Installation) by extension 'python_setup_py'
[0.163s] Level 1:colcon.colcon_core.package_identification:_identify(Installation/Any-Docker-VNC) by extensions ['ignore', 'ignore_ament_install']
[0.163s] Level 1:colcon.colcon_core.package_identification:_identify(Installation/Any-Docker-VNC) by extension 'ignore'
[0.163s] Level 1:colcon.colcon_core.package_identification:_identify(Installation/Any-Docker-VNC) by extension 'ignore_ament_install'
[0.163s] Level 1:colcon.colcon_core.package_identification:_identify(Installation/Any-Docker-VNC) by extensions ['colcon_pkg']
[0.163s] Level 1:colcon.colcon_core.package_identification:_identify(Installation/Any-Docker-VNC) by extension 'colcon_pkg'
[0.163s] Level 1:colcon.colcon_core.package_identification:_identify(Installation/Any-Docker-VNC) by extensions ['colcon_meta']
[0.163s] Level 1:colcon.colcon_core.package_identification:_identify(Installation/Any-Docker-VNC) by extension 'colcon_meta'
[0.163s] Level 1:colcon.colcon_core.package_identification:_identify(Installation/Any-Docker-VNC) by extensions ['ros']
[0.163s] Level 1:colcon.colcon_core.package_identification:_identify(Installation/Any-Docker-VNC) by extension 'ros'
[0.163s] Level 1:colcon.colcon_core.package_identification:_identify(Installation/Any-Docker-VNC) by extensions ['cmake', 'python']
[0.163s] Level 1:colcon.colcon_core.package_identification:_identify(Installation/Any-Docker-VNC) by extension 'cmake'
[0.164s] Level 1:colcon.colcon_core.package_identification:_identify(Installation/Any-Docker-VNC) by extension 'python'
[0.164s] Level 1:colcon.colcon_core.package_identification:_identify(Installation/Any-Docker-VNC) by extensions ['python_setup_py']
[0.164s] Level 1:colcon.colcon_core.package_identification:_identify(Installation/Any-Docker-VNC) by extension 'python_setup_py'
[0.164s] Level 1:colcon.colcon_core.package_identification:_identify(Installation/Linux-Docker-X11) by extensions ['ignore', 'ignore_ament_install']
[0.164s] Level 1:colcon.colcon_core.package_identification:_identify(Installation/Linux-Docker-X11) by extension 'ignore'
[0.164s] Level 1:colcon.colcon_core.package_identification:_identify(Installation/Linux-Docker-X11) by extension 'ignore_ament_install'
[0.164s] Level 1:colcon.colcon_core.package_identification:_identify(Installation/Linux-Docker-X11) by extensions ['colcon_pkg']
[0.164s] Level 1:colcon.colcon_core.package_identification:_identify(Installation/Linux-Docker-X11) by extension 'colcon_pkg'
[0.164s] Level 1:colcon.colcon_core.package_identification:_identify(Installation/Linux-Docker-X11) by extensions ['colcon_meta']
[0.164s] Level 1:colcon.colcon_core.package_identification:_identify(Installation/Linux-Docker-X11) by extension 'colcon_meta'
[0.164s] Level 1:colcon.colcon_core.package_identification:_identify(Installation/Linux-Docker-X11) by extensions ['ros']
[0.164s] Level 1:colcon.colcon_core.package_identification:_identify(Installation/Linux-Docker-X11) by extension 'ros'
[0.164s] Level 1:colcon.colcon_core.package_identification:_identify(Installation/Linux-Docker-X11) by extensions ['cmake', 'python']
[0.164s] Level 1:colcon.colcon_core.package_identification:_identify(Installation/Linux-Docker-X11) by extension 'cmake'
[0.164s] Level 1:colcon.colcon_core.package_identification:_identify(Installation/Linux-Docker-X11) by extension 'python'
[0.164s] Level 1:colcon.colcon_core.package_identification:_identify(Installation/Linux-Docker-X11) by extensions ['python_setup_py']
[0.164s] Level 1:colcon.colcon_core.package_identification:_identify(Installation/Linux-Docker-X11) by extension 'python_setup_py'
[0.164s] Level 1:colcon.colcon_core.package_identification:_identify(Installation/Ubuntu22.04) by extensions ['ignore', 'ignore_ament_install']
[0.164s] Level 1:colcon.colcon_core.package_identification:_identify(Installation/Ubuntu22.04) by extension 'ignore'
[0.164s] Level 1:colcon.colcon_core.package_identification:_identify(Installation/Ubuntu22.04) by extension 'ignore_ament_install'
[0.164s] Level 1:colcon.colcon_core.package_identification:_identify(Installation/Ubuntu22.04) by extensions ['colcon_pkg']
[0.164s] Level 1:colcon.colcon_core.package_identification:_identify(Installation/Ubuntu22.04) by extension 'colcon_pkg'
[0.164s] Level 1:colcon.colcon_core.package_identification:_identify(Installation/Ubuntu22.04) by extensions ['colcon_meta']
[0.164s] Level 1:colcon.colcon_core.package_identification:_identify(Installation/Ubuntu22.04) by extension 'colcon_meta'
[0.164s] Level 1:colcon.colcon_core.package_identification:_identify(Installation/Ubuntu22.04) by extensions ['ros']
[0.164s] Level 1:colcon.colcon_core.package_identification:_identify(Installation/Ubuntu22.04) by extension 'ros'
[0.164s] Level 1:colcon.colcon_core.package_identification:_identify(Installation/Ubuntu22.04) by extensions ['cmake', 'python']
[0.164s] Level 1:colcon.colcon_core.package_identification:_identify(Installation/Ubuntu22.04) by extension 'cmake'
[0.164s] Level 1:colcon.colcon_core.package_identification:_identify(Installation/Ubuntu22.04) by extension 'python'
[0.164s] Level 1:colcon.colcon_core.package_identification:_identify(Installation/Ubuntu22.04) by extensions ['python_setup_py']
[0.164s] Level 1:colcon.colcon_core.package_identification:_identify(Installation/Ubuntu22.04) by extension 'python_setup_py'
[0.164s] Level 1:colcon.colcon_core.package_identification:_identify(build) by extensions ['ignore', 'ignore_ament_install']
[0.164s] Level 1:colcon.colcon_core.package_identification:_identify(build) by extension 'ignore'
[0.164s] Level 1:colcon.colcon_core.package_identification:_identify(build) ignored
[0.164s] Level 1:colcon.colcon_core.package_identification:_identify(install) by extensions ['ignore', 'ignore_ament_install']
[0.164s] Level 1:colcon.colcon_core.package_identification:_identify(install) by extension 'ignore'
[0.164s] Level 1:colcon.colcon_core.package_identification:_identify(install) ignored
[0.165s] Level 1:colcon.colcon_core.package_identification:_identify(log) by extensions ['ignore', 'ignore_ament_install']
[0.165s] Level 1:colcon.colcon_core.package_identification:_identify(log) by extension 'ignore'
[0.165s] Level 1:colcon.colcon_core.package_identification:_identify(log) ignored
[0.165s] Level 1:colcon.colcon_core.package_identification:_identify(project_ws) by extensions ['ignore', 'ignore_ament_install']
[0.165s] Level 1:colcon.colcon_core.package_identification:_identify(project_ws) by extension 'ignore'
[0.165s] Level 1:colcon.colcon_core.package_identification:_identify(project_ws) by extension 'ignore_ament_install'
[0.165s] Level 1:colcon.colcon_core.package_identification:_identify(project_ws) by extensions ['colcon_pkg']
[0.165s] Level 1:colcon.colcon_core.package_identification:_identify(project_ws) by extension 'colcon_pkg'
[0.165s] Level 1:colcon.colcon_core.package_identification:_identify(project_ws) by extensions ['colcon_meta']
[0.165s] Level 1:colcon.colcon_core.package_identification:_identify(project_ws) by extension 'colcon_meta'
[0.165s] Level 1:colcon.colcon_core.package_identification:_identify(project_ws) by extensions ['ros']
[0.165s] Level 1:colcon.colcon_core.package_identification:_identify(project_ws) by extension 'ros'
[0.165s] Level 1:colcon.colcon_core.package_identification:_identify(project_ws) by extensions ['cmake', 'python']
[0.165s] Level 1:colcon.colcon_core.package_identification:_identify(project_ws) by extension 'cmake'
[0.165s] Level 1:colcon.colcon_core.package_identification:_identify(project_ws) by extension 'python'
[0.165s] Level 1:colcon.colcon_core.package_identification:_identify(project_ws) by extensions ['python_setup_py']
[0.165s] Level 1:colcon.colcon_core.package_identification:_identify(project_ws) by extension 'python_setup_py'
[0.165s] Level 1:colcon.colcon_core.package_identification:_identify(project_ws/src) by extensions ['ignore', 'ignore_ament_install']
[0.165s] Level 1:colcon.colcon_core.package_identification:_identify(project_ws/src) by extension 'ignore'
[0.165s] Level 1:colcon.colcon_core.package_identification:_identify(project_ws/src) by extension 'ignore_ament_install'
[0.165s] Level 1:colcon.colcon_core.package_identification:_identify(project_ws/src) by extensions ['colcon_pkg']
[0.165s] Level 1:colcon.colcon_core.package_identification:_identify(project_ws/src) by extension 'colcon_pkg'
[0.165s] Level 1:colcon.colcon_core.package_identification:_identify(project_ws/src) by extensions ['colcon_meta']
[0.165s] Level 1:colcon.colcon_core.package_identification:_identify(project_ws/src) by extension 'colcon_meta'
[0.165s] Level 1:colcon.colcon_core.package_identification:_identify(project_ws/src) by extensions ['ros']
[0.165s] Level 1:colcon.colcon_core.package_identification:_identify(project_ws/src) by extension 'ros'
[0.165s] Level 1:colcon.colcon_core.package_identification:_identify(project_ws/src) by extensions ['cmake', 'python']
[0.165s] Level 1:colcon.colcon_core.package_identification:_identify(project_ws/src) by extension 'cmake'
[0.165s] Level 1:colcon.colcon_core.package_identification:_identify(project_ws/src) by extension 'python'
[0.165s] Level 1:colcon.colcon_core.package_identification:_identify(project_ws/src) by extensions ['python_setup_py']
[0.165s] Level 1:colcon.colcon_core.package_identification:_identify(project_ws/src) by extension 'python_setup_py'
[0.165s] Level 1:colcon.colcon_core.package_identification:_identify(project_ws/src/ros_gz_example_application) by extensions ['ignore', 'ignore_ament_install']
[0.165s] Level 1:colcon.colcon_core.package_identification:_identify(project_ws/src/ros_gz_example_application) by extension 'ignore'
[0.165s] Level 1:colcon.colcon_core.package_identification:_identify(project_ws/src/ros_gz_example_application) by extension 'ignore_ament_install'
[0.165s] Level 1:colcon.colcon_core.package_identification:_identify(project_ws/src/ros_gz_example_application) by extensions ['colcon_pkg']
[0.165s] Level 1:colcon.colcon_core.package_identification:_identify(project_ws/src/ros_gz_example_application) by extension 'colcon_pkg'
[0.165s] Level 1:colcon.colcon_core.package_identification:_identify(project_ws/src/ros_gz_example_application) by extensions ['colcon_meta']
[0.165s] Level 1:colcon.colcon_core.package_identification:_identify(project_ws/src/ros_gz_example_application) by extension 'colcon_meta'
[0.165s] Level 1:colcon.colcon_core.package_identification:_identify(project_ws/src/ros_gz_example_application) by extensions ['ros']
[0.165s] Level 1:colcon.colcon_core.package_identification:_identify(project_ws/src/ros_gz_example_application) by extension 'ros'
[0.167s] DEBUG:colcon.colcon_core.package_identification:Package 'project_ws/src/ros_gz_example_application' with type 'ros.ament_cmake' and name 'ros_gz_example_application'
[0.167s] Level 1:colcon.colcon_core.package_identification:_identify(project_ws/src/ros_gz_example_bringup) by extensions ['ignore', 'ignore_ament_install']
[0.167s] Level 1:colcon.colcon_core.package_identification:_identify(project_ws/src/ros_gz_example_bringup) by extension 'ignore'
[0.167s] Level 1:colcon.colcon_core.package_identification:_identify(project_ws/src/ros_gz_example_bringup) by extension 'ignore_ament_install'
[0.167s] Level 1:colcon.colcon_core.package_identification:_identify(project_ws/src/ros_gz_example_bringup) by extensions ['colcon_pkg']
[0.167s] Level 1:colcon.colcon_core.package_identification:_identify(project_ws/src/ros_gz_example_bringup) by extension 'colcon_pkg'
[0.167s] Level 1:colcon.colcon_core.package_identification:_identify(project_ws/src/ros_gz_example_bringup) by extensions ['colcon_meta']
[0.167s] Level 1:colcon.colcon_core.package_identification:_identify(project_ws/src/ros_gz_example_bringup) by extension 'colcon_meta'
[0.167s] Level 1:colcon.colcon_core.package_identification:_identify(project_ws/src/ros_gz_example_bringup) by extensions ['ros']
[0.167s] Level 1:colcon.colcon_core.package_identification:_identify(project_ws/src/ros_gz_example_bringup) by extension 'ros'
[0.168s] DEBUG:colcon.colcon_core.package_identification:Package 'project_ws/src/ros_gz_example_bringup' with type 'ros.ament_cmake' and name 'ros_gz_example_bringup'
[0.168s] Level 1:colcon.colcon_core.package_identification:_identify(project_ws/src/ros_gz_example_description) by extensions ['ignore', 'ignore_ament_install']
[0.168s] Level 1:colcon.colcon_core.package_identification:_identify(project_ws/src/ros_gz_example_description) by extension 'ignore'
[0.168s] Level 1:colcon.colcon_core.package_identification:_identify(project_ws/src/ros_gz_example_description) by extension 'ignore_ament_install'
[0.168s] Level 1:colcon.colcon_core.package_identification:_identify(project_ws/src/ros_gz_example_description) by extensions ['colcon_pkg']
[0.168s] Level 1:colcon.colcon_core.package_identification:_identify(project_ws/src/ros_gz_example_description) by extension 'colcon_pkg'
[0.168s] Level 1:colcon.colcon_core.package_identification:_identify(project_ws/src/ros_gz_example_description) by extensions ['colcon_meta']
[0.168s] Level 1:colcon.colcon_core.package_identification:_identify(project_ws/src/ros_gz_example_description) by extension 'colcon_meta'
[0.168s] Level 1:colcon.colcon_core.package_identification:_identify(project_ws/src/ros_gz_example_description) by extensions ['ros']
[0.168s] Level 1:colcon.colcon_core.package_identification:_identify(project_ws/src/ros_gz_example_description) by extension 'ros'
[0.169s] DEBUG:colcon.colcon_core.package_identification:Package 'project_ws/src/ros_gz_example_description' with type 'ros.ament_cmake' and name 'ros_gz_example_description'
[0.169s] Level 1:colcon.colcon_core.package_identification:_identify(project_ws/src/ros_gz_example_gazebo) by extensions ['ignore', 'ignore_ament_install']
[0.169s] Level 1:colcon.colcon_core.package_identification:_identify(project_ws/src/ros_gz_example_gazebo) by extension 'ignore'
[0.169s] Level 1:colcon.colcon_core.package_identification:_identify(project_ws/src/ros_gz_example_gazebo) by extension 'ignore_ament_install'
[0.169s] Level 1:colcon.colcon_core.package_identification:_identify(project_ws/src/ros_gz_example_gazebo) by extensions ['colcon_pkg']
[0.169s] Level 1:colcon.colcon_core.package_identification:_identify(project_ws/src/ros_gz_example_gazebo) by extension 'colcon_pkg'
[0.169s] Level 1:colcon.colcon_core.package_identification:_identify(project_ws/src/ros_gz_example_gazebo) by extensions ['colcon_meta']
[0.169s] Level 1:colcon.colcon_core.package_identification:_identify(project_ws/src/ros_gz_example_gazebo) by extension 'colcon_meta'
[0.169s] Level 1:colcon.colcon_core.package_identification:_identify(project_ws/src/ros_gz_example_gazebo) by extensions ['ros']
[0.169s] Level 1:colcon.colcon_core.package_identification:_identify(project_ws/src/ros_gz_example_gazebo) by extension 'ros'
[0.169s] DEBUG:colcon.colcon_core.package_identification:Package 'project_ws/src/ros_gz_example_gazebo' with type 'ros.ament_cmake' and name 'ros_gz_example_gazebo'
[0.169s] Level 1:colcon.colcon_core.package_discovery:discover_packages(recursive) using defaults
[0.169s] Level 1:colcon.colcon_core.package_discovery:discover_packages(ignore) discover
[0.169s] Level 1:colcon.colcon_core.package_discovery:discover_packages(ignore) using defaults
[0.169s] Level 1:colcon.colcon_core.package_discovery:discover_packages(path) discover
[0.169s] Level 1:colcon.colcon_core.package_discovery:discover_packages(path) using defaults
[0.182s] Level 1:colcon.colcon_core.package_discovery:discover_packages(prefix_path) check parameters
[0.182s] Level 1:colcon.colcon_core.package_discovery:discover_packages(prefix_path) discover
[0.183s] DEBUG:colcon.colcon_installed_package_information.package_discovery:Found 277 installed packages in /opt/ros/humble
[0.184s] Level 1:colcon.colcon_core.package_discovery:discover_packages(prefix_path) using defaults
[0.212s] Level 5:colcon.colcon_core.verb:set package 'ros_gz_example_application' build argument 'cmake_args' from command line to '['-DBUILD_TESTING=ON']'
[0.212s] Level 5:colcon.colcon_core.verb:set package 'ros_gz_example_application' build argument 'cmake_target' from command line to 'None'
[0.212s] Level 5:colcon.colcon_core.verb:set package 'ros_gz_example_application' build argument 'cmake_target_skip_unavailable' from command line to 'False'
[0.212s] Level 5:colcon.colcon_core.verb:set package 'ros_gz_example_application' build argument 'cmake_clean_cache' from command line to 'False'
[0.212s] Level 5:colcon.colcon_core.verb:set package 'ros_gz_example_application' build argument 'cmake_clean_first' from command line to 'False'
[0.212s] Level 5:colcon.colcon_core.verb:set package 'ros_gz_example_application' build argument 'cmake_force_configure' from command line to 'False'
[0.213s] Level 5:colcon.colcon_core.verb:set package 'ros_gz_example_application' build argument 'ament_cmake_args' from command line to 'None'
[0.213s] Level 5:colcon.colcon_core.verb:set package 'ros_gz_example_application' build argument 'catkin_cmake_args' from command line to 'None'
[0.213s] Level 5:colcon.colcon_core.verb:set package 'ros_gz_example_application' build argument 'catkin_skip_building_tests' from command line to 'False'
[0.213s] DEBUG:colcon.colcon_core.verb:Building package 'ros_gz_example_application' with the following arguments: {'ament_cmake_args': None, 'build_base': '/home/zak/INF3995-Templates/build/ros_gz_example_application', 'catkin_cmake_args': None, 'catkin_skip_building_tests': False, 'cmake_args': ['-DBUILD_TESTING=ON'], 'cmake_clean_cache': False, 'cmake_clean_first': False, 'cmake_force_configure': False, 'cmake_target': None, 'cmake_target_skip_unavailable': False, 'install_base': '/home/zak/INF3995-Templates/install/ros_gz_example_application', 'merge_install': False, 'path': '/home/zak/INF3995-Templates/project_ws/src/ros_gz_example_application', 'symlink_install': False, 'test_result_base': None}
[0.213s] Level 5:colcon.colcon_core.verb:set package 'ros_gz_example_description' build argument 'cmake_args' from command line to '['-DBUILD_TESTING=ON']'
[0.213s] Level 5:colcon.colcon_core.verb:set package 'ros_gz_example_description' build argument 'cmake_target' from command line to 'None'
[0.213s] Level 5:colcon.colcon_core.verb:set package 'ros_gz_example_description' build argument 'cmake_target_skip_unavailable' from command line to 'False'
[0.213s] Level 5:colcon.colcon_core.verb:set package 'ros_gz_example_description' build argument 'cmake_clean_cache' from command line to 'False'
[0.213s] Level 5:colcon.colcon_core.verb:set package 'ros_gz_example_description' build argument 'cmake_clean_first' from command line to 'False'
[0.213s] Level 5:colcon.colcon_core.verb:set package 'ros_gz_example_description' build argument 'cmake_force_configure' from command line to 'False'
[0.213s] Level 5:colcon.colcon_core.verb:set package 'ros_gz_example_description' build argument 'ament_cmake_args' from command line to 'None'
[0.213s] Level 5:colcon.colcon_core.verb:set package 'ros_gz_example_description' build argument 'catkin_cmake_args' from command line to 'None'
[0.213s] Level 5:colcon.colcon_core.verb:set package 'ros_gz_example_description' build argument 'catkin_skip_building_tests' from command line to 'False'
[0.213s] DEBUG:colcon.colcon_core.verb:Building package 'ros_gz_example_description' with the following arguments: {'ament_cmake_args': None, 'build_base': '/home/zak/INF3995-Templates/build/ros_gz_example_description', 'catkin_cmake_args': None, 'catkin_skip_building_tests': False, 'cmake_args': ['-DBUILD_TESTING=ON'], 'cmake_clean_cache': False, 'cmake_clean_first': False, 'cmake_force_configure': False, 'cmake_target': None, 'cmake_target_skip_unavailable': False, 'install_base': '/home/zak/INF3995-Templates/install/ros_gz_example_description', 'merge_install': False, 'path': '/home/zak/INF3995-Templates/project_ws/src/ros_gz_example_description', 'symlink_install': False, 'test_result_base': None}
[0.213s] Level 5:colcon.colcon_core.verb:set package 'ros_gz_example_gazebo' build argument 'cmake_args' from command line to '['-DBUILD_TESTING=ON']'
[0.213s] Level 5:colcon.colcon_core.verb:set package 'ros_gz_example_gazebo' build argument 'cmake_target' from command line to 'None'
[0.213s] Level 5:colcon.colcon_core.verb:set package 'ros_gz_example_gazebo' build argument 'cmake_target_skip_unavailable' from command line to 'False'
[0.213s] Level 5:colcon.colcon_core.verb:set package 'ros_gz_example_gazebo' build argument 'cmake_clean_cache' from command line to 'False'
[0.213s] Level 5:colcon.colcon_core.verb:set package 'ros_gz_example_gazebo' build argument 'cmake_clean_first' from command line to 'False'
[0.213s] Level 5:colcon.colcon_core.verb:set package 'ros_gz_example_gazebo' build argument 'cmake_force_configure' from command line to 'False'
[0.213s] Level 5:colcon.colcon_core.verb:set package 'ros_gz_example_gazebo' build argument 'ament_cmake_args' from command line to 'None'
[0.213s] Level 5:colcon.colcon_core.verb:set package 'ros_gz_example_gazebo' build argument 'catkin_cmake_args' from command line to 'None'
[0.213s] Level 5:colcon.colcon_core.verb:set package 'ros_gz_example_gazebo' build argument 'catkin_skip_building_tests' from command line to 'False'
[0.213s] DEBUG:colcon.colcon_core.verb:Building package 'ros_gz_example_gazebo' with the following arguments: {'ament_cmake_args': None, 'build_base': '/home/zak/INF3995-Templates/build/ros_gz_example_gazebo', 'catkin_cmake_args': None, 'catkin_skip_building_tests': False, 'cmake_args': ['-DBUILD_TESTING=ON'], 'cmake_clean_cache': False, 'cmake_clean_first': False, 'cmake_force_configure': False, 'cmake_target': None, 'cmake_target_skip_unavailable': False, 'install_base': '/home/zak/INF3995-Templates/install/ros_gz_example_gazebo', 'merge_install': False, 'path': '/home/zak/INF3995-Templates/project_ws/src/ros_gz_example_gazebo', 'symlink_install': False, 'test_result_base': None}
[0.213s] Level 5:colcon.colcon_core.verb:set package 'ros_gz_example_bringup' build argument 'cmake_args' from command line to '['-DBUILD_TESTING=ON']'
[0.213s] Level 5:colcon.colcon_core.verb:set package 'ros_gz_example_bringup' build argument 'cmake_target' from command line to 'None'
[0.213s] Level 5:colcon.colcon_core.verb:set package 'ros_gz_example_bringup' build argument 'cmake_target_skip_unavailable' from command line to 'False'
[0.213s] Level 5:colcon.colcon_core.verb:set package 'ros_gz_example_bringup' build argument 'cmake_clean_cache' from command line to 'False'
[0.214s] Level 5:colcon.colcon_core.verb:set package 'ros_gz_example_bringup' build argument 'cmake_clean_first' from command line to 'False'
[0.214s] Level 5:colcon.colcon_core.verb:set package 'ros_gz_example_bringup' build argument 'cmake_force_configure' from command line to 'False'
[0.214s] Level 5:colcon.colcon_core.verb:set package 'ros_gz_example_bringup' build argument 'ament_cmake_args' from command line to 'None'
[0.214s] Level 5:colcon.colcon_core.verb:set package 'ros_gz_example_bringup' build argument 'catkin_cmake_args' from command line to 'None'
[0.214s] Level 5:colcon.colcon_core.verb:set package 'ros_gz_example_bringup' build argument 'catkin_skip_building_tests' from command line to 'False'
[0.214s] DEBUG:colcon.colcon_core.verb:Building package 'ros_gz_example_bringup' with the following arguments: {'ament_cmake_args': None, 'build_base': '/home/zak/INF3995-Templates/build/ros_gz_example_bringup', 'catkin_cmake_args': None, 'catkin_skip_building_tests': False, 'cmake_args': ['-DBUILD_TESTING=ON'], 'cmake_clean_cache': False, 'cmake_clean_first': False, 'cmake_force_configure': False, 'cmake_target': None, 'cmake_target_skip_unavailable': False, 'install_base': '/home/zak/INF3995-Templates/install/ros_gz_example_bringup', 'merge_install': False, 'path': '/home/zak/INF3995-Templates/project_ws/src/ros_gz_example_bringup', 'symlink_install': False, 'test_result_base': None}
[0.214s] INFO:colcon.colcon_core.executor:Executing jobs using 'parallel' executor
[0.214s] DEBUG:colcon.colcon_parallel_executor.executor.parallel:run_until_complete
[0.215s] INFO:colcon.colcon_ros.task.ament_cmake.build:Building ROS package in '/home/zak/INF3995-Templates/project_ws/src/ros_gz_example_description' with build type 'ament_cmake'
[0.215s] INFO:colcon.colcon_cmake.task.cmake.build:Building CMake package in '/home/zak/INF3995-Templates/project_ws/src/ros_gz_example_description'
[0.216s] INFO:colcon.colcon_core.plugin_system:Skipping extension 'colcon_core.shell.bat': Not used on non-Windows systems
[0.216s] INFO:colcon.colcon_core.shell:Skip shell extension 'powershell' for command environment: Not usable outside of PowerShell
[0.216s] DEBUG:colcon.colcon_core.shell:Skip shell extension 'dsv' for command environment
[0.218s] INFO:colcon.colcon_ros.task.ament_cmake.build:Building ROS package in '/home/zak/INF3995-Templates/project_ws/src/ros_gz_example_application' with build type 'ament_cmake'
[0.218s] INFO:colcon.colcon_cmake.task.cmake.build:Building CMake package in '/home/zak/INF3995-Templates/project_ws/src/ros_gz_example_application'
[0.218s] INFO:colcon.colcon_core.shell:Skip shell extension 'powershell' for command environment: Not usable outside of PowerShell
[0.218s] DEBUG:colcon.colcon_core.shell:Skip shell extension 'dsv' for command environment
[0.223s] DEBUG:colcon.colcon_core.event_handler.log_command:Invoking command in '/home/zak/INF3995-Templates/build/ros_gz_example_description': CMAKE_PREFIX_PATH=/opt/ros/humble /usr/bin/cmake --build /home/zak/INF3995-Templates/build/ros_gz_example_description -- -j12 -l12
[0.225s] DEBUG:colcon.colcon_core.event_handler.log_command:Invoking command in '/home/zak/INF3995-Templates/build/ros_gz_example_application': CMAKE_PREFIX_PATH=/opt/ros/humble /usr/bin/cmake --build /home/zak/INF3995-Templates/build/ros_gz_example_application -- -j12 -l12
[0.254s] DEBUG:colcon.colcon_core.event_handler.log_command:Invoked command in '/home/zak/INF3995-Templates/build/ros_gz_example_application' returned '0': CMAKE_PREFIX_PATH=/opt/ros/humble /usr/bin/cmake --build /home/zak/INF3995-Templates/build/ros_gz_example_application -- -j12 -l12
[0.254s] DEBUG:colcon.colcon_core.event_handler.log_command:Invoked command in '/home/zak/INF3995-Templates/build/ros_gz_example_description' returned '0': CMAKE_PREFIX_PATH=/opt/ros/humble /usr/bin/cmake --build /home/zak/INF3995-Templates/build/ros_gz_example_description -- -j12 -l12
[0.279s] DEBUG:colcon.colcon_core.event_handler.log_command:Invoking command in '/home/zak/INF3995-Templates/build/ros_gz_example_description': CMAKE_PREFIX_PATH=/opt/ros/humble /usr/bin/cmake --install /home/zak/INF3995-Templates/build/ros_gz_example_description
[0.280s] DEBUG:colcon.colcon_core.event_handler.log_command:Invoking command in '/home/zak/INF3995-Templates/build/ros_gz_example_application': CMAKE_PREFIX_PATH=/opt/ros/humble /usr/bin/cmake --install /home/zak/INF3995-Templates/build/ros_gz_example_application
[0.286s] Level 1:colcon.colcon_core.environment:create_environment_scripts_only(ros_gz_example_description)
[0.287s] DEBUG:colcon.colcon_core.event_handler.log_command:Invoked command in '/home/zak/INF3995-Templates/build/ros_gz_example_description' returned '0': CMAKE_PREFIX_PATH=/opt/ros/humble /usr/bin/cmake --install /home/zak/INF3995-Templates/build/ros_gz_example_description
[0.291s] Level 1:colcon.colcon_core.environment:checking '/home/zak/INF3995-Templates/install/ros_gz_example_description' for CMake module files
[0.292s] Level 1:colcon.colcon_core.environment:checking '/home/zak/INF3995-Templates/install/ros_gz_example_description' for CMake config files
[0.292s] Level 1:colcon.colcon_core.shell:create_environment_hook('ros_gz_example_description', 'cmake_prefix_path')
[0.292s] INFO:colcon.colcon_core.shell:Creating environment hook '/home/zak/INF3995-Templates/install/ros_gz_example_description/share/ros_gz_example_description/hook/cmake_prefix_path.ps1'
[0.293s] INFO:colcon.colcon_core.shell:Creating environment descriptor '/home/zak/INF3995-Templates/install/ros_gz_example_description/share/ros_gz_example_description/hook/cmake_prefix_path.dsv'
[0.293s] INFO:colcon.colcon_core.shell:Creating environment hook '/home/zak/INF3995-Templates/install/ros_gz_example_description/share/ros_gz_example_description/hook/cmake_prefix_path.sh'
[0.294s] Level 1:colcon.colcon_core.environment:checking '/home/zak/INF3995-Templates/install/ros_gz_example_description/bin'
[0.294s] Level 1:colcon.colcon_core.environment:checking '/home/zak/INF3995-Templates/install/ros_gz_example_description/lib/pkgconfig/ros_gz_example_description.pc'
[0.294s] Level 1:colcon.colcon_core.environment:checking '/home/zak/INF3995-Templates/install/ros_gz_example_description/lib/python3.10/site-packages'
[0.294s] Level 1:colcon.colcon_core.environment:checking '/home/zak/INF3995-Templates/install/ros_gz_example_description/bin'
[0.295s] INFO:colcon.colcon_core.shell:Creating package script '/home/zak/INF3995-Templates/install/ros_gz_example_description/share/ros_gz_example_description/package.ps1'
[0.295s] INFO:colcon.colcon_core.shell:Creating package descriptor '/home/zak/INF3995-Templates/install/ros_gz_example_description/share/ros_gz_example_description/package.dsv'
[0.296s] INFO:colcon.colcon_core.shell:Creating package script '/home/zak/INF3995-Templates/install/ros_gz_example_description/share/ros_gz_example_description/package.sh'
[0.297s] INFO:colcon.colcon_core.shell:Creating package script '/home/zak/INF3995-Templates/install/ros_gz_example_description/share/ros_gz_example_description/package.bash'
[0.297s] INFO:colcon.colcon_core.shell:Creating package script '/home/zak/INF3995-Templates/install/ros_gz_example_description/share/ros_gz_example_description/package.zsh'
[0.298s] Level 1:colcon.colcon_core.environment:create_file_with_runtime_dependencies(/home/zak/INF3995-Templates/install/ros_gz_example_description/share/colcon-core/packages/ros_gz_example_description)
[0.299s] Level 1:colcon.colcon_core.environment:create_environment_scripts_only(ros_gz_example_application)
[0.299s] Level 1:colcon.colcon_core.environment:checking '/home/zak/INF3995-Templates/install/ros_gz_example_application' for CMake module files
[0.299s] DEBUG:colcon.colcon_core.event_handler.log_command:Invoked command in '/home/zak/INF3995-Templates/build/ros_gz_example_application' returned '0': CMAKE_PREFIX_PATH=/opt/ros/humble /usr/bin/cmake --install /home/zak/INF3995-Templates/build/ros_gz_example_application
[0.300s] Level 1:colcon.colcon_core.environment:checking '/home/zak/INF3995-Templates/install/ros_gz_example_application' for CMake config files
[0.300s] Level 1:colcon.colcon_core.shell:create_environment_hook('ros_gz_example_application', 'cmake_prefix_path')
[0.300s] INFO:colcon.colcon_core.shell:Creating environment hook '/home/zak/INF3995-Templates/install/ros_gz_example_application/share/ros_gz_example_application/hook/cmake_prefix_path.ps1'
[0.300s] INFO:colcon.colcon_core.shell:Creating environment descriptor '/home/zak/INF3995-Templates/install/ros_gz_example_application/share/ros_gz_example_application/hook/cmake_prefix_path.dsv'
[0.300s] INFO:colcon.colcon_core.shell:Creating environment hook '/home/zak/INF3995-Templates/install/ros_gz_example_application/share/ros_gz_example_application/hook/cmake_prefix_path.sh'
[0.301s] Level 1:colcon.colcon_core.environment:checking '/home/zak/INF3995-Templates/install/ros_gz_example_application/bin'
[0.301s] Level 1:colcon.colcon_core.environment:checking '/home/zak/INF3995-Templates/install/ros_gz_example_application/lib/pkgconfig/ros_gz_example_application.pc'
[0.301s] Level 1:colcon.colcon_core.environment:checking '/home/zak/INF3995-Templates/install/ros_gz_example_application/lib/python3.10/site-packages'
[0.301s] Level 1:colcon.colcon_core.environment:checking '/home/zak/INF3995-Templates/install/ros_gz_example_application/bin'
[0.301s] INFO:colcon.colcon_core.shell:Creating package script '/home/zak/INF3995-Templates/install/ros_gz_example_application/share/ros_gz_example_application/package.ps1'
[0.301s] INFO:colcon.colcon_core.shell:Creating package descriptor '/home/zak/INF3995-Templates/install/ros_gz_example_application/share/ros_gz_example_application/package.dsv'
[0.302s] INFO:colcon.colcon_core.shell:Creating package script '/home/zak/INF3995-Templates/install/ros_gz_example_application/share/ros_gz_example_application/package.sh'
[0.302s] INFO:colcon.colcon_core.shell:Creating package script '/home/zak/INF3995-Templates/install/ros_gz_example_application/share/ros_gz_example_application/package.bash'
[0.302s] INFO:colcon.colcon_core.shell:Creating package script '/home/zak/INF3995-Templates/install/ros_gz_example_application/share/ros_gz_example_application/package.zsh'
[0.302s] Level 1:colcon.colcon_core.environment:create_file_with_runtime_dependencies(/home/zak/INF3995-Templates/install/ros_gz_example_application/share/colcon-core/packages/ros_gz_example_application)
[0.317s] Level 1:colcon.colcon_core.environment:create_environment_scripts_only(ros_gz_example_description)
[0.318s] Level 1:colcon.colcon_core.environment:checking '/home/zak/INF3995-Templates/install/ros_gz_example_description' for CMake module files
[0.318s] Level 1:colcon.colcon_core.environment:checking '/home/zak/INF3995-Templates/install/ros_gz_example_description' for CMake config files
[0.319s] Level 1:colcon.colcon_core.shell:create_environment_hook('ros_gz_example_description', 'cmake_prefix_path')
[0.319s] INFO:colcon.colcon_core.shell:Creating environment hook '/home/zak/INF3995-Templates/install/ros_gz_example_description/share/ros_gz_example_description/hook/cmake_prefix_path.ps1'
[0.319s] INFO:colcon.colcon_core.shell:Creating environment descriptor '/home/zak/INF3995-Templates/install/ros_gz_example_description/share/ros_gz_example_description/hook/cmake_prefix_path.dsv'
[0.320s] INFO:colcon.colcon_core.shell:Creating environment hook '/home/zak/INF3995-Templates/install/ros_gz_example_description/share/ros_gz_example_description/hook/cmake_prefix_path.sh'
[0.320s] Level 1:colcon.colcon_core.environment:checking '/home/zak/INF3995-Templates/install/ros_gz_example_description/bin'
[0.320s] Level 1:colcon.colcon_core.environment:checking '/home/zak/INF3995-Templates/install/ros_gz_example_description/lib/pkgconfig/ros_gz_example_description.pc'
[0.320s] Level 1:colcon.colcon_core.environment:checking '/home/zak/INF3995-Templates/install/ros_gz_example_description/lib/python3.10/site-packages'
[0.321s] Level 1:colcon.colcon_core.environment:checking '/home/zak/INF3995-Templates/install/ros_gz_example_description/bin'
[0.321s] INFO:colcon.colcon_core.shell:Creating package script '/home/zak/INF3995-Templates/install/ros_gz_example_description/share/ros_gz_example_description/package.ps1'
[0.321s] INFO:colcon.colcon_core.shell:Creating package descriptor '/home/zak/INF3995-Templates/install/ros_gz_example_description/share/ros_gz_example_description/package.dsv'
[0.322s] INFO:colcon.colcon_core.shell:Creating package script '/home/zak/INF3995-Templates/install/ros_gz_example_description/share/ros_gz_example_description/package.sh'
[0.322s] INFO:colcon.colcon_core.shell:Creating package script '/home/zak/INF3995-Templates/install/ros_gz_example_description/share/ros_gz_example_description/package.bash'
[0.323s] INFO:colcon.colcon_core.shell:Creating package script '/home/zak/INF3995-Templates/install/ros_gz_example_description/share/ros_gz_example_description/package.zsh'
[0.323s] Level 1:colcon.colcon_core.environment:create_file_with_runtime_dependencies(/home/zak/INF3995-Templates/install/ros_gz_example_description/share/colcon-core/packages/ros_gz_example_description)
[0.323s] INFO:colcon.colcon_ros.task.ament_cmake.build:Building ROS package in '/home/zak/INF3995-Templates/project_ws/src/ros_gz_example_gazebo' with build type 'ament_cmake'
[0.323s] INFO:colcon.colcon_cmake.task.cmake.build:Building CMake package in '/home/zak/INF3995-Templates/project_ws/src/ros_gz_example_gazebo'
[0.324s] INFO:colcon.colcon_core.shell:Skip shell extension 'powershell' for command environment: Not usable outside of PowerShell
[0.324s] DEBUG:colcon.colcon_core.shell:Skip shell extension 'dsv' for command environment
[0.326s] Level 1:colcon.colcon_core.environment:create_environment_scripts_only(ros_gz_example_application)
[0.326s] Level 1:colcon.colcon_core.environment:checking '/home/zak/INF3995-Templates/install/ros_gz_example_application' for CMake module files
[0.327s] Level 1:colcon.colcon_core.environment:checking '/home/zak/INF3995-Templates/install/ros_gz_example_application' for CMake config files
[0.327s] Level 1:colcon.colcon_core.shell:create_environment_hook('ros_gz_example_application', 'cmake_prefix_path')
[0.327s] INFO:colcon.colcon_core.shell:Creating environment hook '/home/zak/INF3995-Templates/install/ros_gz_example_application/share/ros_gz_example_application/hook/cmake_prefix_path.ps1'
[0.327s] INFO:colcon.colcon_core.shell:Creating environment descriptor '/home/zak/INF3995-Templates/install/ros_gz_example_application/share/ros_gz_example_application/hook/cmake_prefix_path.dsv'
[0.327s] INFO:colcon.colcon_core.shell:Creating environment hook '/home/zak/INF3995-Templates/install/ros_gz_example_application/share/ros_gz_example_application/hook/cmake_prefix_path.sh'
[0.328s] Level 1:colcon.colcon_core.environment:checking '/home/zak/INF3995-Templates/install/ros_gz_example_application/bin'
[0.328s] Level 1:colcon.colcon_core.environment:checking '/home/zak/INF3995-Templates/install/ros_gz_example_application/lib/pkgconfig/ros_gz_example_application.pc'
[0.328s] Level 1:colcon.colcon_core.environment:checking '/home/zak/INF3995-Templates/install/ros_gz_example_application/lib/python3.10/site-packages'
[0.328s] Level 1:colcon.colcon_core.environment:checking '/home/zak/INF3995-Templates/install/ros_gz_example_application/bin'
[0.328s] INFO:colcon.colcon_core.shell:Creating package script '/home/zak/INF3995-Templates/install/ros_gz_example_application/share/ros_gz_example_application/package.ps1'
[0.328s] INFO:colcon.colcon_core.shell:Creating package descriptor '/home/zak/INF3995-Templates/install/ros_gz_example_application/share/ros_gz_example_application/package.dsv'
[0.329s] INFO:colcon.colcon_core.shell:Creating package script '/home/zak/INF3995-Templates/install/ros_gz_example_application/share/ros_gz_example_application/package.sh'
[0.329s] INFO:colcon.colcon_core.shell:Creating package script '/home/zak/INF3995-Templates/install/ros_gz_example_application/share/ros_gz_example_application/package.bash'
[0.329s] INFO:colcon.colcon_core.shell:Creating package script '/home/zak/INF3995-Templates/install/ros_gz_example_application/share/ros_gz_example_application/package.zsh'
[0.329s] Level 1:colcon.colcon_core.environment:create_file_with_runtime_dependencies(/home/zak/INF3995-Templates/install/ros_gz_example_application/share/colcon-core/packages/ros_gz_example_application)
[0.332s] DEBUG:colcon.colcon_core.event_handler.log_command:Invoking command in '/home/zak/INF3995-Templates/build/ros_gz_example_gazebo': AMENT_PREFIX_PATH=/home/zak/INF3995-Templates/install/ros_gz_example_description:${AMENT_PREFIX_PATH} CMAKE_PREFIX_PATH=/home/zak/INF3995-Templates/install/ros_gz_example_description:/opt/ros/humble IGN_GAZEBO_RESOURCE_PATH=/home/zak/INF3995-Templates/install/ros_gz_example_description/share/ros_gz_example_description/models /usr/bin/cmake /home/zak/INF3995-Templates/project_ws/src/ros_gz_example_gazebo -DBUILD_TESTING=ON -DCMAKE_INSTALL_PREFIX=/home/zak/INF3995-Templates/install/ros_gz_example_gazebo
[0.520s] DEBUG:colcon.colcon_core.event_handler.log_command:Invoked command in '/home/zak/INF3995-Templates/build/ros_gz_example_gazebo' returned '1': AMENT_PREFIX_PATH=/home/zak/INF3995-Templates/install/ros_gz_example_description:${AMENT_PREFIX_PATH} CMAKE_PREFIX_PATH=/home/zak/INF3995-Templates/install/ros_gz_example_description:/opt/ros/humble IGN_GAZEBO_RESOURCE_PATH=/home/zak/INF3995-Templates/install/ros_gz_example_description/share/ros_gz_example_description/models /usr/bin/cmake /home/zak/INF3995-Templates/project_ws/src/ros_gz_example_gazebo -DBUILD_TESTING=ON -DCMAKE_INSTALL_PREFIX=/home/zak/INF3995-Templates/install/ros_gz_example_gazebo
[0.532s] Level 1:colcon.colcon_core.environment:create_environment_scripts_only(ros_gz_example_gazebo)
[0.532s] Level 1:colcon.colcon_core.environment:checking '/home/zak/INF3995-Templates/install/ros_gz_example_gazebo' for CMake module files
[0.533s] Level 1:colcon.colcon_core.environment:checking '/home/zak/INF3995-Templates/install/ros_gz_example_gazebo' for CMake config files
[0.533s] Level 1:colcon.colcon_core.environment:checking '/home/zak/INF3995-Templates/install/ros_gz_example_gazebo/bin'
[0.534s] Level 1:colcon.colcon_core.environment:checking '/home/zak/INF3995-Templates/install/ros_gz_example_gazebo/lib/pkgconfig/ros_gz_example_gazebo.pc'
[0.534s] Level 1:colcon.colcon_core.environment:checking '/home/zak/INF3995-Templates/install/ros_gz_example_gazebo/lib/python3.10/site-packages'
[0.534s] Level 1:colcon.colcon_core.environment:checking '/home/zak/INF3995-Templates/install/ros_gz_example_gazebo/bin'
[0.534s] INFO:colcon.colcon_core.shell:Creating package script '/home/zak/INF3995-Templates/install/ros_gz_example_gazebo/share/ros_gz_example_gazebo/package.ps1'
[0.535s] INFO:colcon.colcon_core.shell:Creating package descriptor '/home/zak/INF3995-Templates/install/ros_gz_example_gazebo/share/ros_gz_example_gazebo/package.dsv'
[0.535s] INFO:colcon.colcon_core.shell:Creating package script '/home/zak/INF3995-Templates/install/ros_gz_example_gazebo/share/ros_gz_example_gazebo/package.sh'
[0.535s] INFO:colcon.colcon_core.shell:Creating package script '/home/zak/INF3995-Templates/install/ros_gz_example_gazebo/share/ros_gz_example_gazebo/package.bash'
[0.536s] INFO:colcon.colcon_core.shell:Creating package script '/home/zak/INF3995-Templates/install/ros_gz_example_gazebo/share/ros_gz_example_gazebo/package.zsh'
[0.536s] Level 1:colcon.colcon_core.environment:create_file_with_runtime_dependencies(/home/zak/INF3995-Templates/install/ros_gz_example_gazebo/share/colcon-core/packages/ros_gz_example_gazebo)
[0.546s] DEBUG:colcon.colcon_parallel_executor.executor.parallel:closing loop
[0.547s] DEBUG:colcon.colcon_parallel_executor.executor.parallel:loop closed
[0.547s] DEBUG:colcon.colcon_parallel_executor.executor.parallel:run_until_complete finished with '1'
[0.547s] DEBUG:colcon.colcon_core.event_reactor:joining thread
[0.553s] INFO:colcon.colcon_core.plugin_system:Skipping extension 'colcon_notification.desktop_notification.terminal_notifier': Not used on non-Darwin systems
[0.553s] INFO:colcon.colcon_core.plugin_system:Skipping extension 'colcon_notification.desktop_notification.win32': Not used on non-Windows systems
[0.553s] INFO:colcon.colcon_notification.desktop_notification:Sending desktop notification using 'notify2'
[0.566s] DEBUG:colcon.colcon_core.event_reactor:joined thread
[0.566s] INFO:colcon.colcon_core.shell:Creating prefix script '/home/zak/INF3995-Templates/install/local_setup.ps1'
[0.567s] INFO:colcon.colcon_core.shell:Creating prefix util module '/home/zak/INF3995-Templates/install/_local_setup_util_ps1.py'
[0.569s] INFO:colcon.colcon_core.shell:Creating prefix chain script '/home/zak/INF3995-Templates/install/setup.ps1'
[0.570s] INFO:colcon.colcon_core.shell:Creating prefix script '/home/zak/INF3995-Templates/install/local_setup.sh'
[0.570s] INFO:colcon.colcon_core.shell:Creating prefix util module '/home/zak/INF3995-Templates/install/_local_setup_util_sh.py'
[0.571s] INFO:colcon.colcon_core.shell:Creating prefix chain script '/home/zak/INF3995-Templates/install/setup.sh'
[0.571s] INFO:colcon.colcon_core.shell:Creating prefix script '/home/zak/INF3995-Templates/install/local_setup.bash'
[0.572s] INFO:colcon.colcon_core.shell:Creating prefix chain script '/home/zak/INF3995-Templates/install/setup.bash'
[0.573s] INFO:colcon.colcon_core.shell:Creating prefix script '/home/zak/INF3995-Templates/install/local_setup.zsh'
[0.573s] INFO:colcon.colcon_core.shell:Creating prefix chain script '/home/zak/INF3995-Templates/install/setup.zsh'
