[0.007s] Invoking command in '/home/zak/INF3995-Templates/build/ros_gz_example_application': CMAKE_PREFIX_PATH=${CMAKE_PREFIX_PATH}:/opt/ros/humble /usr/bin/cmake /home/zak/INF3995-Templates/project_ws/src/ros_gz_example_application -DBUILD_TESTING=ON -DAMENT_CMAKE_SYMLINK_INSTALL=1 -DCMAKE_INSTALL_PREFIX=/home/zak/INF3995-Templates/install/ros_gz_example_application
[0.016s] -- Found ament_cmake: 1.3.10 (/opt/ros/humble/share/ament_cmake/cmake)
[0.095s] -- Override CMake install command with custom implementation using symlinks instead of copying resources
[0.146s] -- Configuring done
[0.148s] -- Generating done
[0.148s] -- Build files have been written to: /home/zak/INF3995-Templates/build/ros_gz_example_application
[0.150s] Invoked command in '/home/zak/INF3995-Templates/build/ros_gz_example_application' returned '0': CMAKE_PREFIX_PATH=${CMAKE_PREFIX_PATH}:/opt/ros/humble /usr/bin/cmake /home/zak/INF3995-Templates/project_ws/src/ros_gz_example_application -DBUILD_TESTING=ON -DAMENT_CMAKE_SYMLINK_INSTALL=1 -DCMAKE_INSTALL_PREFIX=/home/zak/INF3995-Templates/install/ros_gz_example_application
[0.152s] Invoking command in '/home/zak/INF3995-Templates/build/ros_gz_example_application': CMAKE_PREFIX_PATH=${CMAKE_PREFIX_PATH}:/opt/ros/humble /usr/bin/cmake --build /home/zak/INF3995-Templates/build/ros_gz_example_application -- -j12 -l12
[0.181s] Invoked command in '/home/zak/INF3995-Templates/build/ros_gz_example_application' returned '0': CMAKE_PREFIX_PATH=${CMAKE_PREFIX_PATH}:/opt/ros/humble /usr/bin/cmake --build /home/zak/INF3995-Templates/build/ros_gz_example_application -- -j12 -l12
[0.211s] Invoking command in '/home/zak/INF3995-Templates/build/ros_gz_example_application': CMAKE_PREFIX_PATH=${CMAKE_PREFIX_PATH}:/opt/ros/humble /usr/bin/cmake --install /home/zak/INF3995-Templates/build/ros_gz_example_application
[0.220s] -- Install configuration: ""
[0.220s] -- Execute custom install script
[0.220s] -- Symlinking: /home/zak/INF3995-Templates/install/ros_gz_example_application/share/ament_index/resource_index/package_run_dependencies/ros_gz_example_application
[0.228s] -- Symlinking: /home/zak/INF3995-Templates/install/ros_gz_example_application/share/ament_index/resource_index/parent_prefix_path/ros_gz_example_application
[0.234s] -- Symlinking: /home/zak/INF3995-Templates/install/ros_gz_example_application/share/ros_gz_example_application/environment/ament_prefix_path.sh
[0.239s] -- Symlinking: /home/zak/INF3995-Templates/install/ros_gz_example_application/share/ros_gz_example_application/environment/ament_prefix_path.dsv
[0.246s] -- Symlinking: /home/zak/INF3995-Templates/install/ros_gz_example_application/share/ros_gz_example_application/environment/path.sh
[0.252s] -- Symlinking: /home/zak/INF3995-Templates/install/ros_gz_example_application/share/ros_gz_example_application/environment/path.dsv
[0.258s] -- Symlinking: /home/zak/INF3995-Templates/install/ros_gz_example_application/share/ros_gz_example_application/local_setup.bash
[0.265s] -- Symlinking: /home/zak/INF3995-Templates/install/ros_gz_example_application/share/ros_gz_example_application/local_setup.sh
[0.271s] -- Symlinking: /home/zak/INF3995-Templates/install/ros_gz_example_application/share/ros_gz_example_application/local_setup.zsh
[0.278s] -- Symlinking: /home/zak/INF3995-Templates/install/ros_gz_example_application/share/ros_gz_example_application/local_setup.dsv
[0.283s] -- Symlinking: /home/zak/INF3995-Templates/install/ros_gz_example_application/share/ros_gz_example_application/package.dsv
[0.291s] -- Symlinking: /home/zak/INF3995-Templates/install/ros_gz_example_application/share/ament_index/resource_index/packages/ros_gz_example_application
[0.297s] -- Symlinking: /home/zak/INF3995-Templates/install/ros_gz_example_application/share/ros_gz_example_application/cmake/ros_gz_example_applicationConfig.cmake
[0.304s] -- Symlinking: /home/zak/INF3995-Templates/install/ros_gz_example_application/share/ros_gz_example_application/cmake/ros_gz_example_applicationConfig-version.cmake
[0.310s] -- Symlinking: /home/zak/INF3995-Templates/install/ros_gz_example_application/share/ros_gz_example_application/package.xml
[0.317s] Invoked command in '/home/zak/INF3995-Templates/build/ros_gz_example_application' returned '0': CMAKE_PREFIX_PATH=${CMAKE_PREFIX_PATH}:/opt/ros/humble /usr/bin/cmake --install /home/zak/INF3995-Templates/build/ros_gz_example_application
