[0.009s] Invoking command in '/home/zak/INF3995-Templates/build/ros_gz_example_description': CMAKE_PREFIX_PATH=${CMAKE_PREFIX_PATH}:/opt/ros/humble /usr/bin/cmake /home/zak/INF3995-Templates/project_ws/src/ros_gz_example_description -DCMAKE_INSTALL_PREFIX=/home/zak/INF3995-Templates/install/ros_gz_example_description
[0.018s] -- Found ament_cmake: 1.3.10 (/opt/ros/humble/share/ament_cmake/cmake)
[0.102s] -- Found ament_lint_auto: 0.12.11 (/opt/ros/humble/share/ament_lint_auto/cmake)
[0.147s] -- Configuring done
[0.149s] -- Generating done
[0.149s] -- Build files have been written to: /home/zak/INF3995-Templates/build/ros_gz_example_description
[0.151s] Invoked command in '/home/zak/INF3995-Templates/build/ros_gz_example_description' returned '0': CMAKE_PREFIX_PATH=${CMAKE_PREFIX_PATH}:/opt/ros/humble /usr/bin/cmake /home/zak/INF3995-Templates/project_ws/src/ros_gz_example_description -DCMAKE_INSTALL_PREFIX=/home/zak/INF3995-Templates/install/ros_gz_example_description
[0.153s] Invoking command in '/home/zak/INF3995-Templates/build/ros_gz_example_description': CMAKE_PREFIX_PATH=${CMAKE_PREFIX_PATH}:/opt/ros/humble /usr/bin/cmake --build /home/zak/INF3995-Templates/build/ros_gz_example_description -- -j12 -l12
[0.177s] Invoked command in '/home/zak/INF3995-Templates/build/ros_gz_example_description' returned '0': CMAKE_PREFIX_PATH=${CMAKE_PREFIX_PATH}:/opt/ros/humble /usr/bin/cmake --build /home/zak/INF3995-Templates/build/ros_gz_example_description -- -j12 -l12
[0.201s] Invoking command in '/home/zak/INF3995-Templates/build/ros_gz_example_description': CMAKE_PREFIX_PATH=${CMAKE_PREFIX_PATH}:/opt/ros/humble /usr/bin/cmake --install /home/zak/INF3995-Templates/build/ros_gz_example_description
[0.208s] -- Install configuration: ""
[0.208s] -- Up-to-date: /home/zak/INF3995-Templates/install/ros_gz_example_description/share/ros_gz_example_description/models
[0.208s] -- Up-to-date: /home/zak/INF3995-Templates/install/ros_gz_example_description/share/ros_gz_example_description/models/limo_ackerman
[0.208s] -- Up-to-date: /home/zak/INF3995-Templates/install/ros_gz_example_description/share/ros_gz_example_description/models/limo_ackerman/model.sdf
[0.208s] -- Up-to-date: /home/zak/INF3995-Templates/install/ros_gz_example_description/share/ros_gz_example_description/models/limo_ackerman/meshes
[0.208s] -- Up-to-date: /home/zak/INF3995-Templates/install/ros_gz_example_description/share/ros_gz_example_description/models/limo_ackerman/meshes/limo_base.dae
[0.208s] -- Up-to-date: /home/zak/INF3995-Templates/install/ros_gz_example_description/share/ros_gz_example_description/models/limo_ackerman/meshes/limo_base.stl
[0.208s] -- Up-to-date: /home/zak/INF3995-Templates/install/ros_gz_example_description/share/ros_gz_example_description/models/limo_ackerman/meshes/limo_wheel.dae
[0.208s] -- Up-to-date: /home/zak/INF3995-Templates/install/ros_gz_example_description/share/ros_gz_example_description/models/limo_ackerman/meshes/limo_wheel.stl
[0.208s] -- Up-to-date: /home/zak/INF3995-Templates/install/ros_gz_example_description/share/ros_gz_example_description/models/limo_ackerman/model.config
[0.208s] -- Up-to-date: /home/zak/INF3995-Templates/install/ros_gz_example_description/share/ros_gz_example_description/models/limo_diff_drive
[0.208s] -- Up-to-date: /home/zak/INF3995-Templates/install/ros_gz_example_description/share/ros_gz_example_description/models/limo_diff_drive/model.sdf
[0.208s] -- Up-to-date: /home/zak/INF3995-Templates/install/ros_gz_example_description/share/ros_gz_example_description/models/limo_diff_drive/meshes
[0.208s] -- Up-to-date: /home/zak/INF3995-Templates/install/ros_gz_example_description/share/ros_gz_example_description/models/limo_diff_drive/meshes/limo_base.dae
[0.208s] -- Up-to-date: /home/zak/INF3995-Templates/install/ros_gz_example_description/share/ros_gz_example_description/models/limo_diff_drive/meshes/limo_base.stl
[0.208s] -- Up-to-date: /home/zak/INF3995-Templates/install/ros_gz_example_description/share/ros_gz_example_description/models/limo_diff_drive/meshes/limo_wheel.dae
[0.208s] -- Up-to-date: /home/zak/INF3995-Templates/install/ros_gz_example_description/share/ros_gz_example_description/models/limo_diff_drive/meshes/limo_wheel.stl
[0.209s] -- Up-to-date: /home/zak/INF3995-Templates/install/ros_gz_example_description/share/ros_gz_example_description/models/limo_diff_drive/model.config
[0.209s] -- Up-to-date: /home/zak/INF3995-Templates/install/ros_gz_example_description/share/ros_gz_example_description/environment/ros_gz_example_description.dsv
[0.209s] -- Up-to-date: /home/zak/INF3995-Templates/install/ros_gz_example_description/share/ros_gz_example_description/environment/ros_gz_example_description.sh
[0.209s] -- Up-to-date: /home/zak/INF3995-Templates/install/ros_gz_example_description/share/ament_index/resource_index/package_run_dependencies/ros_gz_example_description
[0.209s] -- Installing: /home/zak/INF3995-Templates/install/ros_gz_example_description/share/ament_index/resource_index/parent_prefix_path/ros_gz_example_description
[0.209s] -- Up-to-date: /home/zak/INF3995-Templates/install/ros_gz_example_description/share/ros_gz_example_description/environment/ament_prefix_path.sh
[0.209s] -- Installing: /home/zak/INF3995-Templates/install/ros_gz_example_description/share/ros_gz_example_description/environment/ament_prefix_path.dsv
[0.209s] -- Up-to-date: /home/zak/INF3995-Templates/install/ros_gz_example_description/share/ros_gz_example_description/environment/path.sh
[0.209s] -- Installing: /home/zak/INF3995-Templates/install/ros_gz_example_description/share/ros_gz_example_description/environment/path.dsv
[0.209s] -- Up-to-date: /home/zak/INF3995-Templates/install/ros_gz_example_description/share/ros_gz_example_description/local_setup.bash
[0.209s] -- Up-to-date: /home/zak/INF3995-Templates/install/ros_gz_example_description/share/ros_gz_example_description/local_setup.sh
[0.209s] -- Up-to-date: /home/zak/INF3995-Templates/install/ros_gz_example_description/share/ros_gz_example_description/local_setup.zsh
[0.209s] -- Installing: /home/zak/INF3995-Templates/install/ros_gz_example_description/share/ros_gz_example_description/local_setup.dsv
[0.209s] -- Installing: /home/zak/INF3995-Templates/install/ros_gz_example_description/share/ros_gz_example_description/package.dsv
[0.209s] -- Up-to-date: /home/zak/INF3995-Templates/install/ros_gz_example_description/share/ament_index/resource_index/packages/ros_gz_example_description
[0.209s] -- Up-to-date: /home/zak/INF3995-Templates/install/ros_gz_example_description/share/ros_gz_example_description/cmake/ros_gz_example_descriptionConfig.cmake
[0.209s] -- Up-to-date: /home/zak/INF3995-Templates/install/ros_gz_example_description/share/ros_gz_example_description/cmake/ros_gz_example_descriptionConfig-version.cmake
[0.209s] -- Up-to-date: /home/zak/INF3995-Templates/install/ros_gz_example_description/share/ros_gz_example_description/package.xml
[0.211s] Invoked command in '/home/zak/INF3995-Templates/build/ros_gz_example_description' returned '0': CMAKE_PREFIX_PATH=${CMAKE_PREFIX_PATH}:/opt/ros/humble /usr/bin/cmake --install /home/zak/INF3995-Templates/build/ros_gz_example_description
