[0.006s] Invoking command in '/home/zak/INF3995-Templates/build/ros_gz_example_application': CMAKE_PREFIX_PATH=/opt/ros/humble /usr/bin/cmake /home/zak/INF3995-Templates/project_ws/src/ros_gz_example_application -DBUILD_TESTING=ON -DCMAKE_INSTALL_PREFIX=/home/zak/INF3995-Templates/install/ros_gz_example_application
[0.032s] -- Found ament_cmake: 1.3.10 (/opt/ros/humble/share/ament_cmake/cmake)
[0.122s] -- Override CMake install command with custom implementation using symlinks instead of copying resources
[0.176s] -- Configuring done
[0.178s] -- Generating done
[0.178s] -- Build files have been written to: /home/zak/INF3995-Templates/build/ros_gz_example_application
[0.182s] Invoked command in '/home/zak/INF3995-Templates/build/ros_gz_example_application' returned '0': CMAKE_PREFIX_PATH=/opt/ros/humble /usr/bin/cmake /home/zak/INF3995-Templates/project_ws/src/ros_gz_example_application -DBUILD_TESTING=ON -DCMAKE_INSTALL_PREFIX=/home/zak/INF3995-Templates/install/ros_gz_example_application
[0.183s] Invoking command in '/home/zak/INF3995-Templates/build/ros_gz_example_application': CMAKE_PREFIX_PATH=/opt/ros/humble /usr/bin/cmake --build /home/zak/INF3995-Templates/build/ros_gz_example_application -- -j12 -l12
[0.211s] Invoked command in '/home/zak/INF3995-Templates/build/ros_gz_example_application' returned '0': CMAKE_PREFIX_PATH=/opt/ros/humble /usr/bin/cmake --build /home/zak/INF3995-Templates/build/ros_gz_example_application -- -j12 -l12
[0.239s] Invoking command in '/home/zak/INF3995-Templates/build/ros_gz_example_application': CMAKE_PREFIX_PATH=/opt/ros/humble /usr/bin/cmake --install /home/zak/INF3995-Templates/build/ros_gz_example_application
[0.247s] -- Install configuration: ""
[0.248s] -- Execute custom install script
[0.248s] -- Up-to-date symlink: /home/zak/INF3995-Templates/install/ros_gz_example_application/share/ament_index/resource_index/package_run_dependencies/ros_gz_example_application
[0.248s] -- Up-to-date symlink: /home/zak/INF3995-Templates/install/ros_gz_example_application/share/ament_index/resource_index/parent_prefix_path/ros_gz_example_application
[0.248s] -- Up-to-date symlink: /home/zak/INF3995-Templates/install/ros_gz_example_application/share/ros_gz_example_application/environment/ament_prefix_path.sh
[0.248s] -- Up-to-date symlink: /home/zak/INF3995-Templates/install/ros_gz_example_application/share/ros_gz_example_application/environment/ament_prefix_path.dsv
[0.248s] -- Up-to-date symlink: /home/zak/INF3995-Templates/install/ros_gz_example_application/share/ros_gz_example_application/environment/path.sh
[0.248s] -- Up-to-date symlink: /home/zak/INF3995-Templates/install/ros_gz_example_application/share/ros_gz_example_application/environment/path.dsv
[0.248s] -- Up-to-date symlink: /home/zak/INF3995-Templates/install/ros_gz_example_application/share/ros_gz_example_application/local_setup.bash
[0.248s] -- Up-to-date symlink: /home/zak/INF3995-Templates/install/ros_gz_example_application/share/ros_gz_example_application/local_setup.sh
[0.249s] -- Up-to-date symlink: /home/zak/INF3995-Templates/install/ros_gz_example_application/share/ros_gz_example_application/local_setup.zsh
[0.249s] -- Up-to-date symlink: /home/zak/INF3995-Templates/install/ros_gz_example_application/share/ros_gz_example_application/local_setup.dsv
[0.249s] -- Symlinking: /home/zak/INF3995-Templates/install/ros_gz_example_application/share/ros_gz_example_application/package.dsv
[0.258s] -- Up-to-date symlink: /home/zak/INF3995-Templates/install/ros_gz_example_application/share/ament_index/resource_index/packages/ros_gz_example_application
[0.258s] -- Up-to-date symlink: /home/zak/INF3995-Templates/install/ros_gz_example_application/share/ros_gz_example_application/cmake/ros_gz_example_applicationConfig.cmake
[0.258s] -- Up-to-date symlink: /home/zak/INF3995-Templates/install/ros_gz_example_application/share/ros_gz_example_application/cmake/ros_gz_example_applicationConfig-version.cmake
[0.258s] -- Up-to-date symlink: /home/zak/INF3995-Templates/install/ros_gz_example_application/share/ros_gz_example_application/package.xml
[0.268s] Invoked command in '/home/zak/INF3995-Templates/build/ros_gz_example_application' returned '0': CMAKE_PREFIX_PATH=/opt/ros/humble /usr/bin/cmake --install /home/zak/INF3995-Templates/build/ros_gz_example_application
