[0.007s] Invoking command in '/home/zak/INF3995-Templates/build/ros_gz_example_gazebo': AMENT_PREFIX_PATH=/home/zak/INF3995-Templates/install/ros_gz_example_description:${AMENT_PREFIX_PATH} CMAKE_PREFIX_PATH=/home/zak/INF3995-Templates/install/ros_gz_example_description:/opt/ros/humble IGN_GAZEBO_RESOURCE_PATH=/home/zak/INF3995-Templates/install/ros_gz_example_description/share/ros_gz_example_description/models /usr/bin/cmake /home/zak/INF3995-Templates/project_ws/src/ros_gz_example_gazebo -DBUILD_TESTING=ON -DCMAKE_INSTALL_PREFIX=/home/zak/INF3995-Templates/install/ros_gz_example_gazebo
[0.017s] -- Found ament_cmake: 1.3.10 (/opt/ros/humble/share/ament_cmake/cmake)
[0.105s] -- Found ros_gz_example_description: 0.0.0 (/home/zak/INF3995-Templates/install/ros_gz_example_description/share/ros_gz_example_description/cmake)
[0.108s] -- Looking for ignition-plugin1 -- found version 1.4.0
[0.109s] -- Searching for dependencies of ignition-plugin1
[0.109s] -- Searching for <ignition-plugin1> component [register]
[0.109s] -- Looking for ignition-plugin1-register -- found version 1.4.0
[0.110s] -- Searching for dependencies of ignition-plugin1-register
[0.110s] -- Looking for ignition-common4 -- found version 4.7.0
[0.110s] -- Searching for dependencies of ignition-common4
[0.110s] -- Looking for dlfcn.h - found
[0.110s] -- Looking for libdl - found
[0.115s] -- Checking for module 'uuid'
[0.126s] --   Found uuid, version 2.37.2
[0.160s] -- Searching for <ignition-common4> component [profiler]
[0.160s] -- Looking for ignition-common4-profiler -- found version 4.7.0
[0.161s] -- Searching for dependencies of ignition-common4-profiler
[0.163s] -- Looking for ignition-gazebo6 -- found version 6.16.0
[0.164s] -- Searching for dependencies of ignition-gazebo6
[0.166s] -- Looking for sdformat12 -- found version 12.8.0
[0.166s] -- Searching for dependencies of sdformat12
[0.171s] -- Checking for module 'tinyxml2'
[0.185s] --   Found tinyxml2, version 9.0.0
[0.225s] -- Looking for ignition-math6 -- found version 6.15.1
[0.226s] -- Searching for dependencies of ignition-math6
[0.228s] -- Looking for ignition-utils1 -- found version 1.5.1
[0.229s] -- Searching for dependencies of ignition-utils1
[0.230s] -- Looking for ignition-plugin1 -- found version 1.4.0
[0.231s] -- Searching for dependencies of ignition-plugin1
[0.231s] -- Searching for <ignition-plugin1> component [loader]
[0.233s] -- Looking for ignition-plugin1-loader -- found version 1.4.0
[0.233s] -- Searching for dependencies of ignition-plugin1-loader
[0.234s] -- Searching for <ignition-plugin1> component [register]
[0.236s] -- Looking for ignition-transport11 -- found version 11.4.1
[0.236s] -- Searching for dependencies of ignition-transport11
[0.397s] -- Found Protobuf: /usr/lib/x86_64-linux-gnu/libprotobuf.so (found version "3.12.4") 
[0.408s] -- Config-file not installed for ZeroMQ -- checking for pkg-config
[0.411s] -- Checking for module 'libzmq >= 4'
[0.427s] --   Found libzmq , version 4.3.4
[0.468s] -- Found ZeroMQ: TRUE (Required is at least version "4") 
[0.484s] -- Looking for ignition-utils1 -- found version 1.5.1
[0.484s] -- Searching for dependencies of ignition-utils1
[0.484s] -- Searching for <ignition-utils1> component [cli]
[0.486s] -- Looking for ignition-utils1-cli -- found version 1.5.1
[0.487s] -- Searching for dependencies of ignition-utils1-cli
[0.489s] -- Looking for ignition-msgs8 -- found version 8.7.0
[0.489s] -- Searching for dependencies of ignition-msgs8
[0.502s] -- Found Protobuf: /usr/lib/x86_64-linux-gnu/libprotobuf.so (found suitable version "3.12.4", minimum required is "3") 
[0.502s] -- Looking for ignition-math6 -- found version 6.15.1
[0.509s] -- Searching for <ignition-transport11> component [log]
[0.511s] -- Looking for ignition-transport11-log -- found version 11.4.1
[0.512s] -- Searching for dependencies of ignition-transport11-log
[0.512s] -- Searching for <ignition-transport11> component [parameters]
[0.514s] -- Looking for ignition-transport11-parameters -- found version 11.4.1
[0.515s] -- Searching for dependencies of ignition-transport11-parameters
[0.516s] -- Looking for ignition-msgs8 -- found version 8.7.0
[0.516s] -- Looking for ignition-common4 -- found version 4.7.0
[0.516s] -- Searching for dependencies of ignition-common4
[0.516s] -- Looking for dlfcn.h - found
[0.516s] -- Looking for libdl - found
[0.523s] -- Searching for <ignition-common4> component [profiler]
[0.523s] -- Searching for <ignition-common4> component [events]
[0.524s] -- Looking for ignition-common4-events -- found version 4.7.0
[0.525s] -- Searching for dependencies of ignition-common4-events
[0.525s] -- Looking for ignition-math6 -- found version 6.15.1
[0.525s] -- Searching for <ignition-common4> component [av]
[0.526s] -- Looking for ignition-common4-av -- found version 4.7.0
[0.527s] -- Searching for dependencies of ignition-common4-av
[0.531s] -- Checking for module 'libswscale'
[0.543s] --   Found libswscale, version 5.9.100
[0.581s] -- Found SWSCALE: TRUE  
[0.587s] -- Checking for module 'libavdevice >= 56.4.100'
[0.602s] --   Found libavdevice , version 58.13.100
[0.644s] -- Found AVDEVICE: TRUE (Required is at least version "56.4.100") 
[0.651s] -- Checking for module 'libavformat'
[0.666s] --   Found libavformat, version 58.76.100
[0.704s] -- Found AVFORMAT: TRUE  
[0.711s] -- Checking for module 'libavcodec'
[0.726s] --   Found libavcodec, version 58.134.100
[0.764s] -- Found AVCODEC: TRUE  
[0.770s] -- Checking for module 'libavutil'
[0.784s] --   Found libavutil, version 56.70.100
[0.821s] -- Found AVUTIL: TRUE  
[0.824s] -- Looking for ignition-fuel_tools7 -- found version 7.3.1
[0.824s] -- Searching for dependencies of ignition-fuel_tools7
[0.902s] -- Found CURL: /usr/lib/x86_64-linux-gnu/libcurl.so (found version "7.81.0")  
[0.911s] -- Checking for module 'jsoncpp'
[0.926s] --   Found jsoncpp, version 1.9.5
[0.963s] -- Found JSONCPP: TRUE  
[0.971s] -- Checking for module 'libzip'
[0.986s] --   Found libzip, version 1.7.3
[1.022s] -- Found ZIP: TRUE  
[1.023s] -- Looking for ignition-common4 -- found version 4.7.0
[1.023s] -- Looking for ignition-math6 -- found version 6.15.1
[1.024s] -- Looking for ignition-msgs8 -- found version 8.7.0
[1.026s] -- Looking for ignition-gui6 -- found version 6.8.0
[1.027s] -- Searching for dependencies of ignition-gui6
[1.048s] -- Looking for ignition-math6 -- found version 6.15.1
[1.048s] -- Looking for ignition-common4 -- found version 4.7.0
[1.048s] -- Looking for ignition-plugin1 -- found version 1.4.0
[1.049s] -- Looking for ignition-transport11 -- found version 11.4.1
[1.050s] -- Looking for ignition-rendering6 -- found version 6.6.3
[1.050s] -- Searching for dependencies of ignition-rendering6
[1.050s] -- Looking for ignition-math6 -- found version 6.15.1
[1.050s] -- Searching for dependencies of ignition-math6
[1.050s] -- Searching for <ignition-math6> component [eigen3]
[1.051s] -- Looking for ignition-math6-eigen3 -- found version 6.15.1
[1.052s] -- Searching for dependencies of ignition-math6-eigen3
[1.058s] -- Looking for ignition-common4 -- found version 4.7.0
[1.058s] -- Searching for dependencies of ignition-common4
[1.058s] -- Looking for dlfcn.h - found
[1.058s] -- Looking for libdl - found
[1.066s] -- Searching for <ignition-common4> component [graphics]
[1.068s] -- Looking for ignition-common4-graphics -- found version 4.7.0
[1.068s] -- Searching for dependencies of ignition-common4-graphics
[1.068s] -- Looking for ignition-math6 -- found version 6.15.1
[1.069s] -- Looking for ignition-utils1 -- found version 1.5.1
[1.069s] -- Searching for <ignition-common4> component [events]
[1.069s] -- Looking for ignition-plugin1 -- found version 1.4.0
[1.070s] -- Searching for dependencies of ignition-plugin1
[1.070s] -- Searching for <ignition-plugin1> component [all]
[1.071s] -- Looking for all libraries of ignition-plugin1 -- found version 1.4.0
[1.071s] -- Looking for ignition-plugin1 -- found version 1.4.0
[1.072s] -- Looking for ignition-msgs8 -- found version 8.7.0
[1.091s] -- Looking for ignition-physics5 -- found version 5.3.2
[1.091s] -- Searching for dependencies of ignition-physics5
[1.091s] -- Looking for ignition-math6 -- found version 6.15.1
[1.091s] -- Looking for ignition-plugin1 -- found version 1.4.0
[1.092s] -- Looking for ignition-utils1 -- found version 1.5.1
[1.092s] -- Searching for <ignition-physics5> component [heightmap]
[1.093s] -- Looking for ignition-physics5-heightmap -- found version 5.3.2
[1.094s] -- Searching for dependencies of ignition-physics5-heightmap
[1.094s] -- Looking for ignition-common4 -- found version 4.7.0
[1.094s] -- Searching for <ignition-physics5> component [mesh]
[1.095s] -- Looking for ignition-physics5-mesh -- found version 5.3.2
[1.095s] -- Searching for dependencies of ignition-physics5-mesh
[1.096s] -- Looking for ignition-common4 -- found version 4.7.0
[1.096s] -- Searching for <ignition-physics5> component [sdf]
[1.097s] -- Looking for ignition-physics5-sdf -- found version 5.3.2
[1.097s] -- Searching for dependencies of ignition-physics5-sdf
[1.097s] -- Looking for sdformat12 -- found version 12.8.0
[1.099s] -- Looking for ignition-sensors6 -- found version 6.8.0
[1.099s] -- Searching for dependencies of ignition-sensors6
[1.112s] -- Found Protobuf: /usr/lib/x86_64-linux-gnu/libprotobuf.so (found version "3.12.4") 
[1.113s] -- Looking for ignition-math6 -- found version 6.15.1
[1.113s] -- Looking for ignition-common4 -- found version 4.7.0
[1.114s] -- Looking for ignition-transport11 -- found version 11.4.1
[1.114s] -- Looking for ignition-rendering6 -- found version 6.6.3
[1.114s] -- Looking for ignition-msgs8 -- found version 8.7.0
[1.115s] -- Looking for sdformat12 -- found version 12.8.0
[1.116s] -- Searching for <ignition-sensors6> component [air_pressure]
[1.117s] -- Looking for ignition-sensors6-air_pressure -- found version 6.8.0
[1.117s] -- Searching for dependencies of ignition-sensors6-air_pressure
[1.118s] -- Searching for <ignition-sensors6> component [altimeter]
[1.119s] -- Looking for ignition-sensors6-altimeter -- found version 6.8.0
[1.119s] -- Searching for dependencies of ignition-sensors6-altimeter
[1.119s] -- Searching for <ignition-sensors6> component [imu]
[1.120s] -- Looking for ignition-sensors6-imu -- found version 6.8.0
[1.121s] -- Searching for dependencies of ignition-sensors6-imu
[1.121s] -- Searching for <ignition-sensors6> component [force_torque]
[1.122s] -- Looking for ignition-sensors6-force_torque -- found version 6.8.0
[1.122s] -- Searching for dependencies of ignition-sensors6-force_torque
[1.123s] -- Searching for <ignition-sensors6> component [logical_camera]
[1.124s] -- Looking for ignition-sensors6-logical_camera -- found version 6.8.0
[1.124s] -- Searching for dependencies of ignition-sensors6-logical_camera
[1.124s] -- Searching for <ignition-sensors6> component [magnetometer]
[1.125s] -- Looking for ignition-sensors6-magnetometer -- found version 6.8.0
[1.126s] -- Searching for dependencies of ignition-sensors6-magnetometer
[1.126s] -- Searching for <ignition-sensors6> component [navsat]
[1.127s] -- Looking for ignition-sensors6-navsat -- found version 6.8.0
[1.127s] -- Searching for dependencies of ignition-sensors6-navsat
[1.128s] -- Searching for <ignition-sensors6> component [rendering]
[1.129s] -- Looking for ignition-sensors6-rendering -- found version 6.8.0
[1.129s] -- Searching for dependencies of ignition-sensors6-rendering
[1.129s] -- Searching for <ignition-sensors6> component [lidar]
[1.130s] -- Looking for ignition-sensors6-lidar -- found version 6.8.0
[1.131s] -- Searching for dependencies of ignition-sensors6-lidar
[1.131s] -- Looking for ignition-sensors6 -- found version 6.8.0
[1.131s] -- Searching for <ignition-sensors6> component [gpu_lidar]
[1.132s] -- Looking for ignition-sensors6-gpu_lidar -- found version 6.8.0
[1.133s] -- Searching for dependencies of ignition-sensors6-gpu_lidar
[1.133s] -- Looking for ignition-sensors6 -- found version 6.8.0
[1.133s] -- Searching for <ignition-sensors6> component [camera]
[1.134s] -- Looking for ignition-sensors6-camera -- found version 6.8.0
[1.135s] -- Searching for dependencies of ignition-sensors6-camera
[1.135s] -- Looking for ignition-sensors6 -- found version 6.8.0
[1.135s] -- Searching for <ignition-sensors6> component [boundingbox_camera]
[1.136s] -- Looking for ignition-sensors6-boundingbox_camera -- found version 6.8.0
[1.136s] -- Searching for dependencies of ignition-sensors6-boundingbox_camera
[1.137s] -- Searching for <ignition-sensors6> component [segmentation_camera]
[1.138s] -- Looking for ignition-sensors6-segmentation_camera -- found version 6.8.0
[1.138s] -- Searching for dependencies of ignition-sensors6-segmentation_camera
[1.138s] -- Searching for <ignition-sensors6> component [depth_camera]
[1.139s] -- Looking for ignition-sensors6-depth_camera -- found version 6.8.0
[1.139s] -- Searching for dependencies of ignition-sensors6-depth_camera
[1.140s] -- Looking for ignition-sensors6 -- found version 6.8.0
[1.140s] -- Searching for <ignition-sensors6> component [rgbd_camera]
[1.141s] -- Looking for ignition-sensors6-rgbd_camera -- found version 6.8.0
[1.141s] -- Searching for dependencies of ignition-sensors6-rgbd_camera
[1.142s] -- Looking for ignition-sensors6 -- found version 6.8.0
[1.142s] -- Searching for <ignition-sensors6> component [thermal_camera]
[1.143s] -- Looking for ignition-sensors6-thermal_camera -- found version 6.8.0
[1.143s] -- Searching for dependencies of ignition-sensors6-thermal_camera
[1.143s] -- Looking for ignition-sensors6 -- found version 6.8.0
[1.144s] -- Looking for ignition-rendering6 -- found version 6.6.3
[1.144s] -- Looking for ignition-math6 -- found version 6.15.1
[1.145s] -- Looking for ignition-utils1 -- found version 1.5.1
[1.159s] -- Found ament_lint_auto: 0.12.11 (/opt/ros/humble/share/ament_lint_auto/cmake)
[1.201s] -- Configuring done
[1.203s] -- Generating done
[1.206s] -- Build files have been written to: /home/zak/INF3995-Templates/build/ros_gz_example_gazebo
[1.210s] Invoked command in '/home/zak/INF3995-Templates/build/ros_gz_example_gazebo' returned '0': AMENT_PREFIX_PATH=/home/zak/INF3995-Templates/install/ros_gz_example_description:${AMENT_PREFIX_PATH} CMAKE_PREFIX_PATH=/home/zak/INF3995-Templates/install/ros_gz_example_description:/opt/ros/humble IGN_GAZEBO_RESOURCE_PATH=/home/zak/INF3995-Templates/install/ros_gz_example_description/share/ros_gz_example_description/models /usr/bin/cmake /home/zak/INF3995-Templates/project_ws/src/ros_gz_example_gazebo -DBUILD_TESTING=ON -DCMAKE_INSTALL_PREFIX=/home/zak/INF3995-Templates/install/ros_gz_example_gazebo
[1.212s] Invoking command in '/home/zak/INF3995-Templates/build/ros_gz_example_gazebo': AMENT_PREFIX_PATH=/home/zak/INF3995-Templates/install/ros_gz_example_description:${AMENT_PREFIX_PATH} CMAKE_PREFIX_PATH=/home/zak/INF3995-Templates/install/ros_gz_example_description:/opt/ros/humble IGN_GAZEBO_RESOURCE_PATH=/home/zak/INF3995-Templates/install/ros_gz_example_description/share/ros_gz_example_description/models /usr/bin/cmake --build /home/zak/INF3995-Templates/build/ros_gz_example_gazebo -- -j12 -l12
[1.253s] Invoked command in '/home/zak/INF3995-Templates/build/ros_gz_example_gazebo' returned '0': AMENT_PREFIX_PATH=/home/zak/INF3995-Templates/install/ros_gz_example_description:${AMENT_PREFIX_PATH} CMAKE_PREFIX_PATH=/home/zak/INF3995-Templates/install/ros_gz_example_description:/opt/ros/humble IGN_GAZEBO_RESOURCE_PATH=/home/zak/INF3995-Templates/install/ros_gz_example_description/share/ros_gz_example_description/models /usr/bin/cmake --build /home/zak/INF3995-Templates/build/ros_gz_example_gazebo -- -j12 -l12
[1.279s] Invoking command in '/home/zak/INF3995-Templates/build/ros_gz_example_gazebo': AMENT_PREFIX_PATH=/home/zak/INF3995-Templates/install/ros_gz_example_description:${AMENT_PREFIX_PATH} CMAKE_PREFIX_PATH=/home/zak/INF3995-Templates/install/ros_gz_example_description:/opt/ros/humble IGN_GAZEBO_RESOURCE_PATH=/home/zak/INF3995-Templates/install/ros_gz_example_description/share/ros_gz_example_description/models /usr/bin/cmake --install /home/zak/INF3995-Templates/build/ros_gz_example_gazebo
[1.286s] -- Install configuration: ""
[1.287s] -- Installing: /home/zak/INF3995-Templates/install/ros_gz_example_gazebo/share/ros_gz_example_gazebo/worlds
[1.287s] -- Installing: /home/zak/INF3995-Templates/install/ros_gz_example_gazebo/share/ros_gz_example_gazebo/worlds/diff_drive.sdf
[1.287s] -- Installing: /home/zak/INF3995-Templates/install/ros_gz_example_gazebo/share/ros_gz_example_gazebo/environment/ros_gz_example_gazebo.dsv
[1.287s] -- Installing: /home/zak/INF3995-Templates/install/ros_gz_example_gazebo/share/ros_gz_example_gazebo/environment/ros_gz_example_gazebo.sh
[1.287s] -- Installing: /home/zak/INF3995-Templates/install/ros_gz_example_gazebo/share/ament_index/resource_index/package_run_dependencies/ros_gz_example_gazebo
[1.287s] -- Installing: /home/zak/INF3995-Templates/install/ros_gz_example_gazebo/share/ament_index/resource_index/parent_prefix_path/ros_gz_example_gazebo
[1.287s] -- Installing: /home/zak/INF3995-Templates/install/ros_gz_example_gazebo/share/ros_gz_example_gazebo/environment/ament_prefix_path.sh
[1.288s] -- Installing: /home/zak/INF3995-Templates/install/ros_gz_example_gazebo/share/ros_gz_example_gazebo/environment/ament_prefix_path.dsv
[1.288s] -- Installing: /home/zak/INF3995-Templates/install/ros_gz_example_gazebo/share/ros_gz_example_gazebo/environment/path.sh
[1.288s] -- Installing: /home/zak/INF3995-Templates/install/ros_gz_example_gazebo/share/ros_gz_example_gazebo/environment/path.dsv
[1.288s] -- Installing: /home/zak/INF3995-Templates/install/ros_gz_example_gazebo/share/ros_gz_example_gazebo/local_setup.bash
[1.288s] -- Installing: /home/zak/INF3995-Templates/install/ros_gz_example_gazebo/share/ros_gz_example_gazebo/local_setup.sh
[1.288s] -- Installing: /home/zak/INF3995-Templates/install/ros_gz_example_gazebo/share/ros_gz_example_gazebo/local_setup.zsh
[1.288s] -- Installing: /home/zak/INF3995-Templates/install/ros_gz_example_gazebo/share/ros_gz_example_gazebo/local_setup.dsv
[1.288s] -- Installing: /home/zak/INF3995-Templates/install/ros_gz_example_gazebo/share/ros_gz_example_gazebo/package.dsv
[1.288s] -- Installing: /home/zak/INF3995-Templates/install/ros_gz_example_gazebo/share/ament_index/resource_index/packages/ros_gz_example_gazebo
[1.289s] -- Installing: /home/zak/INF3995-Templates/install/ros_gz_example_gazebo/share/ros_gz_example_gazebo/cmake/ros_gz_example_gazeboConfig.cmake
[1.289s] -- Installing: /home/zak/INF3995-Templates/install/ros_gz_example_gazebo/share/ros_gz_example_gazebo/cmake/ros_gz_example_gazeboConfig-version.cmake
[1.289s] -- Installing: /home/zak/INF3995-Templates/install/ros_gz_example_gazebo/share/ros_gz_example_gazebo/package.xml
[1.290s] Invoked command in '/home/zak/INF3995-Templates/build/ros_gz_example_gazebo' returned '0': AMENT_PREFIX_PATH=/home/zak/INF3995-Templates/install/ros_gz_example_description:${AMENT_PREFIX_PATH} CMAKE_PREFIX_PATH=/home/zak/INF3995-Templates/install/ros_gz_example_description:/opt/ros/humble IGN_GAZEBO_RESOURCE_PATH=/home/zak/INF3995-Templates/install/ros_gz_example_description/share/ros_gz_example_description/models /usr/bin/cmake --install /home/zak/INF3995-Templates/build/ros_gz_example_gazebo
