[0.006s] Invoking command in '/home/zak/INF3995-Templates/build/ros_gz_example_bringup': AMENT_PREFIX_PATH=/home/zak/INF3995-Templates/install/ros_gz_example_gazebo:/home/zak/INF3995-Templates/install/ros_gz_example_description:${AMENT_PREFIX_PATH} CMAKE_PREFIX_PATH=/home/zak/INF3995-Templates/install/ros_gz_example_gazebo:/home/zak/INF3995-Templates/install/ros_gz_example_description:/opt/ros/humble IGN_GAZEBO_PLUGIN_PATH=/home/zak/INF3995-Templates/install/ros_gz_example_gazebo/lib/ros_gz_example_gazebo IGN_GAZEBO_RESOURCE_PATH=/home/zak/INF3995-Templates/install/ros_gz_example_gazebo/share/ros_gz_example_gazebo/worlds:/home/zak/INF3995-Templates/install/ros_gz_example_description/share/ros_gz_example_description/models /usr/bin/cmake /home/zak/INF3995-Templates/project_ws/src/ros_gz_example_bringup -DBUILD_TESTING=ON -DCMAKE_INSTALL_PREFIX=/home/zak/INF3995-Templates/install/ros_gz_example_bringup
[0.016s] -- Found ament_cmake: 1.3.10 (/opt/ros/humble/share/ament_cmake/cmake)
[0.107s] -- Override CMake install command with custom implementation using symlinks instead of copying resources
[0.112s] -- Found ros_gz_example_description: 0.0.0 (/home/zak/INF3995-Templates/install/ros_gz_example_description/share/ros_gz_example_description/cmake)
[0.112s] -- Found ros_gz_example_gazebo: 0.0.0 (/home/zak/INF3995-Templates/install/ros_gz_example_gazebo/share/ros_gz_example_gazebo/cmake)
[0.112s] -- Found ament_lint_auto: 0.12.11 (/opt/ros/humble/share/ament_lint_auto/cmake)
[0.159s] -- Configuring done
[0.160s] -- Generating done
[0.160s] -- Build files have been written to: /home/zak/INF3995-Templates/build/ros_gz_example_bringup
[0.162s] Invoked command in '/home/zak/INF3995-Templates/build/ros_gz_example_bringup' returned '0': AMENT_PREFIX_PATH=/home/zak/INF3995-Templates/install/ros_gz_example_gazebo:/home/zak/INF3995-Templates/install/ros_gz_example_description:${AMENT_PREFIX_PATH} CMAKE_PREFIX_PATH=/home/zak/INF3995-Templates/install/ros_gz_example_gazebo:/home/zak/INF3995-Templates/install/ros_gz_example_description:/opt/ros/humble IGN_GAZEBO_PLUGIN_PATH=/home/zak/INF3995-Templates/install/ros_gz_example_gazebo/lib/ros_gz_example_gazebo IGN_GAZEBO_RESOURCE_PATH=/home/zak/INF3995-Templates/install/ros_gz_example_gazebo/share/ros_gz_example_gazebo/worlds:/home/zak/INF3995-Templates/install/ros_gz_example_description/share/ros_gz_example_description/models /usr/bin/cmake /home/zak/INF3995-Templates/project_ws/src/ros_gz_example_bringup -DBUILD_TESTING=ON -DCMAKE_INSTALL_PREFIX=/home/zak/INF3995-Templates/install/ros_gz_example_bringup
[0.163s] Invoking command in '/home/zak/INF3995-Templates/build/ros_gz_example_bringup': AMENT_PREFIX_PATH=/home/zak/INF3995-Templates/install/ros_gz_example_gazebo:/home/zak/INF3995-Templates/install/ros_gz_example_description:${AMENT_PREFIX_PATH} CMAKE_PREFIX_PATH=/home/zak/INF3995-Templates/install/ros_gz_example_gazebo:/home/zak/INF3995-Templates/install/ros_gz_example_description:/opt/ros/humble IGN_GAZEBO_PLUGIN_PATH=/home/zak/INF3995-Templates/install/ros_gz_example_gazebo/lib/ros_gz_example_gazebo IGN_GAZEBO_RESOURCE_PATH=/home/zak/INF3995-Templates/install/ros_gz_example_gazebo/share/ros_gz_example_gazebo/worlds:/home/zak/INF3995-Templates/install/ros_gz_example_description/share/ros_gz_example_description/models /usr/bin/cmake --build /home/zak/INF3995-Templates/build/ros_gz_example_bringup -- -j12 -l12
[0.201s] Invoked command in '/home/zak/INF3995-Templates/build/ros_gz_example_bringup' returned '0': AMENT_PREFIX_PATH=/home/zak/INF3995-Templates/install/ros_gz_example_gazebo:/home/zak/INF3995-Templates/install/ros_gz_example_description:${AMENT_PREFIX_PATH} CMAKE_PREFIX_PATH=/home/zak/INF3995-Templates/install/ros_gz_example_gazebo:/home/zak/INF3995-Templates/install/ros_gz_example_description:/opt/ros/humble IGN_GAZEBO_PLUGIN_PATH=/home/zak/INF3995-Templates/install/ros_gz_example_gazebo/lib/ros_gz_example_gazebo IGN_GAZEBO_RESOURCE_PATH=/home/zak/INF3995-Templates/install/ros_gz_example_gazebo/share/ros_gz_example_gazebo/worlds:/home/zak/INF3995-Templates/install/ros_gz_example_description/share/ros_gz_example_description/models /usr/bin/cmake --build /home/zak/INF3995-Templates/build/ros_gz_example_bringup -- -j12 -l12
[0.226s] Invoking command in '/home/zak/INF3995-Templates/build/ros_gz_example_bringup': AMENT_PREFIX_PATH=/home/zak/INF3995-Templates/install/ros_gz_example_gazebo:/home/zak/INF3995-Templates/install/ros_gz_example_description:${AMENT_PREFIX_PATH} CMAKE_PREFIX_PATH=/home/zak/INF3995-Templates/install/ros_gz_example_gazebo:/home/zak/INF3995-Templates/install/ros_gz_example_description:/opt/ros/humble IGN_GAZEBO_PLUGIN_PATH=/home/zak/INF3995-Templates/install/ros_gz_example_gazebo/lib/ros_gz_example_gazebo IGN_GAZEBO_RESOURCE_PATH=/home/zak/INF3995-Templates/install/ros_gz_example_gazebo/share/ros_gz_example_gazebo/worlds:/home/zak/INF3995-Templates/install/ros_gz_example_description/share/ros_gz_example_description/models /usr/bin/cmake --install /home/zak/INF3995-Templates/build/ros_gz_example_bringup
[0.234s] -- Install configuration: ""
[0.234s] -- Execute custom install script
[0.235s] [33mCMake Warning (dev) at ament_cmake_symlink_install/ament_cmake_symlink_install.cmake:62 (file):
[0.235s]   Policy CMP0009 is not set: FILE GLOB_RECURSE calls should not follow
[0.235s]   symlinks by default.  Run "cmake --help-policy CMP0009" for policy details.
[0.235s]   Use the cmake_policy command to set the policy and suppress this warning.
[0.235s] Call Stack (most recent call first):
[0.235s]   ament_cmake_symlink_install/ament_cmake_symlink_install.cmake:314 (ament_cmake_symlink_install_directory)
[0.236s]   cmake_install.cmake:46 (include)
[0.236s] This warning is for project developers.  Use -Wno-dev to suppress it.
[0.236s] [0m
[0.236s] -- Up-to-date symlink: /home/zak/INF3995-Templates/install/ros_gz_example_bringup/share/ros_gz_example_bringup/launch/__pycache__/diff_drive.launch.cpython-310.pyc
[0.236s] -- Up-to-date symlink: /home/zak/INF3995-Templates/install/ros_gz_example_bringup/share/ros_gz_example_bringup/launch/diff_drive.launch.py
[0.236s] -- Up-to-date symlink: /home/zak/INF3995-Templates/install/ros_gz_example_bringup/share/ros_gz_example_bringup/launch/log/COLCON_IGNORE
[0.236s] -- Up-to-date symlink: /home/zak/INF3995-Templates/install/ros_gz_example_bringup/share/ros_gz_example_bringup/launch/log/latest/logger_all.log
[0.236s] -- Up-to-date symlink: /home/zak/INF3995-Templates/install/ros_gz_example_bringup/share/ros_gz_example_bringup/launch/log/latest_list/logger_all.log
[0.236s] -- Up-to-date symlink: /home/zak/INF3995-Templates/install/ros_gz_example_bringup/share/ros_gz_example_bringup/launch/log/list_2024-08-29_11-55-33/logger_all.log
[0.236s] -- Up-to-date symlink: /home/zak/INF3995-Templates/install/ros_gz_example_bringup/share/ros_gz_example_bringup/config/cartographer_2d.lua
[0.236s] -- Up-to-date symlink: /home/zak/INF3995-Templates/install/ros_gz_example_bringup/share/ros_gz_example_bringup/config/diff_drive.rviz
[0.236s] -- Up-to-date symlink: /home/zak/INF3995-Templates/install/ros_gz_example_bringup/share/ros_gz_example_bringup/config/limo_diff_drive.rviz
[0.236s] -- Up-to-date symlink: /home/zak/INF3995-Templates/install/ros_gz_example_bringup/share/ros_gz_example_bringup/config/ros_gz_example_bridge.yaml
[0.237s] -- Up-to-date symlink: /home/zak/INF3995-Templates/install/ros_gz_example_bringup/share/ament_index/resource_index/package_run_dependencies/ros_gz_example_bringup
[0.237s] -- Up-to-date symlink: /home/zak/INF3995-Templates/install/ros_gz_example_bringup/share/ament_index/resource_index/parent_prefix_path/ros_gz_example_bringup
[0.237s] -- Up-to-date symlink: /home/zak/INF3995-Templates/install/ros_gz_example_bringup/share/ros_gz_example_bringup/environment/ament_prefix_path.sh
[0.237s] -- Up-to-date symlink: /home/zak/INF3995-Templates/install/ros_gz_example_bringup/share/ros_gz_example_bringup/environment/ament_prefix_path.dsv
[0.237s] -- Up-to-date symlink: /home/zak/INF3995-Templates/install/ros_gz_example_bringup/share/ros_gz_example_bringup/environment/path.sh
[0.237s] -- Up-to-date symlink: /home/zak/INF3995-Templates/install/ros_gz_example_bringup/share/ros_gz_example_bringup/environment/path.dsv
[0.238s] -- Up-to-date symlink: /home/zak/INF3995-Templates/install/ros_gz_example_bringup/share/ros_gz_example_bringup/local_setup.bash
[0.238s] -- Up-to-date symlink: /home/zak/INF3995-Templates/install/ros_gz_example_bringup/share/ros_gz_example_bringup/local_setup.sh
[0.238s] -- Up-to-date symlink: /home/zak/INF3995-Templates/install/ros_gz_example_bringup/share/ros_gz_example_bringup/local_setup.zsh
[0.238s] -- Up-to-date symlink: /home/zak/INF3995-Templates/install/ros_gz_example_bringup/share/ros_gz_example_bringup/local_setup.dsv
[0.238s] -- Symlinking: /home/zak/INF3995-Templates/install/ros_gz_example_bringup/share/ros_gz_example_bringup/package.dsv
[0.247s] -- Up-to-date symlink: /home/zak/INF3995-Templates/install/ros_gz_example_bringup/share/ament_index/resource_index/packages/ros_gz_example_bringup
[0.247s] -- Up-to-date symlink: /home/zak/INF3995-Templates/install/ros_gz_example_bringup/share/ros_gz_example_bringup/cmake/ros_gz_example_bringupConfig.cmake
[0.247s] -- Up-to-date symlink: /home/zak/INF3995-Templates/install/ros_gz_example_bringup/share/ros_gz_example_bringup/cmake/ros_gz_example_bringupConfig-version.cmake
[0.247s] -- Up-to-date symlink: /home/zak/INF3995-Templates/install/ros_gz_example_bringup/share/ros_gz_example_bringup/package.xml
[0.248s] Invoked command in '/home/zak/INF3995-Templates/build/ros_gz_example_bringup' returned '0': AMENT_PREFIX_PATH=/home/zak/INF3995-Templates/install/ros_gz_example_gazebo:/home/zak/INF3995-Templates/install/ros_gz_example_description:${AMENT_PREFIX_PATH} CMAKE_PREFIX_PATH=/home/zak/INF3995-Templates/install/ros_gz_example_gazebo:/home/zak/INF3995-Templates/install/ros_gz_example_description:/opt/ros/humble IGN_GAZEBO_PLUGIN_PATH=/home/zak/INF3995-Templates/install/ros_gz_example_gazebo/lib/ros_gz_example_gazebo IGN_GAZEBO_RESOURCE_PATH=/home/zak/INF3995-Templates/install/ros_gz_example_gazebo/share/ros_gz_example_gazebo/worlds:/home/zak/INF3995-Templates/install/ros_gz_example_description/share/ros_gz_example_description/models /usr/bin/cmake --install /home/zak/INF3995-Templates/build/ros_gz_example_bringup
