[0.004s] Invoking command in '/home/zak/INF3995-Templates/build/ros_gz_example_gazebo': AMENT_PREFIX_PATH=/home/zak/INF3995-Templates/install/ros_gz_example_description:${AMENT_PREFIX_PATH} CMAKE_PREFIX_PATH=/home/zak/INF3995-Templates/install/ros_gz_example_description:/path/to/ignition-plugin1:/opt/ros/humble IGN_GAZEBO_RESOURCE_PATH=/home/zak/INF3995-Templates/install/ros_gz_example_description/share/ros_gz_example_description/models /usr/bin/cmake /home/zak/INF3995-Templates/project_ws/src/ros_gz_example_gazebo -DBUILD_TESTING=ON -DCMAKE_INSTALL_PREFIX=/home/zak/INF3995-Templates/install/ros_gz_example_gazebo
[0.015s] -- Found ament_cmake: 1.3.10 (/opt/ros/humble/share/ament_cmake/cmake)
[0.119s] -- Found ros_gz_example_description: 0.0.0 (/home/zak/INF3995-Templates/install/ros_gz_example_description/share/ros_gz_example_description/cmake)
[0.123s] -- Looking for ignition-plugin1 -- found version 1.4.0
[0.123s] -- Searching for dependencies of ignition-plugin1
[0.124s] -- Searching for <ignition-plugin1> component [register]
[0.125s] -- Looking for ignition-plugin1-register -- found version 1.4.0
[0.125s] -- Searching for dependencies of ignition-plugin1-register
[0.131s] [31mCMake Error at CMakeLists.txt:16 (find_package):
[0.131s]   By not providing "Findignition-common4.cmake" in CMAKE_MODULE_PATH this
[0.131s]   project has asked CMake to find a package configuration file provided by
[0.131s]   "ignition-common4", but CMake did not find one.
[0.131s] 
[0.131s]   Could not find a package configuration file provided by "ignition-common4"
[0.131s]   with any of the following names:
[0.131s] 
[0.131s]     ignition-common4Config.cmake
[0.131s]     ignition-common4-config.cmake
[0.131s] 
[0.131s]   Add the installation prefix of "ignition-common4" to CMAKE_PREFIX_PATH or
[0.131s]   set "ignition-common4_DIR" to a directory containing one of the above
[0.131s]   files.  If "ignition-common4" provides a separate development package or
[0.131s]   SDK, be sure it has been installed.
[0.131s] 
[0.131s] [0m
[0.131s] -- Configuring incomplete, errors occurred!
[0.131s] See also "/home/zak/INF3995-Templates/build/ros_gz_example_gazebo/CMakeFiles/CMakeOutput.log".
[0.133s] Invoked command in '/home/zak/INF3995-Templates/build/ros_gz_example_gazebo' returned '1': AMENT_PREFIX_PATH=/home/zak/INF3995-Templates/install/ros_gz_example_description:${AMENT_PREFIX_PATH} CMAKE_PREFIX_PATH=/home/zak/INF3995-Templates/install/ros_gz_example_description:/path/to/ignition-plugin1:/opt/ros/humble IGN_GAZEBO_RESOURCE_PATH=/home/zak/INF3995-Templates/install/ros_gz_example_description/share/ros_gz_example_description/models /usr/bin/cmake /home/zak/INF3995-Templates/project_ws/src/ros_gz_example_gazebo -DBUILD_TESTING=ON -DCMAKE_INSTALL_PREFIX=/home/zak/INF3995-Templates/install/ros_gz_example_gazebo
