[0.004s] Invoking command in '/home/zak/INF3995-Templates/build/ros_gz_example_gazebo': AMENT_PREFIX_PATH=/home/zak/INF3995-Templates/install/ros_gz_example_description:${AMENT_PREFIX_PATH} CMAKE_PREFIX_PATH=/home/zak/INF3995-Templates/install/ros_gz_example_description:/opt/ros/humble IGN_GAZEBO_RESOURCE_PATH=/home/zak/INF3995-Templates/install/ros_gz_example_description/share/ros_gz_example_description/models /usr/bin/cmake /home/zak/INF3995-Templates/project_ws/src/ros_gz_example_gazebo -DBUILD_TESTING=ON -DCMAKE_INSTALL_PREFIX=/home/zak/INF3995-Templates/install/ros_gz_example_gazebo
[0.062s] -- The C compiler identification is GNU 11.4.0
[0.110s] -- The CXX compiler identification is GNU 11.4.0
[0.115s] -- Detecting C compiler ABI info
[0.181s] -- Detecting C compiler ABI info - done
[0.186s] -- Check for working C compiler: /usr/bin/cc - skipped
[0.186s] -- Detecting C compile features
[0.186s] -- Detecting C compile features - done
[0.188s] -- Detecting CXX compiler ABI info
[0.263s] -- Detecting CXX compiler ABI info - done
[0.269s] -- Check for working CXX compiler: /usr/bin/c++ - skipped
[0.269s] -- Detecting CXX compile features
[0.270s] -- Detecting CXX compile features - done
[0.272s] -- Found ament_cmake: 1.3.10 (/opt/ros/humble/share/ament_cmake/cmake)
[0.392s] -- Found Python3: /usr/bin/python3 (found version "3.10.12") found components: Interpreter 
[0.446s] -- Found ros_gz_example_description: 0.0.0 (/home/zak/INF3995-Templates/install/ros_gz_example_description/share/ros_gz_example_description/cmake)
[0.456s] -- Configuring incomplete, errors occurred!
[0.456s] See also "/home/zak/INF3995-Templates/build/ros_gz_example_gazebo/CMakeFiles/CMakeOutput.log".
[0.456s] [31mCMake Error at CMakeLists.txt:14 (find_package):
[0.456s]   By not providing "Findignition-plugin1.cmake" in CMAKE_MODULE_PATH this
[0.456s]   project has asked CMake to find a package configuration file provided by
[0.456s]   "ignition-plugin1", but CMake did not find one.
[0.456s] 
[0.456s]   Could not find a package configuration file provided by "ignition-plugin1"
[0.456s]   with any of the following names:
[0.456s] 
[0.456s]     ignition-plugin1Config.cmake
[0.456s]     ignition-plugin1-config.cmake
[0.456s] 
[0.456s]   Add the installation prefix of "ignition-plugin1" to CMAKE_PREFIX_PATH or
[0.456s]   set "ignition-plugin1_DIR" to a directory containing one of the above
[0.456s]   files.  If "ignition-plugin1" provides a separate development package or
[0.456s]   SDK, be sure it has been installed.
[0.456s] 
[0.456s] [0m
[0.458s] Invoked command in '/home/zak/INF3995-Templates/build/ros_gz_example_gazebo' returned '1': AMENT_PREFIX_PATH=/home/zak/INF3995-Templates/install/ros_gz_example_description:${AMENT_PREFIX_PATH} CMAKE_PREFIX_PATH=/home/zak/INF3995-Templates/install/ros_gz_example_description:/opt/ros/humble IGN_GAZEBO_RESOURCE_PATH=/home/zak/INF3995-Templates/install/ros_gz_example_description/share/ros_gz_example_description/models /usr/bin/cmake /home/zak/INF3995-Templates/project_ws/src/ros_gz_example_gazebo -DBUILD_TESTING=ON -DCMAKE_INSTALL_PREFIX=/home/zak/INF3995-Templates/install/ros_gz_example_gazebo
