[0.009s] Invoking command in '/home/zak/INF3995-Templates/build/ros_gz_example_gazebo': CMAKE_PREFIX_PATH=/home/zak/INF3995-Templates/install/ros_gz_example_description:/home/zak/INF3995-Templates/install/ros_gz_example_bringup:/home/zak/INF3995-Templates/install/ros_gz_example_gazebo:/home/zak/INF3995-Templates/install/ros_gz_example_application:/opt/ros/humble IGN_GAZEBO_RESOURCE_PATH=/home/zak/INF3995-Templates/install/ros_gz_example_description/share/ros_gz_example_description/models:${IGN_GAZEBO_RESOURCE_PATH} /usr/bin/cmake /home/zak/INF3995-Templates/project_ws/src/ros_gz_example_gazebo -DCMAKE_INSTALL_PREFIX=/home/zak/INF3995-Templates/install/ros_gz_example_gazebo
[0.017s] -- Found ament_cmake: 1.3.10 (/opt/ros/humble/share/ament_cmake/cmake)
[0.110s] -- Found ros_gz_example_description: 0.0.0 (/home/zak/INF3995-Templates/install/ros_gz_example_description/share/ros_gz_example_description/cmake)
[0.113s] -- Looking for ignition-plugin1 -- found version 1.4.0
[0.113s] -- Searching for dependencies of ignition-plugin1
[0.113s] -- Searching for <ignition-plugin1> component [register]
[0.113s] -- Looking for ignition-plugin1-register -- found version 1.4.0
[0.114s] -- Searching for dependencies of ignition-plugin1-register
[0.114s] -- Looking for ignition-common4 -- found version 4.7.0
[0.114s] -- Searching for dependencies of ignition-common4
[0.114s] -- Looking for dlfcn.h - found
[0.114s] -- Looking for libdl - found
[0.119s] -- Checking for module 'uuid'
[0.129s] --   Found uuid, version 2.37.2
[0.160s] -- Searching for <ignition-common4> component [profiler]
[0.160s] -- Looking for ignition-common4-profiler -- found version 4.7.0
[0.161s] -- Searching for dependencies of ignition-common4-profiler
[0.162s] -- Looking for ignition-gazebo6 -- found version 6.16.0
[0.162s] -- Searching for dependencies of ignition-gazebo6
[0.163s] -- Looking for sdformat12 -- found version 12.8.0
[0.163s] -- Searching for dependencies of sdformat12
[0.169s] -- Checking for module 'tinyxml2'
[0.182s] --   Found tinyxml2, version 9.0.0
[0.215s] -- Looking for ignition-math6 -- found version 6.15.1
[0.215s] -- Searching for dependencies of ignition-math6
[0.216s] -- Looking for ignition-utils1 -- found version 1.5.1
[0.217s] -- Searching for dependencies of ignition-utils1
[0.218s] -- Looking for ignition-plugin1 -- found version 1.4.0
[0.219s] -- Searching for dependencies of ignition-plugin1
[0.219s] -- Searching for <ignition-plugin1> component [loader]
[0.220s] -- Looking for ignition-plugin1-loader -- found version 1.4.0
[0.220s] -- Searching for dependencies of ignition-plugin1-loader
[0.221s] -- Searching for <ignition-plugin1> component [register]
[0.222s] -- Looking for ignition-transport11 -- found version 11.4.1
[0.223s] -- Searching for dependencies of ignition-transport11
[0.244s] -- Config-file not installed for ZeroMQ -- checking for pkg-config
[0.248s] -- Checking for module 'libzmq >= 4'
[0.261s] --   Found libzmq , version 4.3.4
[0.319s] -- Looking for ignition-utils1 -- found version 1.5.1
[0.319s] -- Searching for dependencies of ignition-utils1
[0.319s] -- Searching for <ignition-utils1> component [cli]
[0.319s] -- Looking for ignition-utils1-cli -- found version 1.5.1
[0.320s] -- Searching for dependencies of ignition-utils1-cli
[0.320s] -- Looking for ignition-msgs8 -- found version 8.7.0
[0.320s] -- Searching for dependencies of ignition-msgs8
[0.333s] -- Found Protobuf: /usr/lib/x86_64-linux-gnu/libprotobuf.so (found suitable version "3.12.4", minimum required is "3") 
[0.333s] -- Looking for ignition-math6 -- found version 6.15.1
[0.339s] -- Searching for <ignition-transport11> component [log]
[0.340s] -- Looking for ignition-transport11-log -- found version 11.4.1
[0.340s] -- Searching for dependencies of ignition-transport11-log
[0.340s] -- Searching for <ignition-transport11> component [parameters]
[0.341s] -- Looking for ignition-transport11-parameters -- found version 11.4.1
[0.341s] -- Searching for dependencies of ignition-transport11-parameters
[0.342s] -- Looking for ignition-msgs8 -- found version 8.7.0
[0.343s] -- Looking for ignition-common4 -- found version 4.7.0
[0.343s] -- Searching for dependencies of ignition-common4
[0.343s] -- Looking for dlfcn.h - found
[0.343s] -- Looking for libdl - found
[0.351s] -- Searching for <ignition-common4> component [profiler]
[0.352s] -- Searching for <ignition-common4> component [events]
[0.352s] -- Looking for ignition-common4-events -- found version 4.7.0
[0.353s] -- Searching for dependencies of ignition-common4-events
[0.353s] -- Looking for ignition-math6 -- found version 6.15.1
[0.353s] -- Searching for <ignition-common4> component [av]
[0.354s] -- Looking for ignition-common4-av -- found version 4.7.0
[0.354s] -- Searching for dependencies of ignition-common4-av
[0.359s] -- Checking for module 'libswscale'
[0.372s] --   Found libswscale, version 5.9.100
[0.416s] -- Checking for module 'libavdevice >= 56.4.100'
[0.431s] --   Found libavdevice , version 58.13.100
[0.475s] -- Checking for module 'libavformat'
[0.489s] --   Found libavformat, version 58.76.100
[0.533s] -- Checking for module 'libavcodec'
[0.548s] --   Found libavcodec, version 58.134.100
[0.589s] -- Checking for module 'libavutil'
[0.603s] --   Found libavutil, version 56.70.100
[0.640s] -- Looking for ignition-fuel_tools7 -- found version 7.3.1
[0.640s] -- Searching for dependencies of ignition-fuel_tools7
[0.680s] -- Checking for module 'jsoncpp'
[0.694s] --   Found jsoncpp, version 1.9.5
[0.738s] -- Checking for module 'libzip'
[0.752s] --   Found libzip, version 1.7.3
[0.788s] -- Looking for ignition-common4 -- found version 4.7.0
[0.788s] -- Looking for ignition-math6 -- found version 6.15.1
[0.789s] -- Looking for ignition-msgs8 -- found version 8.7.0
[0.790s] -- Looking for ignition-gui6 -- found version 6.8.0
[0.790s] -- Searching for dependencies of ignition-gui6
[0.817s] -- Looking for ignition-math6 -- found version 6.15.1
[0.817s] -- Looking for ignition-common4 -- found version 4.7.0
[0.818s] -- Looking for ignition-plugin1 -- found version 1.4.0
[0.818s] -- Looking for ignition-transport11 -- found version 11.4.1
[0.818s] -- Looking for ignition-rendering6 -- found version 6.6.3
[0.819s] -- Searching for dependencies of ignition-rendering6
[0.819s] -- Looking for ignition-math6 -- found version 6.15.1
[0.820s] -- Searching for dependencies of ignition-math6
[0.820s] -- Searching for <ignition-math6> component [eigen3]
[0.820s] -- Looking for ignition-math6-eigen3 -- found version 6.15.1
[0.820s] -- Searching for dependencies of ignition-math6-eigen3
[0.821s] -- Looking for ignition-common4 -- found version 4.7.0
[0.822s] -- Searching for dependencies of ignition-common4
[0.822s] -- Looking for dlfcn.h - found
[0.822s] -- Looking for libdl - found
[0.828s] -- Searching for <ignition-common4> component [graphics]
[0.828s] -- Looking for ignition-common4-graphics -- found version 4.7.0
[0.829s] -- Searching for dependencies of ignition-common4-graphics
[0.829s] -- Looking for ignition-math6 -- found version 6.15.1
[0.829s] -- Looking for ignition-utils1 -- found version 1.5.1
[0.830s] -- Searching for <ignition-common4> component [events]
[0.830s] -- Looking for ignition-plugin1 -- found version 1.4.0
[0.830s] -- Searching for dependencies of ignition-plugin1
[0.830s] -- Searching for <ignition-plugin1> component [all]
[0.831s] -- Looking for all libraries of ignition-plugin1 -- found version 1.4.0
[0.831s] -- Looking for ignition-plugin1 -- found version 1.4.0
[0.832s] -- Looking for ignition-msgs8 -- found version 8.7.0
[0.842s] -- Looking for ignition-physics5 -- found version 5.3.2
[0.842s] -- Searching for dependencies of ignition-physics5
[0.842s] -- Looking for ignition-math6 -- found version 6.15.1
[0.842s] -- Looking for ignition-plugin1 -- found version 1.4.0
[0.843s] -- Looking for ignition-utils1 -- found version 1.5.1
[0.843s] -- Searching for <ignition-physics5> component [heightmap]
[0.843s] -- Looking for ignition-physics5-heightmap -- found version 5.3.2
[0.844s] -- Searching for dependencies of ignition-physics5-heightmap
[0.844s] -- Looking for ignition-common4 -- found version 4.7.0
[0.844s] -- Searching for <ignition-physics5> component [mesh]
[0.844s] -- Looking for ignition-physics5-mesh -- found version 5.3.2
[0.845s] -- Searching for dependencies of ignition-physics5-mesh
[0.845s] -- Looking for ignition-common4 -- found version 4.7.0
[0.845s] -- Searching for <ignition-physics5> component [sdf]
[0.845s] -- Looking for ignition-physics5-sdf -- found version 5.3.2
[0.846s] -- Searching for dependencies of ignition-physics5-sdf
[0.846s] -- Looking for sdformat12 -- found version 12.8.0
[0.846s] -- Looking for ignition-sensors6 -- found version 6.8.0
[0.847s] -- Searching for dependencies of ignition-sensors6
[0.860s] -- Found Protobuf: /usr/lib/x86_64-linux-gnu/libprotobuf.so (found version "3.12.4") 
[0.860s] -- Looking for ignition-math6 -- found version 6.15.1
[0.861s] -- Looking for ignition-common4 -- found version 4.7.0
[0.861s] -- Looking for ignition-transport11 -- found version 11.4.1
[0.861s] -- Looking for ignition-rendering6 -- found version 6.6.3
[0.861s] -- Looking for ignition-msgs8 -- found version 8.7.0
[0.862s] -- Looking for sdformat12 -- found version 12.8.0
[0.862s] -- Searching for <ignition-sensors6> component [air_pressure]
[0.862s] -- Looking for ignition-sensors6-air_pressure -- found version 6.8.0
[0.862s] -- Searching for dependencies of ignition-sensors6-air_pressure
[0.863s] -- Searching for <ignition-sensors6> component [altimeter]
[0.863s] -- Looking for ignition-sensors6-altimeter -- found version 6.8.0
[0.863s] -- Searching for dependencies of ignition-sensors6-altimeter
[0.863s] -- Searching for <ignition-sensors6> component [imu]
[0.864s] -- Looking for ignition-sensors6-imu -- found version 6.8.0
[0.864s] -- Searching for dependencies of ignition-sensors6-imu
[0.864s] -- Searching for <ignition-sensors6> component [force_torque]
[0.864s] -- Looking for ignition-sensors6-force_torque -- found version 6.8.0
[0.865s] -- Searching for dependencies of ignition-sensors6-force_torque
[0.865s] -- Searching for <ignition-sensors6> component [logical_camera]
[0.865s] -- Looking for ignition-sensors6-logical_camera -- found version 6.8.0
[0.865s] -- Searching for dependencies of ignition-sensors6-logical_camera
[0.866s] -- Searching for <ignition-sensors6> component [magnetometer]
[0.866s] -- Looking for ignition-sensors6-magnetometer -- found version 6.8.0
[0.866s] -- Searching for dependencies of ignition-sensors6-magnetometer
[0.867s] -- Searching for <ignition-sensors6> component [navsat]
[0.867s] -- Looking for ignition-sensors6-navsat -- found version 6.8.0
[0.867s] -- Searching for dependencies of ignition-sensors6-navsat
[0.867s] -- Searching for <ignition-sensors6> component [rendering]
[0.868s] -- Looking for ignition-sensors6-rendering -- found version 6.8.0
[0.868s] -- Searching for dependencies of ignition-sensors6-rendering
[0.868s] -- Searching for <ignition-sensors6> component [lidar]
[0.868s] -- Looking for ignition-sensors6-lidar -- found version 6.8.0
[0.869s] -- Searching for dependencies of ignition-sensors6-lidar
[0.869s] -- Looking for ignition-sensors6 -- found version 6.8.0
[0.869s] -- Searching for <ignition-sensors6> component [gpu_lidar]
[0.870s] -- Looking for ignition-sensors6-gpu_lidar -- found version 6.8.0
[0.870s] -- Searching for dependencies of ignition-sensors6-gpu_lidar
[0.870s] -- Looking for ignition-sensors6 -- found version 6.8.0
[0.870s] -- Searching for <ignition-sensors6> component [camera]
[0.871s] -- Looking for ignition-sensors6-camera -- found version 6.8.0
[0.871s] -- Searching for dependencies of ignition-sensors6-camera
[0.871s] -- Looking for ignition-sensors6 -- found version 6.8.0
[0.872s] -- Searching for <ignition-sensors6> component [boundingbox_camera]
[0.872s] -- Looking for ignition-sensors6-boundingbox_camera -- found version 6.8.0
[0.872s] -- Searching for dependencies of ignition-sensors6-boundingbox_camera
[0.872s] -- Searching for <ignition-sensors6> component [segmentation_camera]
[0.873s] -- Looking for ignition-sensors6-segmentation_camera -- found version 6.8.0
[0.873s] -- Searching for dependencies of ignition-sensors6-segmentation_camera
[0.873s] -- Searching for <ignition-sensors6> component [depth_camera]
[0.873s] -- Looking for ignition-sensors6-depth_camera -- found version 6.8.0
[0.874s] -- Searching for dependencies of ignition-sensors6-depth_camera
[0.874s] -- Looking for ignition-sensors6 -- found version 6.8.0
[0.874s] -- Searching for <ignition-sensors6> component [rgbd_camera]
[0.875s] -- Looking for ignition-sensors6-rgbd_camera -- found version 6.8.0
[0.875s] -- Searching for dependencies of ignition-sensors6-rgbd_camera
[0.875s] -- Looking for ignition-sensors6 -- found version 6.8.0
[0.875s] -- Searching for <ignition-sensors6> component [thermal_camera]
[0.876s] -- Looking for ignition-sensors6-thermal_camera -- found version 6.8.0
[0.876s] -- Searching for dependencies of ignition-sensors6-thermal_camera
[0.876s] -- Looking for ignition-sensors6 -- found version 6.8.0
[0.877s] -- Looking for ignition-rendering6 -- found version 6.6.3
[0.877s] -- Looking for ignition-math6 -- found version 6.15.1
[0.877s] -- Looking for ignition-utils1 -- found version 1.5.1
[0.892s] -- Found ament_lint_auto: 0.12.11 (/opt/ros/humble/share/ament_lint_auto/cmake)
[0.935s] -- Configuring done
[0.937s] -- Generating done
[0.938s] -- Build files have been written to: /home/zak/INF3995-Templates/build/ros_gz_example_gazebo
[0.942s] Invoked command in '/home/zak/INF3995-Templates/build/ros_gz_example_gazebo' returned '0': CMAKE_PREFIX_PATH=/home/zak/INF3995-Templates/install/ros_gz_example_description:/home/zak/INF3995-Templates/install/ros_gz_example_bringup:/home/zak/INF3995-Templates/install/ros_gz_example_gazebo:/home/zak/INF3995-Templates/install/ros_gz_example_application:/opt/ros/humble IGN_GAZEBO_RESOURCE_PATH=/home/zak/INF3995-Templates/install/ros_gz_example_description/share/ros_gz_example_description/models:${IGN_GAZEBO_RESOURCE_PATH} /usr/bin/cmake /home/zak/INF3995-Templates/project_ws/src/ros_gz_example_gazebo -DCMAKE_INSTALL_PREFIX=/home/zak/INF3995-Templates/install/ros_gz_example_gazebo
[0.944s] Invoking command in '/home/zak/INF3995-Templates/build/ros_gz_example_gazebo': CMAKE_PREFIX_PATH=/home/zak/INF3995-Templates/install/ros_gz_example_description:/home/zak/INF3995-Templates/install/ros_gz_example_bringup:/home/zak/INF3995-Templates/install/ros_gz_example_gazebo:/home/zak/INF3995-Templates/install/ros_gz_example_application:/opt/ros/humble IGN_GAZEBO_RESOURCE_PATH=/home/zak/INF3995-Templates/install/ros_gz_example_description/share/ros_gz_example_description/models:${IGN_GAZEBO_RESOURCE_PATH} /usr/bin/cmake --build /home/zak/INF3995-Templates/build/ros_gz_example_gazebo -- -j12 -l12
[0.982s] Invoked command in '/home/zak/INF3995-Templates/build/ros_gz_example_gazebo' returned '0': CMAKE_PREFIX_PATH=/home/zak/INF3995-Templates/install/ros_gz_example_description:/home/zak/INF3995-Templates/install/ros_gz_example_bringup:/home/zak/INF3995-Templates/install/ros_gz_example_gazebo:/home/zak/INF3995-Templates/install/ros_gz_example_application:/opt/ros/humble IGN_GAZEBO_RESOURCE_PATH=/home/zak/INF3995-Templates/install/ros_gz_example_description/share/ros_gz_example_description/models:${IGN_GAZEBO_RESOURCE_PATH} /usr/bin/cmake --build /home/zak/INF3995-Templates/build/ros_gz_example_gazebo -- -j12 -l12
[1.005s] Invoking command in '/home/zak/INF3995-Templates/build/ros_gz_example_gazebo': CMAKE_PREFIX_PATH=/home/zak/INF3995-Templates/install/ros_gz_example_description:/home/zak/INF3995-Templates/install/ros_gz_example_bringup:/home/zak/INF3995-Templates/install/ros_gz_example_gazebo:/home/zak/INF3995-Templates/install/ros_gz_example_application:/opt/ros/humble IGN_GAZEBO_RESOURCE_PATH=/home/zak/INF3995-Templates/install/ros_gz_example_description/share/ros_gz_example_description/models:${IGN_GAZEBO_RESOURCE_PATH} /usr/bin/cmake --install /home/zak/INF3995-Templates/build/ros_gz_example_gazebo
[1.013s] -- Install configuration: ""
[1.013s] -- Up-to-date: /home/zak/INF3995-Templates/install/ros_gz_example_gazebo/share/ros_gz_example_gazebo/worlds
[1.013s] -- Up-to-date: /home/zak/INF3995-Templates/install/ros_gz_example_gazebo/share/ros_gz_example_gazebo/worlds/diff_drive.sdf
[1.013s] -- Up-to-date: /home/zak/INF3995-Templates/install/ros_gz_example_gazebo/share/ros_gz_example_gazebo/environment/ros_gz_example_gazebo.dsv
[1.013s] -- Up-to-date: /home/zak/INF3995-Templates/install/ros_gz_example_gazebo/share/ros_gz_example_gazebo/environment/ros_gz_example_gazebo.sh
[1.013s] -- Up-to-date: /home/zak/INF3995-Templates/install/ros_gz_example_gazebo/share/ament_index/resource_index/package_run_dependencies/ros_gz_example_gazebo
[1.014s] -- Installing: /home/zak/INF3995-Templates/install/ros_gz_example_gazebo/share/ament_index/resource_index/parent_prefix_path/ros_gz_example_gazebo
[1.014s] -- Up-to-date: /home/zak/INF3995-Templates/install/ros_gz_example_gazebo/share/ros_gz_example_gazebo/environment/ament_prefix_path.sh
[1.014s] -- Installing: /home/zak/INF3995-Templates/install/ros_gz_example_gazebo/share/ros_gz_example_gazebo/environment/ament_prefix_path.dsv
[1.014s] -- Up-to-date: /home/zak/INF3995-Templates/install/ros_gz_example_gazebo/share/ros_gz_example_gazebo/environment/path.sh
[1.014s] -- Installing: /home/zak/INF3995-Templates/install/ros_gz_example_gazebo/share/ros_gz_example_gazebo/environment/path.dsv
[1.014s] -- Up-to-date: /home/zak/INF3995-Templates/install/ros_gz_example_gazebo/share/ros_gz_example_gazebo/local_setup.bash
[1.014s] -- Up-to-date: /home/zak/INF3995-Templates/install/ros_gz_example_gazebo/share/ros_gz_example_gazebo/local_setup.sh
[1.014s] -- Up-to-date: /home/zak/INF3995-Templates/install/ros_gz_example_gazebo/share/ros_gz_example_gazebo/local_setup.zsh
[1.014s] -- Installing: /home/zak/INF3995-Templates/install/ros_gz_example_gazebo/share/ros_gz_example_gazebo/local_setup.dsv
[1.014s] -- Installing: /home/zak/INF3995-Templates/install/ros_gz_example_gazebo/share/ros_gz_example_gazebo/package.dsv
[1.015s] -- Up-to-date: /home/zak/INF3995-Templates/install/ros_gz_example_gazebo/share/ament_index/resource_index/packages/ros_gz_example_gazebo
[1.015s] -- Up-to-date: /home/zak/INF3995-Templates/install/ros_gz_example_gazebo/share/ros_gz_example_gazebo/cmake/ros_gz_example_gazeboConfig.cmake
[1.015s] -- Up-to-date: /home/zak/INF3995-Templates/install/ros_gz_example_gazebo/share/ros_gz_example_gazebo/cmake/ros_gz_example_gazeboConfig-version.cmake
[1.015s] -- Up-to-date: /home/zak/INF3995-Templates/install/ros_gz_example_gazebo/share/ros_gz_example_gazebo/package.xml
[1.016s] Invoked command in '/home/zak/INF3995-Templates/build/ros_gz_example_gazebo' returned '0': CMAKE_PREFIX_PATH=/home/zak/INF3995-Templates/install/ros_gz_example_description:/home/zak/INF3995-Templates/install/ros_gz_example_bringup:/home/zak/INF3995-Templates/install/ros_gz_example_gazebo:/home/zak/INF3995-Templates/install/ros_gz_example_application:/opt/ros/humble IGN_GAZEBO_RESOURCE_PATH=/home/zak/INF3995-Templates/install/ros_gz_example_description/share/ros_gz_example_description/models:${IGN_GAZEBO_RESOURCE_PATH} /usr/bin/cmake --install /home/zak/INF3995-Templates/build/ros_gz_example_gazebo
