[0.006s] Invoking command in '/home/zak/INF3995-Templates/build/ros_gz_example_application': CMAKE_PREFIX_PATH=${CMAKE_PREFIX_PATH}:/opt/ros/humble /usr/bin/cmake /home/zak/INF3995-Templates/project_ws/src/ros_gz_example_application -DBUILD_TESTING=ON -DCMAKE_INSTALL_PREFIX=/home/zak/INF3995-Templates/install/ros_gz_example_application
[0.016s] -- Found ament_cmake: 1.3.10 (/opt/ros/humble/share/ament_cmake/cmake)
[0.147s] -- Configuring done
[0.148s] -- Generating done
[0.148s] -- Build files have been written to: /home/zak/INF3995-Templates/build/ros_gz_example_application
[0.151s] Invoked command in '/home/zak/INF3995-Templates/build/ros_gz_example_application' returned '0': CMAKE_PREFIX_PATH=${CMAKE_PREFIX_PATH}:/opt/ros/humble /usr/bin/cmake /home/zak/INF3995-Templates/project_ws/src/ros_gz_example_application -DBUILD_TESTING=ON -DCMAKE_INSTALL_PREFIX=/home/zak/INF3995-Templates/install/ros_gz_example_application
[0.152s] Invoking command in '/home/zak/INF3995-Templates/build/ros_gz_example_application': CMAKE_PREFIX_PATH=${CMAKE_PREFIX_PATH}:/opt/ros/humble /usr/bin/cmake --build /home/zak/INF3995-Templates/build/ros_gz_example_application -- -j12 -l12
[0.179s] Invoked command in '/home/zak/INF3995-Templates/build/ros_gz_example_application' returned '0': CMAKE_PREFIX_PATH=${CMAKE_PREFIX_PATH}:/opt/ros/humble /usr/bin/cmake --build /home/zak/INF3995-Templates/build/ros_gz_example_application -- -j12 -l12
[0.203s] Invoking command in '/home/zak/INF3995-Templates/build/ros_gz_example_application': CMAKE_PREFIX_PATH=${CMAKE_PREFIX_PATH}:/opt/ros/humble /usr/bin/cmake --install /home/zak/INF3995-Templates/build/ros_gz_example_application
[0.210s] -- Install configuration: ""
[0.210s] -- Up-to-date: /home/zak/INF3995-Templates/install/ros_gz_example_application/share/ament_index/resource_index/package_run_dependencies/ros_gz_example_application
[0.210s] -- Up-to-date: /home/zak/INF3995-Templates/install/ros_gz_example_application/share/ament_index/resource_index/parent_prefix_path/ros_gz_example_application
[0.210s] -- Up-to-date: /home/zak/INF3995-Templates/install/ros_gz_example_application/share/ros_gz_example_application/environment/ament_prefix_path.sh
[0.211s] -- Installing: /home/zak/INF3995-Templates/install/ros_gz_example_application/share/ros_gz_example_application/environment/ament_prefix_path.dsv
[0.211s] -- Up-to-date: /home/zak/INF3995-Templates/install/ros_gz_example_application/share/ros_gz_example_application/environment/path.sh
[0.211s] -- Installing: /home/zak/INF3995-Templates/install/ros_gz_example_application/share/ros_gz_example_application/environment/path.dsv
[0.211s] -- Up-to-date: /home/zak/INF3995-Templates/install/ros_gz_example_application/share/ros_gz_example_application/local_setup.bash
[0.211s] -- Up-to-date: /home/zak/INF3995-Templates/install/ros_gz_example_application/share/ros_gz_example_application/local_setup.sh
[0.211s] -- Up-to-date: /home/zak/INF3995-Templates/install/ros_gz_example_application/share/ros_gz_example_application/local_setup.zsh
[0.211s] -- Installing: /home/zak/INF3995-Templates/install/ros_gz_example_application/share/ros_gz_example_application/local_setup.dsv
[0.211s] -- Installing: /home/zak/INF3995-Templates/install/ros_gz_example_application/share/ros_gz_example_application/package.dsv
[0.211s] -- Up-to-date: /home/zak/INF3995-Templates/install/ros_gz_example_application/share/ament_index/resource_index/packages/ros_gz_example_application
[0.211s] -- Up-to-date: /home/zak/INF3995-Templates/install/ros_gz_example_application/share/ros_gz_example_application/cmake/ros_gz_example_applicationConfig.cmake
[0.211s] -- Up-to-date: /home/zak/INF3995-Templates/install/ros_gz_example_application/share/ros_gz_example_application/cmake/ros_gz_example_applicationConfig-version.cmake
[0.211s] -- Up-to-date: /home/zak/INF3995-Templates/install/ros_gz_example_application/share/ros_gz_example_application/package.xml
[0.217s] Invoked command in '/home/zak/INF3995-Templates/build/ros_gz_example_application' returned '0': CMAKE_PREFIX_PATH=${CMAKE_PREFIX_PATH}:/opt/ros/humble /usr/bin/cmake --install /home/zak/INF3995-Templates/build/ros_gz_example_application
