[0.009s] Invoking command in '/home/zak/INF3995-Templates/build/ros_gz_example_bringup': CMAKE_PREFIX_PATH=/home/zak/INF3995-Templates/install/ros_gz_example_gazebo:/home/zak/INF3995-Templates/install/ros_gz_example_description:/home/zak/INF3995-Templates/install/ros_gz_example_bringup:/home/zak/INF3995-Templates/install/ros_gz_example_application:/opt/ros/humble IGN_GAZEBO_PLUGIN_PATH=/home/zak/INF3995-Templates/install/ros_gz_example_gazebo/lib/ros_gz_example_gazebo IGN_GAZEBO_RESOURCE_PATH=/home/zak/INF3995-Templates/install/ros_gz_example_description/share/ros_gz_example_description/models:${IGN_GAZEBO_RESOURCE_PATH} /usr/bin/cmake /home/zak/INF3995-Templates/project_ws/src/ros_gz_example_bringup -DCMAKE_INSTALL_PREFIX=/home/zak/INF3995-Templates/install/ros_gz_example_bringup
[0.021s] -- Found ament_cmake: 1.3.10 (/opt/ros/humble/share/ament_cmake/cmake)
[0.112s] -- Found ros_gz_example_description: 0.0.0 (/home/zak/INF3995-Templates/install/ros_gz_example_description/share/ros_gz_example_description/cmake)
[0.112s] -- Found ros_gz_example_gazebo: 0.0.0 (/home/zak/INF3995-Templates/install/ros_gz_example_gazebo/share/ros_gz_example_gazebo/cmake)
[0.112s] -- Found ament_lint_auto: 0.12.11 (/opt/ros/humble/share/ament_lint_auto/cmake)
[0.154s] -- Configuring done
[0.155s] -- Generating done
[0.156s] -- Build files have been written to: /home/zak/INF3995-Templates/build/ros_gz_example_bringup
[0.159s] Invoked command in '/home/zak/INF3995-Templates/build/ros_gz_example_bringup' returned '0': CMAKE_PREFIX_PATH=/home/zak/INF3995-Templates/install/ros_gz_example_gazebo:/home/zak/INF3995-Templates/install/ros_gz_example_description:/home/zak/INF3995-Templates/install/ros_gz_example_bringup:/home/zak/INF3995-Templates/install/ros_gz_example_application:/opt/ros/humble IGN_GAZEBO_PLUGIN_PATH=/home/zak/INF3995-Templates/install/ros_gz_example_gazebo/lib/ros_gz_example_gazebo IGN_GAZEBO_RESOURCE_PATH=/home/zak/INF3995-Templates/install/ros_gz_example_description/share/ros_gz_example_description/models:${IGN_GAZEBO_RESOURCE_PATH} /usr/bin/cmake /home/zak/INF3995-Templates/project_ws/src/ros_gz_example_bringup -DCMAKE_INSTALL_PREFIX=/home/zak/INF3995-Templates/install/ros_gz_example_bringup
[0.159s] Invoking command in '/home/zak/INF3995-Templates/build/ros_gz_example_bringup': CMAKE_PREFIX_PATH=/home/zak/INF3995-Templates/install/ros_gz_example_gazebo:/home/zak/INF3995-Templates/install/ros_gz_example_description:/home/zak/INF3995-Templates/install/ros_gz_example_bringup:/home/zak/INF3995-Templates/install/ros_gz_example_application:/opt/ros/humble IGN_GAZEBO_PLUGIN_PATH=/home/zak/INF3995-Templates/install/ros_gz_example_gazebo/lib/ros_gz_example_gazebo IGN_GAZEBO_RESOURCE_PATH=/home/zak/INF3995-Templates/install/ros_gz_example_description/share/ros_gz_example_description/models:${IGN_GAZEBO_RESOURCE_PATH} /usr/bin/cmake --build /home/zak/INF3995-Templates/build/ros_gz_example_bringup -- -j12 -l12
[0.192s] Invoked command in '/home/zak/INF3995-Templates/build/ros_gz_example_bringup' returned '0': CMAKE_PREFIX_PATH=/home/zak/INF3995-Templates/install/ros_gz_example_gazebo:/home/zak/INF3995-Templates/install/ros_gz_example_description:/home/zak/INF3995-Templates/install/ros_gz_example_bringup:/home/zak/INF3995-Templates/install/ros_gz_example_application:/opt/ros/humble IGN_GAZEBO_PLUGIN_PATH=/home/zak/INF3995-Templates/install/ros_gz_example_gazebo/lib/ros_gz_example_gazebo IGN_GAZEBO_RESOURCE_PATH=/home/zak/INF3995-Templates/install/ros_gz_example_description/share/ros_gz_example_description/models:${IGN_GAZEBO_RESOURCE_PATH} /usr/bin/cmake --build /home/zak/INF3995-Templates/build/ros_gz_example_bringup -- -j12 -l12
[0.219s] Invoking command in '/home/zak/INF3995-Templates/build/ros_gz_example_bringup': CMAKE_PREFIX_PATH=/home/zak/INF3995-Templates/install/ros_gz_example_gazebo:/home/zak/INF3995-Templates/install/ros_gz_example_description:/home/zak/INF3995-Templates/install/ros_gz_example_bringup:/home/zak/INF3995-Templates/install/ros_gz_example_application:/opt/ros/humble IGN_GAZEBO_PLUGIN_PATH=/home/zak/INF3995-Templates/install/ros_gz_example_gazebo/lib/ros_gz_example_gazebo IGN_GAZEBO_RESOURCE_PATH=/home/zak/INF3995-Templates/install/ros_gz_example_description/share/ros_gz_example_description/models:${IGN_GAZEBO_RESOURCE_PATH} /usr/bin/cmake --install /home/zak/INF3995-Templates/build/ros_gz_example_bringup
[0.227s] -- Install configuration: ""
[0.228s] -- Up-to-date: /home/zak/INF3995-Templates/install/ros_gz_example_bringup/share/ros_gz_example_bringup/launch
[0.228s] -- Up-to-date: /home/zak/INF3995-Templates/install/ros_gz_example_bringup/share/ros_gz_example_bringup/launch/diff_drive.launch.py
[0.228s] -- Installing: /home/zak/INF3995-Templates/install/ros_gz_example_bringup/share/ros_gz_example_bringup/launch/log
[0.228s] -- Installing: /home/zak/INF3995-Templates/install/ros_gz_example_bringup/share/ros_gz_example_bringup/launch/log/latest
[0.228s] -- Installing: /home/zak/INF3995-Templates/install/ros_gz_example_bringup/share/ros_gz_example_bringup/launch/log/COLCON_IGNORE
[0.228s] -- Installing: /home/zak/INF3995-Templates/install/ros_gz_example_bringup/share/ros_gz_example_bringup/launch/log/latest_list
[0.228s] -- Installing: /home/zak/INF3995-Templates/install/ros_gz_example_bringup/share/ros_gz_example_bringup/launch/log/list_2024-08-29_11-55-33
[0.229s] -- Installing: /home/zak/INF3995-Templates/install/ros_gz_example_bringup/share/ros_gz_example_bringup/launch/log/list_2024-08-29_11-55-33/logger_all.log
[0.229s] -- Up-to-date: /home/zak/INF3995-Templates/install/ros_gz_example_bringup/share/ros_gz_example_bringup/launch/__pycache__
[0.229s] -- Installing: /home/zak/INF3995-Templates/install/ros_gz_example_bringup/share/ros_gz_example_bringup/launch/__pycache__/diff_drive.launch.cpython-310.pyc
[0.229s] -- Up-to-date: /home/zak/INF3995-Templates/install/ros_gz_example_bringup/share/ros_gz_example_bringup/config
[0.229s] -- Up-to-date: /home/zak/INF3995-Templates/install/ros_gz_example_bringup/share/ros_gz_example_bringup/config/cartographer_2d.lua
[0.229s] -- Up-to-date: /home/zak/INF3995-Templates/install/ros_gz_example_bringup/share/ros_gz_example_bringup/config/diff_drive.rviz
[0.229s] -- Up-to-date: /home/zak/INF3995-Templates/install/ros_gz_example_bringup/share/ros_gz_example_bringup/config/ros_gz_example_bridge.yaml
[0.229s] -- Up-to-date: /home/zak/INF3995-Templates/install/ros_gz_example_bringup/share/ros_gz_example_bringup/config/limo_diff_drive.rviz
[0.229s] -- Up-to-date: /home/zak/INF3995-Templates/install/ros_gz_example_bringup/share/ament_index/resource_index/package_run_dependencies/ros_gz_example_bringup
[0.229s] -- Installing: /home/zak/INF3995-Templates/install/ros_gz_example_bringup/share/ament_index/resource_index/parent_prefix_path/ros_gz_example_bringup
[0.229s] -- Up-to-date: /home/zak/INF3995-Templates/install/ros_gz_example_bringup/share/ros_gz_example_bringup/environment/ament_prefix_path.sh
[0.229s] -- Installing: /home/zak/INF3995-Templates/install/ros_gz_example_bringup/share/ros_gz_example_bringup/environment/ament_prefix_path.dsv
[0.229s] -- Up-to-date: /home/zak/INF3995-Templates/install/ros_gz_example_bringup/share/ros_gz_example_bringup/environment/path.sh
[0.229s] -- Installing: /home/zak/INF3995-Templates/install/ros_gz_example_bringup/share/ros_gz_example_bringup/environment/path.dsv
[0.229s] -- Up-to-date: /home/zak/INF3995-Templates/install/ros_gz_example_bringup/share/ros_gz_example_bringup/local_setup.bash
[0.229s] -- Up-to-date: /home/zak/INF3995-Templates/install/ros_gz_example_bringup/share/ros_gz_example_bringup/local_setup.sh
[0.229s] -- Up-to-date: /home/zak/INF3995-Templates/install/ros_gz_example_bringup/share/ros_gz_example_bringup/local_setup.zsh
[0.229s] -- Installing: /home/zak/INF3995-Templates/install/ros_gz_example_bringup/share/ros_gz_example_bringup/local_setup.dsv
[0.230s] -- Installing: /home/zak/INF3995-Templates/install/ros_gz_example_bringup/share/ros_gz_example_bringup/package.dsv
[0.230s] -- Up-to-date: /home/zak/INF3995-Templates/install/ros_gz_example_bringup/share/ament_index/resource_index/packages/ros_gz_example_bringup
[0.230s] -- Up-to-date: /home/zak/INF3995-Templates/install/ros_gz_example_bringup/share/ros_gz_example_bringup/cmake/ros_gz_example_bringupConfig.cmake
[0.230s] -- Up-to-date: /home/zak/INF3995-Templates/install/ros_gz_example_bringup/share/ros_gz_example_bringup/cmake/ros_gz_example_bringupConfig-version.cmake
[0.230s] -- Up-to-date: /home/zak/INF3995-Templates/install/ros_gz_example_bringup/share/ros_gz_example_bringup/package.xml
[0.231s] Invoked command in '/home/zak/INF3995-Templates/build/ros_gz_example_bringup' returned '0': CMAKE_PREFIX_PATH=/home/zak/INF3995-Templates/install/ros_gz_example_gazebo:/home/zak/INF3995-Templates/install/ros_gz_example_description:/home/zak/INF3995-Templates/install/ros_gz_example_bringup:/home/zak/INF3995-Templates/install/ros_gz_example_application:/opt/ros/humble IGN_GAZEBO_PLUGIN_PATH=/home/zak/INF3995-Templates/install/ros_gz_example_gazebo/lib/ros_gz_example_gazebo IGN_GAZEBO_RESOURCE_PATH=/home/zak/INF3995-Templates/install/ros_gz_example_description/share/ros_gz_example_description/models:${IGN_GAZEBO_RESOURCE_PATH} /usr/bin/cmake --install /home/zak/INF3995-Templates/build/ros_gz_example_bringup
