[0.008s] Invoking command in '/home/zak/INF3995-Templates/build/ros_gz_example_description': CMAKE_PREFIX_PATH=/opt/ros/humble /usr/bin/cmake --build /home/zak/INF3995-Templates/build/ros_gz_example_description -- -j12 -l12
[0.034s] Invoked command in '/home/zak/INF3995-Templates/build/ros_gz_example_description' returned '0': CMAKE_PREFIX_PATH=/opt/ros/humble /usr/bin/cmake --build /home/zak/INF3995-Templates/build/ros_gz_example_description -- -j12 -l12
[0.058s] Invoking command in '/home/zak/INF3995-Templates/build/ros_gz_example_description': CMAKE_PREFIX_PATH=/opt/ros/humble /usr/bin/cmake --install /home/zak/INF3995-Templates/build/ros_gz_example_description
[0.066s] -- Install configuration: ""
[0.066s] -- Up-to-date: /home/zak/INF3995-Templates/install/ros_gz_example_description/share/ros_gz_example_description/models
[0.066s] -- Up-to-date: /home/zak/INF3995-Templates/install/ros_gz_example_description/share/ros_gz_example_description/models/limo_ackerman
[0.066s] -- Up-to-date: /home/zak/INF3995-Templates/install/ros_gz_example_description/share/ros_gz_example_description/models/limo_ackerman/model.sdf
[0.066s] -- Up-to-date: /home/zak/INF3995-Templates/install/ros_gz_example_description/share/ros_gz_example_description/models/limo_ackerman/meshes
[0.066s] -- Up-to-date: /home/zak/INF3995-Templates/install/ros_gz_example_description/share/ros_gz_example_description/models/limo_ackerman/meshes/limo_base.dae
[0.066s] -- Up-to-date: /home/zak/INF3995-Templates/install/ros_gz_example_description/share/ros_gz_example_description/models/limo_ackerman/meshes/limo_base.stl
[0.066s] -- Up-to-date: /home/zak/INF3995-Templates/install/ros_gz_example_description/share/ros_gz_example_description/models/limo_ackerman/meshes/limo_wheel.dae
[0.066s] -- Up-to-date: /home/zak/INF3995-Templates/install/ros_gz_example_description/share/ros_gz_example_description/models/limo_ackerman/meshes/limo_wheel.stl
[0.066s] -- Up-to-date: /home/zak/INF3995-Templates/install/ros_gz_example_description/share/ros_gz_example_description/models/limo_ackerman/model.config
[0.066s] -- Up-to-date: /home/zak/INF3995-Templates/install/ros_gz_example_description/share/ros_gz_example_description/models/limo_diff_drive
[0.066s] -- Up-to-date: /home/zak/INF3995-Templates/install/ros_gz_example_description/share/ros_gz_example_description/models/limo_diff_drive/model.sdf
[0.066s] -- Up-to-date: /home/zak/INF3995-Templates/install/ros_gz_example_description/share/ros_gz_example_description/models/limo_diff_drive/meshes
[0.066s] -- Up-to-date: /home/zak/INF3995-Templates/install/ros_gz_example_description/share/ros_gz_example_description/models/limo_diff_drive/meshes/limo_base.dae
[0.067s] -- Up-to-date: /home/zak/INF3995-Templates/install/ros_gz_example_description/share/ros_gz_example_description/models/limo_diff_drive/meshes/limo_base.stl
[0.067s] -- Up-to-date: /home/zak/INF3995-Templates/install/ros_gz_example_description/share/ros_gz_example_description/models/limo_diff_drive/meshes/limo_wheel.dae
[0.067s] -- Up-to-date: /home/zak/INF3995-Templates/install/ros_gz_example_description/share/ros_gz_example_description/models/limo_diff_drive/meshes/limo_wheel.stl
[0.067s] -- Up-to-date: /home/zak/INF3995-Templates/install/ros_gz_example_description/share/ros_gz_example_description/models/limo_diff_drive/model.config
[0.067s] -- Up-to-date: /home/zak/INF3995-Templates/install/ros_gz_example_description/share/ros_gz_example_description/environment/ros_gz_example_description.dsv
[0.067s] -- Up-to-date: /home/zak/INF3995-Templates/install/ros_gz_example_description/share/ros_gz_example_description/environment/ros_gz_example_description.sh
[0.067s] -- Up-to-date: /home/zak/INF3995-Templates/install/ros_gz_example_description/share/ament_index/resource_index/package_run_dependencies/ros_gz_example_description
[0.067s] -- Up-to-date: /home/zak/INF3995-Templates/install/ros_gz_example_description/share/ament_index/resource_index/parent_prefix_path/ros_gz_example_description
[0.067s] -- Up-to-date: /home/zak/INF3995-Templates/install/ros_gz_example_description/share/ros_gz_example_description/environment/ament_prefix_path.sh
[0.067s] -- Up-to-date: /home/zak/INF3995-Templates/install/ros_gz_example_description/share/ros_gz_example_description/environment/ament_prefix_path.dsv
[0.067s] -- Up-to-date: /home/zak/INF3995-Templates/install/ros_gz_example_description/share/ros_gz_example_description/environment/path.sh
[0.067s] -- Up-to-date: /home/zak/INF3995-Templates/install/ros_gz_example_description/share/ros_gz_example_description/environment/path.dsv
[0.067s] -- Up-to-date: /home/zak/INF3995-Templates/install/ros_gz_example_description/share/ros_gz_example_description/local_setup.bash
[0.067s] -- Up-to-date: /home/zak/INF3995-Templates/install/ros_gz_example_description/share/ros_gz_example_description/local_setup.sh
[0.067s] -- Up-to-date: /home/zak/INF3995-Templates/install/ros_gz_example_description/share/ros_gz_example_description/local_setup.zsh
[0.067s] -- Up-to-date: /home/zak/INF3995-Templates/install/ros_gz_example_description/share/ros_gz_example_description/local_setup.dsv
[0.067s] -- Installing: /home/zak/INF3995-Templates/install/ros_gz_example_description/share/ros_gz_example_description/package.dsv
[0.068s] -- Up-to-date: /home/zak/INF3995-Templates/install/ros_gz_example_description/share/ament_index/resource_index/packages/ros_gz_example_description
[0.068s] -- Up-to-date: /home/zak/INF3995-Templates/install/ros_gz_example_description/share/ros_gz_example_description/cmake/ros_gz_example_descriptionConfig.cmake
[0.068s] -- Up-to-date: /home/zak/INF3995-Templates/install/ros_gz_example_description/share/ros_gz_example_description/cmake/ros_gz_example_descriptionConfig-version.cmake
[0.068s] -- Up-to-date: /home/zak/INF3995-Templates/install/ros_gz_example_description/share/ros_gz_example_description/package.xml
[0.070s] Invoked command in '/home/zak/INF3995-Templates/build/ros_gz_example_description' returned '0': CMAKE_PREFIX_PATH=/opt/ros/humble /usr/bin/cmake --install /home/zak/INF3995-Templates/build/ros_gz_example_description
