[0.062s] DEBUG:colcon:Command line arguments: ['/usr/bin/colcon', 'build', '--cmake-args', '-DBUILD_TESTING=ON']
[0.062s] DEBUG:colcon:Parsed command line arguments: Namespace(log_base=None, log_level=None, verb_name='build', build_base='build', install_base='install', merge_install=False, symlink_install=False, test_result_base=None, continue_on_error=False, executor='parallel', parallel_workers=12, event_handlers=None, ignore_user_meta=False, metas=['./colcon.meta'], base_paths=['.'], packages_ignore=None, packages_ignore_regex=None, paths=None, packages_up_to=None, packages_up_to_regex=None, packages_above=None, packages_above_and_dependencies=None, packages_above_depth=None, packages_select_by_dep=None, packages_skip_by_dep=None, packages_skip_up_to=None, packages_select_build_failed=False, packages_skip_build_finished=False, packages_select_test_failures=False, packages_skip_test_passed=False, packages_select=None, packages_skip=None, packages_select_regex=None, packages_skip_regex=None, packages_start=None, packages_end=None, allow_overriding=[], cmake_args=['-DBUILD_TESTING=ON'], cmake_target=None, cmake_target_skip_unavailable=False, cmake_clean_cache=False, cmake_clean_first=False, cmake_force_configure=False, ament_cmake_args=None, catkin_cmake_args=None, catkin_skip_building_tests=False, verb_parser=<colcon_defaults.argument_parser.defaults.DefaultArgumentsDecorator object at 0x7655c4d0f9d0>, verb_extension=<colcon_core.verb.build.BuildVerb object at 0x7655c4d0f4c0>, main=<bound method BuildVerb.main of <colcon_core.verb.build.BuildVerb object at 0x7655c4d0f4c0>>)
[0.150s] Level 1:colcon.colcon_core.package_discovery:discover_packages(colcon_meta) check parameters
[0.150s] Level 1:colcon.colcon_core.package_discovery:discover_packages(recursive) check parameters
[0.150s] Level 1:colcon.colcon_core.package_discovery:discover_packages(ignore) check parameters
[0.150s] Level 1:colcon.colcon_core.package_discovery:discover_packages(path) check parameters
[0.150s] Level 1:colcon.colcon_core.package_discovery:discover_packages(colcon_meta) discover
[0.150s] Level 1:colcon.colcon_core.package_discovery:discover_packages(recursive) discover
[0.150s] INFO:colcon.colcon_core.package_discovery:Crawling recursively for packages in '/home/zak/INF3995-Templates'
[0.150s] Level 1:colcon.colcon_core.package_identification:_identify(.) by extensions ['ignore', 'ignore_ament_install']
[0.150s] Level 1:colcon.colcon_core.package_identification:_identify(.) by extension 'ignore'
[0.150s] Level 1:colcon.colcon_core.package_identification:_identify(.) by extension 'ignore_ament_install'
[0.151s] Level 1:colcon.colcon_core.package_identification:_identify(.) by extensions ['colcon_pkg']
[0.151s] Level 1:colcon.colcon_core.package_identification:_identify(.) by extension 'colcon_pkg'
[0.151s] Level 1:colcon.colcon_core.package_identification:_identify(.) by extensions ['colcon_meta']
[0.151s] Level 1:colcon.colcon_core.package_identification:_identify(.) by extension 'colcon_meta'
[0.151s] Level 1:colcon.colcon_core.package_identification:_identify(.) by extensions ['ros']
[0.151s] Level 1:colcon.colcon_core.package_identification:_identify(.) by extension 'ros'
[0.158s] Level 1:colcon.colcon_core.package_identification:_identify(.) by extensions ['cmake', 'python']
[0.158s] Level 1:colcon.colcon_core.package_identification:_identify(.) by extension 'cmake'
[0.158s] Level 1:colcon.colcon_core.package_identification:_identify(.) by extension 'python'
[0.158s] Level 1:colcon.colcon_core.package_identification:_identify(.) by extensions ['python_setup_py']
[0.158s] Level 1:colcon.colcon_core.package_identification:_identify(.) by extension 'python_setup_py'
[0.159s] Level 1:colcon.colcon_core.package_identification:_identify(Installation) by extensions ['ignore', 'ignore_ament_install']
[0.159s] Level 1:colcon.colcon_core.package_identification:_identify(Installation) by extension 'ignore'
[0.159s] Level 1:colcon.colcon_core.package_identification:_identify(Installation) by extension 'ignore_ament_install'
[0.159s] Level 1:colcon.colcon_core.package_identification:_identify(Installation) by extensions ['colcon_pkg']
[0.159s] Level 1:colcon.colcon_core.package_identification:_identify(Installation) by extension 'colcon_pkg'
[0.159s] Level 1:colcon.colcon_core.package_identification:_identify(Installation) by extensions ['colcon_meta']
[0.159s] Level 1:colcon.colcon_core.package_identification:_identify(Installation) by extension 'colcon_meta'
[0.159s] Level 1:colcon.colcon_core.package_identification:_identify(Installation) by extensions ['ros']
[0.159s] Level 1:colcon.colcon_core.package_identification:_identify(Installation) by extension 'ros'
[0.159s] Level 1:colcon.colcon_core.package_identification:_identify(Installation) by extensions ['cmake', 'python']
[0.159s] Level 1:colcon.colcon_core.package_identification:_identify(Installation) by extension 'cmake'
[0.159s] Level 1:colcon.colcon_core.package_identification:_identify(Installation) by extension 'python'
[0.159s] Level 1:colcon.colcon_core.package_identification:_identify(Installation) by extensions ['python_setup_py']
[0.159s] Level 1:colcon.colcon_core.package_identification:_identify(Installation) by extension 'python_setup_py'
[0.159s] Level 1:colcon.colcon_core.package_identification:_identify(Installation/Any-Docker-VNC) by extensions ['ignore', 'ignore_ament_install']
[0.159s] Level 1:colcon.colcon_core.package_identification:_identify(Installation/Any-Docker-VNC) by extension 'ignore'
[0.159s] Level 1:colcon.colcon_core.package_identification:_identify(Installation/Any-Docker-VNC) by extension 'ignore_ament_install'
[0.159s] Level 1:colcon.colcon_core.package_identification:_identify(Installation/Any-Docker-VNC) by extensions ['colcon_pkg']
[0.159s] Level 1:colcon.colcon_core.package_identification:_identify(Installation/Any-Docker-VNC) by extension 'colcon_pkg'
[0.159s] Level 1:colcon.colcon_core.package_identification:_identify(Installation/Any-Docker-VNC) by extensions ['colcon_meta']
[0.159s] Level 1:colcon.colcon_core.package_identification:_identify(Installation/Any-Docker-VNC) by extension 'colcon_meta'
[0.159s] Level 1:colcon.colcon_core.package_identification:_identify(Installation/Any-Docker-VNC) by extensions ['ros']
[0.159s] Level 1:colcon.colcon_core.package_identification:_identify(Installation/Any-Docker-VNC) by extension 'ros'
[0.159s] Level 1:colcon.colcon_core.package_identification:_identify(Installation/Any-Docker-VNC) by extensions ['cmake', 'python']
[0.159s] Level 1:colcon.colcon_core.package_identification:_identify(Installation/Any-Docker-VNC) by extension 'cmake'
[0.159s] Level 1:colcon.colcon_core.package_identification:_identify(Installation/Any-Docker-VNC) by extension 'python'
[0.159s] Level 1:colcon.colcon_core.package_identification:_identify(Installation/Any-Docker-VNC) by extensions ['python_setup_py']
[0.159s] Level 1:colcon.colcon_core.package_identification:_identify(Installation/Any-Docker-VNC) by extension 'python_setup_py'
[0.159s] Level 1:colcon.colcon_core.package_identification:_identify(Installation/Linux-Docker-X11) by extensions ['ignore', 'ignore_ament_install']
[0.159s] Level 1:colcon.colcon_core.package_identification:_identify(Installation/Linux-Docker-X11) by extension 'ignore'
[0.159s] Level 1:colcon.colcon_core.package_identification:_identify(Installation/Linux-Docker-X11) by extension 'ignore_ament_install'
[0.159s] Level 1:colcon.colcon_core.package_identification:_identify(Installation/Linux-Docker-X11) by extensions ['colcon_pkg']
[0.159s] Level 1:colcon.colcon_core.package_identification:_identify(Installation/Linux-Docker-X11) by extension 'colcon_pkg'
[0.159s] Level 1:colcon.colcon_core.package_identification:_identify(Installation/Linux-Docker-X11) by extensions ['colcon_meta']
[0.159s] Level 1:colcon.colcon_core.package_identification:_identify(Installation/Linux-Docker-X11) by extension 'colcon_meta'
[0.159s] Level 1:colcon.colcon_core.package_identification:_identify(Installation/Linux-Docker-X11) by extensions ['ros']
[0.159s] Level 1:colcon.colcon_core.package_identification:_identify(Installation/Linux-Docker-X11) by extension 'ros'
[0.160s] Level 1:colcon.colcon_core.package_identification:_identify(Installation/Linux-Docker-X11) by extensions ['cmake', 'python']
[0.160s] Level 1:colcon.colcon_core.package_identification:_identify(Installation/Linux-Docker-X11) by extension 'cmake'
[0.160s] Level 1:colcon.colcon_core.package_identification:_identify(Installation/Linux-Docker-X11) by extension 'python'
[0.160s] Level 1:colcon.colcon_core.package_identification:_identify(Installation/Linux-Docker-X11) by extensions ['python_setup_py']
[0.160s] Level 1:colcon.colcon_core.package_identification:_identify(Installation/Linux-Docker-X11) by extension 'python_setup_py'
[0.160s] Level 1:colcon.colcon_core.package_identification:_identify(Installation/Ubuntu22.04) by extensions ['ignore', 'ignore_ament_install']
[0.160s] Level 1:colcon.colcon_core.package_identification:_identify(Installation/Ubuntu22.04) by extension 'ignore'
[0.160s] Level 1:colcon.colcon_core.package_identification:_identify(Installation/Ubuntu22.04) by extension 'ignore_ament_install'
[0.160s] Level 1:colcon.colcon_core.package_identification:_identify(Installation/Ubuntu22.04) by extensions ['colcon_pkg']
[0.160s] Level 1:colcon.colcon_core.package_identification:_identify(Installation/Ubuntu22.04) by extension 'colcon_pkg'
[0.160s] Level 1:colcon.colcon_core.package_identification:_identify(Installation/Ubuntu22.04) by extensions ['colcon_meta']
[0.160s] Level 1:colcon.colcon_core.package_identification:_identify(Installation/Ubuntu22.04) by extension 'colcon_meta'
[0.160s] Level 1:colcon.colcon_core.package_identification:_identify(Installation/Ubuntu22.04) by extensions ['ros']
[0.160s] Level 1:colcon.colcon_core.package_identification:_identify(Installation/Ubuntu22.04) by extension 'ros'
[0.160s] Level 1:colcon.colcon_core.package_identification:_identify(Installation/Ubuntu22.04) by extensions ['cmake', 'python']
[0.160s] Level 1:colcon.colcon_core.package_identification:_identify(Installation/Ubuntu22.04) by extension 'cmake'
[0.160s] Level 1:colcon.colcon_core.package_identification:_identify(Installation/Ubuntu22.04) by extension 'python'
[0.160s] Level 1:colcon.colcon_core.package_identification:_identify(Installation/Ubuntu22.04) by extensions ['python_setup_py']
[0.160s] Level 1:colcon.colcon_core.package_identification:_identify(Installation/Ubuntu22.04) by extension 'python_setup_py'
[0.160s] Level 1:colcon.colcon_core.package_identification:_identify(build) by extensions ['ignore', 'ignore_ament_install']
[0.160s] Level 1:colcon.colcon_core.package_identification:_identify(build) by extension 'ignore'
[0.160s] Level 1:colcon.colcon_core.package_identification:_identify(build) ignored
[0.160s] Level 1:colcon.colcon_core.package_identification:_identify(install) by extensions ['ignore', 'ignore_ament_install']
[0.160s] Level 1:colcon.colcon_core.package_identification:_identify(install) by extension 'ignore'
[0.160s] Level 1:colcon.colcon_core.package_identification:_identify(install) ignored
[0.160s] Level 1:colcon.colcon_core.package_identification:_identify(log) by extensions ['ignore', 'ignore_ament_install']
[0.160s] Level 1:colcon.colcon_core.package_identification:_identify(log) by extension 'ignore'
[0.160s] Level 1:colcon.colcon_core.package_identification:_identify(log) ignored
[0.160s] Level 1:colcon.colcon_core.package_identification:_identify(project_ws) by extensions ['ignore', 'ignore_ament_install']
[0.160s] Level 1:colcon.colcon_core.package_identification:_identify(project_ws) by extension 'ignore'
[0.160s] Level 1:colcon.colcon_core.package_identification:_identify(project_ws) by extension 'ignore_ament_install'
[0.160s] Level 1:colcon.colcon_core.package_identification:_identify(project_ws) by extensions ['colcon_pkg']
[0.160s] Level 1:colcon.colcon_core.package_identification:_identify(project_ws) by extension 'colcon_pkg'
[0.161s] Level 1:colcon.colcon_core.package_identification:_identify(project_ws) by extensions ['colcon_meta']
[0.161s] Level 1:colcon.colcon_core.package_identification:_identify(project_ws) by extension 'colcon_meta'
[0.161s] Level 1:colcon.colcon_core.package_identification:_identify(project_ws) by extensions ['ros']
[0.161s] Level 1:colcon.colcon_core.package_identification:_identify(project_ws) by extension 'ros'
[0.161s] Level 1:colcon.colcon_core.package_identification:_identify(project_ws) by extensions ['cmake', 'python']
[0.161s] Level 1:colcon.colcon_core.package_identification:_identify(project_ws) by extension 'cmake'
[0.161s] Level 1:colcon.colcon_core.package_identification:_identify(project_ws) by extension 'python'
[0.161s] Level 1:colcon.colcon_core.package_identification:_identify(project_ws) by extensions ['python_setup_py']
[0.161s] Level 1:colcon.colcon_core.package_identification:_identify(project_ws) by extension 'python_setup_py'
[0.161s] Level 1:colcon.colcon_core.package_identification:_identify(project_ws/src) by extensions ['ignore', 'ignore_ament_install']
[0.161s] Level 1:colcon.colcon_core.package_identification:_identify(project_ws/src) by extension 'ignore'
[0.161s] Level 1:colcon.colcon_core.package_identification:_identify(project_ws/src) by extension 'ignore_ament_install'
[0.161s] Level 1:colcon.colcon_core.package_identification:_identify(project_ws/src) by extensions ['colcon_pkg']
[0.161s] Level 1:colcon.colcon_core.package_identification:_identify(project_ws/src) by extension 'colcon_pkg'
[0.161s] Level 1:colcon.colcon_core.package_identification:_identify(project_ws/src) by extensions ['colcon_meta']
[0.161s] Level 1:colcon.colcon_core.package_identification:_identify(project_ws/src) by extension 'colcon_meta'
[0.161s] Level 1:colcon.colcon_core.package_identification:_identify(project_ws/src) by extensions ['ros']
[0.161s] Level 1:colcon.colcon_core.package_identification:_identify(project_ws/src) by extension 'ros'
[0.161s] Level 1:colcon.colcon_core.package_identification:_identify(project_ws/src) by extensions ['cmake', 'python']
[0.161s] Level 1:colcon.colcon_core.package_identification:_identify(project_ws/src) by extension 'cmake'
[0.161s] Level 1:colcon.colcon_core.package_identification:_identify(project_ws/src) by extension 'python'
[0.161s] Level 1:colcon.colcon_core.package_identification:_identify(project_ws/src) by extensions ['python_setup_py']
[0.161s] Level 1:colcon.colcon_core.package_identification:_identify(project_ws/src) by extension 'python_setup_py'
[0.161s] Level 1:colcon.colcon_core.package_identification:_identify(project_ws/src/ros_gz_example_application) by extensions ['ignore', 'ignore_ament_install']
[0.161s] Level 1:colcon.colcon_core.package_identification:_identify(project_ws/src/ros_gz_example_application) by extension 'ignore'
[0.161s] Level 1:colcon.colcon_core.package_identification:_identify(project_ws/src/ros_gz_example_application) by extension 'ignore_ament_install'
[0.161s] Level 1:colcon.colcon_core.package_identification:_identify(project_ws/src/ros_gz_example_application) by extensions ['colcon_pkg']
[0.161s] Level 1:colcon.colcon_core.package_identification:_identify(project_ws/src/ros_gz_example_application) by extension 'colcon_pkg'
[0.161s] Level 1:colcon.colcon_core.package_identification:_identify(project_ws/src/ros_gz_example_application) by extensions ['colcon_meta']
[0.161s] Level 1:colcon.colcon_core.package_identification:_identify(project_ws/src/ros_gz_example_application) by extension 'colcon_meta'
[0.161s] Level 1:colcon.colcon_core.package_identification:_identify(project_ws/src/ros_gz_example_application) by extensions ['ros']
[0.161s] Level 1:colcon.colcon_core.package_identification:_identify(project_ws/src/ros_gz_example_application) by extension 'ros'
[0.163s] DEBUG:colcon.colcon_core.package_identification:Package 'project_ws/src/ros_gz_example_application' with type 'ros.ament_cmake' and name 'ros_gz_example_application'
[0.163s] Level 1:colcon.colcon_core.package_identification:_identify(project_ws/src/ros_gz_example_bringup) by extensions ['ignore', 'ignore_ament_install']
[0.163s] Level 1:colcon.colcon_core.package_identification:_identify(project_ws/src/ros_gz_example_bringup) by extension 'ignore'
[0.163s] Level 1:colcon.colcon_core.package_identification:_identify(project_ws/src/ros_gz_example_bringup) by extension 'ignore_ament_install'
[0.163s] Level 1:colcon.colcon_core.package_identification:_identify(project_ws/src/ros_gz_example_bringup) by extensions ['colcon_pkg']
[0.163s] Level 1:colcon.colcon_core.package_identification:_identify(project_ws/src/ros_gz_example_bringup) by extension 'colcon_pkg'
[0.163s] Level 1:colcon.colcon_core.package_identification:_identify(project_ws/src/ros_gz_example_bringup) by extensions ['colcon_meta']
[0.163s] Level 1:colcon.colcon_core.package_identification:_identify(project_ws/src/ros_gz_example_bringup) by extension 'colcon_meta'
[0.163s] Level 1:colcon.colcon_core.package_identification:_identify(project_ws/src/ros_gz_example_bringup) by extensions ['ros']
[0.163s] Level 1:colcon.colcon_core.package_identification:_identify(project_ws/src/ros_gz_example_bringup) by extension 'ros'
[0.164s] DEBUG:colcon.colcon_core.package_identification:Package 'project_ws/src/ros_gz_example_bringup' with type 'ros.ament_cmake' and name 'ros_gz_example_bringup'
[0.164s] Level 1:colcon.colcon_core.package_identification:_identify(project_ws/src/ros_gz_example_description) by extensions ['ignore', 'ignore_ament_install']
[0.164s] Level 1:colcon.colcon_core.package_identification:_identify(project_ws/src/ros_gz_example_description) by extension 'ignore'
[0.164s] Level 1:colcon.colcon_core.package_identification:_identify(project_ws/src/ros_gz_example_description) by extension 'ignore_ament_install'
[0.164s] Level 1:colcon.colcon_core.package_identification:_identify(project_ws/src/ros_gz_example_description) by extensions ['colcon_pkg']
[0.164s] Level 1:colcon.colcon_core.package_identification:_identify(project_ws/src/ros_gz_example_description) by extension 'colcon_pkg'
[0.164s] Level 1:colcon.colcon_core.package_identification:_identify(project_ws/src/ros_gz_example_description) by extensions ['colcon_meta']
[0.164s] Level 1:colcon.colcon_core.package_identification:_identify(project_ws/src/ros_gz_example_description) by extension 'colcon_meta'
[0.164s] Level 1:colcon.colcon_core.package_identification:_identify(project_ws/src/ros_gz_example_description) by extensions ['ros']
[0.164s] Level 1:colcon.colcon_core.package_identification:_identify(project_ws/src/ros_gz_example_description) by extension 'ros'
[0.164s] DEBUG:colcon.colcon_core.package_identification:Package 'project_ws/src/ros_gz_example_description' with type 'ros.ament_cmake' and name 'ros_gz_example_description'
[0.165s] Level 1:colcon.colcon_core.package_identification:_identify(project_ws/src/ros_gz_example_gazebo) by extensions ['ignore', 'ignore_ament_install']
[0.165s] Level 1:colcon.colcon_core.package_identification:_identify(project_ws/src/ros_gz_example_gazebo) by extension 'ignore'
[0.165s] Level 1:colcon.colcon_core.package_identification:_identify(project_ws/src/ros_gz_example_gazebo) by extension 'ignore_ament_install'
[0.165s] Level 1:colcon.colcon_core.package_identification:_identify(project_ws/src/ros_gz_example_gazebo) by extensions ['colcon_pkg']
[0.165s] Level 1:colcon.colcon_core.package_identification:_identify(project_ws/src/ros_gz_example_gazebo) by extension 'colcon_pkg'
[0.165s] Level 1:colcon.colcon_core.package_identification:_identify(project_ws/src/ros_gz_example_gazebo) by extensions ['colcon_meta']
[0.165s] Level 1:colcon.colcon_core.package_identification:_identify(project_ws/src/ros_gz_example_gazebo) by extension 'colcon_meta'
[0.165s] Level 1:colcon.colcon_core.package_identification:_identify(project_ws/src/ros_gz_example_gazebo) by extensions ['ros']
[0.165s] Level 1:colcon.colcon_core.package_identification:_identify(project_ws/src/ros_gz_example_gazebo) by extension 'ros'
[0.165s] DEBUG:colcon.colcon_core.package_identification:Package 'project_ws/src/ros_gz_example_gazebo' with type 'ros.ament_cmake' and name 'ros_gz_example_gazebo'
[0.165s] Level 1:colcon.colcon_core.package_discovery:discover_packages(recursive) using defaults
[0.165s] Level 1:colcon.colcon_core.package_discovery:discover_packages(ignore) discover
[0.165s] Level 1:colcon.colcon_core.package_discovery:discover_packages(ignore) using defaults
[0.165s] Level 1:colcon.colcon_core.package_discovery:discover_packages(path) discover
[0.165s] Level 1:colcon.colcon_core.package_discovery:discover_packages(path) using defaults
[0.178s] Level 1:colcon.colcon_core.package_discovery:discover_packages(prefix_path) check parameters
[0.178s] Level 1:colcon.colcon_core.package_discovery:discover_packages(prefix_path) discover
[0.179s] DEBUG:colcon.colcon_installed_package_information.package_discovery:Found 4 installed packages in /home/zak/INF3995-Templates/install
[0.180s] DEBUG:colcon.colcon_installed_package_information.package_discovery:Found 277 installed packages in /opt/ros/humble
[0.180s] Level 1:colcon.colcon_core.package_discovery:discover_packages(prefix_path) using defaults
[0.209s] Level 5:colcon.colcon_core.verb:set package 'ros_gz_example_application' build argument 'cmake_args' from command line to '['-DBUILD_TESTING=ON']'
[0.209s] Level 5:colcon.colcon_core.verb:set package 'ros_gz_example_application' build argument 'cmake_target' from command line to 'None'
[0.209s] Level 5:colcon.colcon_core.verb:set package 'ros_gz_example_application' build argument 'cmake_target_skip_unavailable' from command line to 'False'
[0.209s] Level 5:colcon.colcon_core.verb:set package 'ros_gz_example_application' build argument 'cmake_clean_cache' from command line to 'False'
[0.209s] Level 5:colcon.colcon_core.verb:set package 'ros_gz_example_application' build argument 'cmake_clean_first' from command line to 'False'
[0.209s] Level 5:colcon.colcon_core.verb:set package 'ros_gz_example_application' build argument 'cmake_force_configure' from command line to 'False'
[0.209s] Level 5:colcon.colcon_core.verb:set package 'ros_gz_example_application' build argument 'ament_cmake_args' from command line to 'None'
[0.209s] Level 5:colcon.colcon_core.verb:set package 'ros_gz_example_application' build argument 'catkin_cmake_args' from command line to 'None'
[0.209s] Level 5:colcon.colcon_core.verb:set package 'ros_gz_example_application' build argument 'catkin_skip_building_tests' from command line to 'False'
[0.209s] DEBUG:colcon.colcon_core.verb:Building package 'ros_gz_example_application' with the following arguments: {'ament_cmake_args': None, 'build_base': '/home/zak/INF3995-Templates/build/ros_gz_example_application', 'catkin_cmake_args': None, 'catkin_skip_building_tests': False, 'cmake_args': ['-DBUILD_TESTING=ON'], 'cmake_clean_cache': False, 'cmake_clean_first': False, 'cmake_force_configure': False, 'cmake_target': None, 'cmake_target_skip_unavailable': False, 'install_base': '/home/zak/INF3995-Templates/install/ros_gz_example_application', 'merge_install': False, 'path': '/home/zak/INF3995-Templates/project_ws/src/ros_gz_example_application', 'symlink_install': False, 'test_result_base': None}
[0.209s] Level 5:colcon.colcon_core.verb:set package 'ros_gz_example_description' build argument 'cmake_args' from command line to '['-DBUILD_TESTING=ON']'
[0.209s] Level 5:colcon.colcon_core.verb:set package 'ros_gz_example_description' build argument 'cmake_target' from command line to 'None'
[0.209s] Level 5:colcon.colcon_core.verb:set package 'ros_gz_example_description' build argument 'cmake_target_skip_unavailable' from command line to 'False'
[0.209s] Level 5:colcon.colcon_core.verb:set package 'ros_gz_example_description' build argument 'cmake_clean_cache' from command line to 'False'
[0.209s] Level 5:colcon.colcon_core.verb:set package 'ros_gz_example_description' build argument 'cmake_clean_first' from command line to 'False'
[0.209s] Level 5:colcon.colcon_core.verb:set package 'ros_gz_example_description' build argument 'cmake_force_configure' from command line to 'False'
[0.209s] Level 5:colcon.colcon_core.verb:set package 'ros_gz_example_description' build argument 'ament_cmake_args' from command line to 'None'
[0.209s] Level 5:colcon.colcon_core.verb:set package 'ros_gz_example_description' build argument 'catkin_cmake_args' from command line to 'None'
[0.209s] Level 5:colcon.colcon_core.verb:set package 'ros_gz_example_description' build argument 'catkin_skip_building_tests' from command line to 'False'
[0.209s] DEBUG:colcon.colcon_core.verb:Building package 'ros_gz_example_description' with the following arguments: {'ament_cmake_args': None, 'build_base': '/home/zak/INF3995-Templates/build/ros_gz_example_description', 'catkin_cmake_args': None, 'catkin_skip_building_tests': False, 'cmake_args': ['-DBUILD_TESTING=ON'], 'cmake_clean_cache': False, 'cmake_clean_first': False, 'cmake_force_configure': False, 'cmake_target': None, 'cmake_target_skip_unavailable': False, 'install_base': '/home/zak/INF3995-Templates/install/ros_gz_example_description', 'merge_install': False, 'path': '/home/zak/INF3995-Templates/project_ws/src/ros_gz_example_description', 'symlink_install': False, 'test_result_base': None}
[0.210s] Level 5:colcon.colcon_core.verb:set package 'ros_gz_example_gazebo' build argument 'cmake_args' from command line to '['-DBUILD_TESTING=ON']'
[0.210s] Level 5:colcon.colcon_core.verb:set package 'ros_gz_example_gazebo' build argument 'cmake_target' from command line to 'None'
[0.210s] Level 5:colcon.colcon_core.verb:set package 'ros_gz_example_gazebo' build argument 'cmake_target_skip_unavailable' from command line to 'False'
[0.210s] Level 5:colcon.colcon_core.verb:set package 'ros_gz_example_gazebo' build argument 'cmake_clean_cache' from command line to 'False'
[0.210s] Level 5:colcon.colcon_core.verb:set package 'ros_gz_example_gazebo' build argument 'cmake_clean_first' from command line to 'False'
[0.210s] Level 5:colcon.colcon_core.verb:set package 'ros_gz_example_gazebo' build argument 'cmake_force_configure' from command line to 'False'
[0.210s] Level 5:colcon.colcon_core.verb:set package 'ros_gz_example_gazebo' build argument 'ament_cmake_args' from command line to 'None'
[0.210s] Level 5:colcon.colcon_core.verb:set package 'ros_gz_example_gazebo' build argument 'catkin_cmake_args' from command line to 'None'
[0.210s] Level 5:colcon.colcon_core.verb:set package 'ros_gz_example_gazebo' build argument 'catkin_skip_building_tests' from command line to 'False'
[0.210s] DEBUG:colcon.colcon_core.verb:Building package 'ros_gz_example_gazebo' with the following arguments: {'ament_cmake_args': None, 'build_base': '/home/zak/INF3995-Templates/build/ros_gz_example_gazebo', 'catkin_cmake_args': None, 'catkin_skip_building_tests': False, 'cmake_args': ['-DBUILD_TESTING=ON'], 'cmake_clean_cache': False, 'cmake_clean_first': False, 'cmake_force_configure': False, 'cmake_target': None, 'cmake_target_skip_unavailable': False, 'install_base': '/home/zak/INF3995-Templates/install/ros_gz_example_gazebo', 'merge_install': False, 'path': '/home/zak/INF3995-Templates/project_ws/src/ros_gz_example_gazebo', 'symlink_install': False, 'test_result_base': None}
[0.210s] Level 5:colcon.colcon_core.verb:set package 'ros_gz_example_bringup' build argument 'cmake_args' from command line to '['-DBUILD_TESTING=ON']'
[0.210s] Level 5:colcon.colcon_core.verb:set package 'ros_gz_example_bringup' build argument 'cmake_target' from command line to 'None'
[0.210s] Level 5:colcon.colcon_core.verb:set package 'ros_gz_example_bringup' build argument 'cmake_target_skip_unavailable' from command line to 'False'
[0.210s] Level 5:colcon.colcon_core.verb:set package 'ros_gz_example_bringup' build argument 'cmake_clean_cache' from command line to 'False'
[0.210s] Level 5:colcon.colcon_core.verb:set package 'ros_gz_example_bringup' build argument 'cmake_clean_first' from command line to 'False'
[0.210s] Level 5:colcon.colcon_core.verb:set package 'ros_gz_example_bringup' build argument 'cmake_force_configure' from command line to 'False'
[0.210s] Level 5:colcon.colcon_core.verb:set package 'ros_gz_example_bringup' build argument 'ament_cmake_args' from command line to 'None'
[0.210s] Level 5:colcon.colcon_core.verb:set package 'ros_gz_example_bringup' build argument 'catkin_cmake_args' from command line to 'None'
[0.210s] Level 5:colcon.colcon_core.verb:set package 'ros_gz_example_bringup' build argument 'catkin_skip_building_tests' from command line to 'False'
[0.210s] DEBUG:colcon.colcon_core.verb:Building package 'ros_gz_example_bringup' with the following arguments: {'ament_cmake_args': None, 'build_base': '/home/zak/INF3995-Templates/build/ros_gz_example_bringup', 'catkin_cmake_args': None, 'catkin_skip_building_tests': False, 'cmake_args': ['-DBUILD_TESTING=ON'], 'cmake_clean_cache': False, 'cmake_clean_first': False, 'cmake_force_configure': False, 'cmake_target': None, 'cmake_target_skip_unavailable': False, 'install_base': '/home/zak/INF3995-Templates/install/ros_gz_example_bringup', 'merge_install': False, 'path': '/home/zak/INF3995-Templates/project_ws/src/ros_gz_example_bringup', 'symlink_install': False, 'test_result_base': None}
[0.210s] INFO:colcon.colcon_core.executor:Executing jobs using 'parallel' executor
[0.211s] DEBUG:colcon.colcon_parallel_executor.executor.parallel:run_until_complete
[0.211s] INFO:colcon.colcon_ros.task.ament_cmake.build:Building ROS package in '/home/zak/INF3995-Templates/project_ws/src/ros_gz_example_description' with build type 'ament_cmake'
[0.211s] INFO:colcon.colcon_cmake.task.cmake.build:Building CMake package in '/home/zak/INF3995-Templates/project_ws/src/ros_gz_example_description'
[0.213s] INFO:colcon.colcon_core.plugin_system:Skipping extension 'colcon_core.shell.bat': Not used on non-Windows systems
[0.213s] INFO:colcon.colcon_core.shell:Skip shell extension 'powershell' for command environment: Not usable outside of PowerShell
[0.213s] DEBUG:colcon.colcon_core.shell:Skip shell extension 'dsv' for command environment
[0.215s] INFO:colcon.colcon_ros.task.ament_cmake.build:Building ROS package in '/home/zak/INF3995-Templates/project_ws/src/ros_gz_example_application' with build type 'ament_cmake'
[0.215s] INFO:colcon.colcon_cmake.task.cmake.build:Building CMake package in '/home/zak/INF3995-Templates/project_ws/src/ros_gz_example_application'
[0.215s] INFO:colcon.colcon_core.shell:Skip shell extension 'powershell' for command environment: Not usable outside of PowerShell
[0.215s] DEBUG:colcon.colcon_core.shell:Skip shell extension 'dsv' for command environment
[0.219s] DEBUG:colcon.colcon_core.event_handler.log_command:Invoking command in '/home/zak/INF3995-Templates/build/ros_gz_example_description': CMAKE_PREFIX_PATH=${CMAKE_PREFIX_PATH}:/opt/ros/humble /usr/bin/cmake /home/zak/INF3995-Templates/project_ws/src/ros_gz_example_description -DBUILD_TESTING=ON -DCMAKE_INSTALL_PREFIX=/home/zak/INF3995-Templates/install/ros_gz_example_description
[0.221s] DEBUG:colcon.colcon_core.event_handler.log_command:Invoking command in '/home/zak/INF3995-Templates/build/ros_gz_example_application': CMAKE_PREFIX_PATH=${CMAKE_PREFIX_PATH}:/opt/ros/humble /usr/bin/cmake /home/zak/INF3995-Templates/project_ws/src/ros_gz_example_application -DBUILD_TESTING=ON -DCMAKE_INSTALL_PREFIX=/home/zak/INF3995-Templates/install/ros_gz_example_application
[0.364s] DEBUG:colcon.colcon_core.event_handler.log_command:Invoked command in '/home/zak/INF3995-Templates/build/ros_gz_example_description' returned '0': CMAKE_PREFIX_PATH=${CMAKE_PREFIX_PATH}:/opt/ros/humble /usr/bin/cmake /home/zak/INF3995-Templates/project_ws/src/ros_gz_example_description -DBUILD_TESTING=ON -DCMAKE_INSTALL_PREFIX=/home/zak/INF3995-Templates/install/ros_gz_example_description
[0.366s] DEBUG:colcon.colcon_core.event_handler.log_command:Invoking command in '/home/zak/INF3995-Templates/build/ros_gz_example_description': CMAKE_PREFIX_PATH=${CMAKE_PREFIX_PATH}:/opt/ros/humble /usr/bin/cmake --build /home/zak/INF3995-Templates/build/ros_gz_example_description -- -j12 -l12
[0.366s] DEBUG:colcon.colcon_core.event_handler.log_command:Invoked command in '/home/zak/INF3995-Templates/build/ros_gz_example_application' returned '0': CMAKE_PREFIX_PATH=${CMAKE_PREFIX_PATH}:/opt/ros/humble /usr/bin/cmake /home/zak/INF3995-Templates/project_ws/src/ros_gz_example_application -DBUILD_TESTING=ON -DCMAKE_INSTALL_PREFIX=/home/zak/INF3995-Templates/install/ros_gz_example_application
[0.367s] DEBUG:colcon.colcon_core.event_handler.log_command:Invoking command in '/home/zak/INF3995-Templates/build/ros_gz_example_application': CMAKE_PREFIX_PATH=${CMAKE_PREFIX_PATH}:/opt/ros/humble /usr/bin/cmake --build /home/zak/INF3995-Templates/build/ros_gz_example_application -- -j12 -l12
[0.391s] DEBUG:colcon.colcon_core.event_handler.log_command:Invoked command in '/home/zak/INF3995-Templates/build/ros_gz_example_description' returned '0': CMAKE_PREFIX_PATH=${CMAKE_PREFIX_PATH}:/opt/ros/humble /usr/bin/cmake --build /home/zak/INF3995-Templates/build/ros_gz_example_description -- -j12 -l12
[0.394s] DEBUG:colcon.colcon_core.event_handler.log_command:Invoked command in '/home/zak/INF3995-Templates/build/ros_gz_example_application' returned '0': CMAKE_PREFIX_PATH=${CMAKE_PREFIX_PATH}:/opt/ros/humble /usr/bin/cmake --build /home/zak/INF3995-Templates/build/ros_gz_example_application -- -j12 -l12
[0.416s] DEBUG:colcon.colcon_core.event_handler.log_command:Invoking command in '/home/zak/INF3995-Templates/build/ros_gz_example_description': CMAKE_PREFIX_PATH=${CMAKE_PREFIX_PATH}:/opt/ros/humble /usr/bin/cmake --install /home/zak/INF3995-Templates/build/ros_gz_example_description
[0.419s] DEBUG:colcon.colcon_core.event_handler.log_command:Invoking command in '/home/zak/INF3995-Templates/build/ros_gz_example_application': CMAKE_PREFIX_PATH=${CMAKE_PREFIX_PATH}:/opt/ros/humble /usr/bin/cmake --install /home/zak/INF3995-Templates/build/ros_gz_example_application
[0.424s] Level 1:colcon.colcon_core.environment:create_environment_scripts_only(ros_gz_example_description)
[0.424s] DEBUG:colcon.colcon_core.event_handler.log_command:Invoked command in '/home/zak/INF3995-Templates/build/ros_gz_example_description' returned '0': CMAKE_PREFIX_PATH=${CMAKE_PREFIX_PATH}:/opt/ros/humble /usr/bin/cmake --install /home/zak/INF3995-Templates/build/ros_gz_example_description
[0.427s] Level 1:colcon.colcon_core.environment:checking '/home/zak/INF3995-Templates/install/ros_gz_example_description' for CMake module files
[0.427s] Level 1:colcon.colcon_core.environment:checking '/home/zak/INF3995-Templates/install/ros_gz_example_description' for CMake config files
[0.427s] Level 1:colcon.colcon_core.shell:create_environment_hook('ros_gz_example_description', 'cmake_prefix_path')
[0.427s] INFO:colcon.colcon_core.shell:Creating environment hook '/home/zak/INF3995-Templates/install/ros_gz_example_description/share/ros_gz_example_description/hook/cmake_prefix_path.ps1'
[0.428s] INFO:colcon.colcon_core.shell:Creating environment descriptor '/home/zak/INF3995-Templates/install/ros_gz_example_description/share/ros_gz_example_description/hook/cmake_prefix_path.dsv'
[0.428s] INFO:colcon.colcon_core.shell:Creating environment hook '/home/zak/INF3995-Templates/install/ros_gz_example_description/share/ros_gz_example_description/hook/cmake_prefix_path.sh'
[0.428s] Level 1:colcon.colcon_core.environment:checking '/home/zak/INF3995-Templates/install/ros_gz_example_description/bin'
[0.428s] Level 1:colcon.colcon_core.environment:checking '/home/zak/INF3995-Templates/install/ros_gz_example_description/lib/pkgconfig/ros_gz_example_description.pc'
[0.429s] Level 1:colcon.colcon_core.environment:checking '/home/zak/INF3995-Templates/install/ros_gz_example_description/lib/python3.10/site-packages'
[0.429s] Level 1:colcon.colcon_core.environment:checking '/home/zak/INF3995-Templates/install/ros_gz_example_description/bin'
[0.429s] INFO:colcon.colcon_core.shell:Creating package script '/home/zak/INF3995-Templates/install/ros_gz_example_description/share/ros_gz_example_description/package.ps1'
[0.429s] INFO:colcon.colcon_core.shell:Creating package descriptor '/home/zak/INF3995-Templates/install/ros_gz_example_description/share/ros_gz_example_description/package.dsv'
[0.430s] INFO:colcon.colcon_core.shell:Creating package script '/home/zak/INF3995-Templates/install/ros_gz_example_description/share/ros_gz_example_description/package.sh'
[0.430s] INFO:colcon.colcon_core.shell:Creating package script '/home/zak/INF3995-Templates/install/ros_gz_example_description/share/ros_gz_example_description/package.bash'
[0.431s] INFO:colcon.colcon_core.shell:Creating package script '/home/zak/INF3995-Templates/install/ros_gz_example_description/share/ros_gz_example_description/package.zsh'
[0.431s] Level 1:colcon.colcon_core.environment:create_file_with_runtime_dependencies(/home/zak/INF3995-Templates/install/ros_gz_example_description/share/colcon-core/packages/ros_gz_example_description)
[0.432s] Level 1:colcon.colcon_core.environment:create_environment_scripts_only(ros_gz_example_application)
[0.432s] Level 1:colcon.colcon_core.environment:checking '/home/zak/INF3995-Templates/install/ros_gz_example_application' for CMake module files
[0.432s] DEBUG:colcon.colcon_core.event_handler.log_command:Invoked command in '/home/zak/INF3995-Templates/build/ros_gz_example_application' returned '0': CMAKE_PREFIX_PATH=${CMAKE_PREFIX_PATH}:/opt/ros/humble /usr/bin/cmake --install /home/zak/INF3995-Templates/build/ros_gz_example_application
[0.433s] Level 1:colcon.colcon_core.environment:checking '/home/zak/INF3995-Templates/install/ros_gz_example_application' for CMake config files
[0.433s] Level 1:colcon.colcon_core.shell:create_environment_hook('ros_gz_example_application', 'cmake_prefix_path')
[0.433s] INFO:colcon.colcon_core.shell:Creating environment hook '/home/zak/INF3995-Templates/install/ros_gz_example_application/share/ros_gz_example_application/hook/cmake_prefix_path.ps1'
[0.433s] INFO:colcon.colcon_core.shell:Creating environment descriptor '/home/zak/INF3995-Templates/install/ros_gz_example_application/share/ros_gz_example_application/hook/cmake_prefix_path.dsv'
[0.433s] INFO:colcon.colcon_core.shell:Creating environment hook '/home/zak/INF3995-Templates/install/ros_gz_example_application/share/ros_gz_example_application/hook/cmake_prefix_path.sh'
[0.433s] Level 1:colcon.colcon_core.environment:checking '/home/zak/INF3995-Templates/install/ros_gz_example_application/bin'
[0.434s] Level 1:colcon.colcon_core.environment:checking '/home/zak/INF3995-Templates/install/ros_gz_example_application/lib/pkgconfig/ros_gz_example_application.pc'
[0.434s] Level 1:colcon.colcon_core.environment:checking '/home/zak/INF3995-Templates/install/ros_gz_example_application/lib/python3.10/site-packages'
[0.434s] Level 1:colcon.colcon_core.environment:checking '/home/zak/INF3995-Templates/install/ros_gz_example_application/bin'
[0.434s] INFO:colcon.colcon_core.shell:Creating package script '/home/zak/INF3995-Templates/install/ros_gz_example_application/share/ros_gz_example_application/package.ps1'
[0.434s] INFO:colcon.colcon_core.shell:Creating package descriptor '/home/zak/INF3995-Templates/install/ros_gz_example_application/share/ros_gz_example_application/package.dsv'
[0.434s] INFO:colcon.colcon_core.shell:Creating package script '/home/zak/INF3995-Templates/install/ros_gz_example_application/share/ros_gz_example_application/package.sh'
[0.435s] INFO:colcon.colcon_core.shell:Creating package script '/home/zak/INF3995-Templates/install/ros_gz_example_application/share/ros_gz_example_application/package.bash'
[0.435s] INFO:colcon.colcon_core.shell:Creating package script '/home/zak/INF3995-Templates/install/ros_gz_example_application/share/ros_gz_example_application/package.zsh'
[0.435s] Level 1:colcon.colcon_core.environment:create_file_with_runtime_dependencies(/home/zak/INF3995-Templates/install/ros_gz_example_application/share/colcon-core/packages/ros_gz_example_application)
[0.447s] Level 1:colcon.colcon_core.environment:create_environment_scripts_only(ros_gz_example_description)
[0.447s] Level 1:colcon.colcon_core.environment:checking '/home/zak/INF3995-Templates/install/ros_gz_example_description' for CMake module files
[0.447s] Level 1:colcon.colcon_core.environment:checking '/home/zak/INF3995-Templates/install/ros_gz_example_description' for CMake config files
[0.448s] Level 1:colcon.colcon_core.shell:create_environment_hook('ros_gz_example_description', 'cmake_prefix_path')
[0.448s] INFO:colcon.colcon_core.shell:Creating environment hook '/home/zak/INF3995-Templates/install/ros_gz_example_description/share/ros_gz_example_description/hook/cmake_prefix_path.ps1'
[0.448s] INFO:colcon.colcon_core.shell:Creating environment descriptor '/home/zak/INF3995-Templates/install/ros_gz_example_description/share/ros_gz_example_description/hook/cmake_prefix_path.dsv'
[0.448s] INFO:colcon.colcon_core.shell:Creating environment hook '/home/zak/INF3995-Templates/install/ros_gz_example_description/share/ros_gz_example_description/hook/cmake_prefix_path.sh'
[0.449s] Level 1:colcon.colcon_core.environment:checking '/home/zak/INF3995-Templates/install/ros_gz_example_description/bin'
[0.449s] Level 1:colcon.colcon_core.environment:checking '/home/zak/INF3995-Templates/install/ros_gz_example_description/lib/pkgconfig/ros_gz_example_description.pc'
[0.449s] Level 1:colcon.colcon_core.environment:checking '/home/zak/INF3995-Templates/install/ros_gz_example_description/lib/python3.10/site-packages'
[0.449s] Level 1:colcon.colcon_core.environment:checking '/home/zak/INF3995-Templates/install/ros_gz_example_description/bin'
[0.449s] INFO:colcon.colcon_core.shell:Creating package script '/home/zak/INF3995-Templates/install/ros_gz_example_description/share/ros_gz_example_description/package.ps1'
[0.450s] INFO:colcon.colcon_core.shell:Creating package descriptor '/home/zak/INF3995-Templates/install/ros_gz_example_description/share/ros_gz_example_description/package.dsv'
[0.450s] INFO:colcon.colcon_core.shell:Creating package script '/home/zak/INF3995-Templates/install/ros_gz_example_description/share/ros_gz_example_description/package.sh'
[0.450s] INFO:colcon.colcon_core.shell:Creating package script '/home/zak/INF3995-Templates/install/ros_gz_example_description/share/ros_gz_example_description/package.bash'
[0.451s] INFO:colcon.colcon_core.shell:Creating package script '/home/zak/INF3995-Templates/install/ros_gz_example_description/share/ros_gz_example_description/package.zsh'
[0.451s] Level 1:colcon.colcon_core.environment:create_file_with_runtime_dependencies(/home/zak/INF3995-Templates/install/ros_gz_example_description/share/colcon-core/packages/ros_gz_example_description)
[0.451s] INFO:colcon.colcon_ros.task.ament_cmake.build:Building ROS package in '/home/zak/INF3995-Templates/project_ws/src/ros_gz_example_gazebo' with build type 'ament_cmake'
[0.451s] INFO:colcon.colcon_cmake.task.cmake.build:Building CMake package in '/home/zak/INF3995-Templates/project_ws/src/ros_gz_example_gazebo'
[0.452s] INFO:colcon.colcon_core.shell:Skip shell extension 'powershell' for command environment: Not usable outside of PowerShell
[0.452s] DEBUG:colcon.colcon_core.shell:Skip shell extension 'dsv' for command environment
[0.456s] Level 1:colcon.colcon_core.environment:create_environment_scripts_only(ros_gz_example_application)
[0.456s] Level 1:colcon.colcon_core.environment:checking '/home/zak/INF3995-Templates/install/ros_gz_example_application' for CMake module files
[0.456s] Level 1:colcon.colcon_core.environment:checking '/home/zak/INF3995-Templates/install/ros_gz_example_application' for CMake config files
[0.456s] Level 1:colcon.colcon_core.shell:create_environment_hook('ros_gz_example_application', 'cmake_prefix_path')
[0.456s] INFO:colcon.colcon_core.shell:Creating environment hook '/home/zak/INF3995-Templates/install/ros_gz_example_application/share/ros_gz_example_application/hook/cmake_prefix_path.ps1'
[0.457s] INFO:colcon.colcon_core.shell:Creating environment descriptor '/home/zak/INF3995-Templates/install/ros_gz_example_application/share/ros_gz_example_application/hook/cmake_prefix_path.dsv'
[0.457s] INFO:colcon.colcon_core.shell:Creating environment hook '/home/zak/INF3995-Templates/install/ros_gz_example_application/share/ros_gz_example_application/hook/cmake_prefix_path.sh'
[0.457s] Level 1:colcon.colcon_core.environment:checking '/home/zak/INF3995-Templates/install/ros_gz_example_application/bin'
[0.457s] Level 1:colcon.colcon_core.environment:checking '/home/zak/INF3995-Templates/install/ros_gz_example_application/lib/pkgconfig/ros_gz_example_application.pc'
[0.457s] Level 1:colcon.colcon_core.environment:checking '/home/zak/INF3995-Templates/install/ros_gz_example_application/lib/python3.10/site-packages'
[0.457s] Level 1:colcon.colcon_core.environment:checking '/home/zak/INF3995-Templates/install/ros_gz_example_application/bin'
[0.458s] INFO:colcon.colcon_core.shell:Creating package script '/home/zak/INF3995-Templates/install/ros_gz_example_application/share/ros_gz_example_application/package.ps1'
[0.458s] INFO:colcon.colcon_core.shell:Creating package descriptor '/home/zak/INF3995-Templates/install/ros_gz_example_application/share/ros_gz_example_application/package.dsv'
[0.458s] INFO:colcon.colcon_core.shell:Creating package script '/home/zak/INF3995-Templates/install/ros_gz_example_application/share/ros_gz_example_application/package.sh'
[0.458s] INFO:colcon.colcon_core.shell:Creating package script '/home/zak/INF3995-Templates/install/ros_gz_example_application/share/ros_gz_example_application/package.bash'
[0.459s] INFO:colcon.colcon_core.shell:Creating package script '/home/zak/INF3995-Templates/install/ros_gz_example_application/share/ros_gz_example_application/package.zsh'
[0.459s] Level 1:colcon.colcon_core.environment:create_file_with_runtime_dependencies(/home/zak/INF3995-Templates/install/ros_gz_example_application/share/colcon-core/packages/ros_gz_example_application)
[0.461s] DEBUG:colcon.colcon_core.event_handler.log_command:Invoking command in '/home/zak/INF3995-Templates/build/ros_gz_example_gazebo': CMAKE_PREFIX_PATH=/home/zak/INF3995-Templates/install/ros_gz_example_description:/home/zak/INF3995-Templates/install/ros_gz_example_bringup:/home/zak/INF3995-Templates/install/ros_gz_example_gazebo:/home/zak/INF3995-Templates/install/ros_gz_example_application:/opt/ros/humble IGN_GAZEBO_RESOURCE_PATH=/home/zak/INF3995-Templates/install/ros_gz_example_description/share/ros_gz_example_description/models:${IGN_GAZEBO_RESOURCE_PATH} /usr/bin/cmake /home/zak/INF3995-Templates/project_ws/src/ros_gz_example_gazebo -DBUILD_TESTING=ON -DCMAKE_INSTALL_PREFIX=/home/zak/INF3995-Templates/install/ros_gz_example_gazebo
[1.419s] DEBUG:colcon.colcon_core.event_handler.log_command:Invoked command in '/home/zak/INF3995-Templates/build/ros_gz_example_gazebo' returned '0': CMAKE_PREFIX_PATH=/home/zak/INF3995-Templates/install/ros_gz_example_description:/home/zak/INF3995-Templates/install/ros_gz_example_bringup:/home/zak/INF3995-Templates/install/ros_gz_example_gazebo:/home/zak/INF3995-Templates/install/ros_gz_example_application:/opt/ros/humble IGN_GAZEBO_RESOURCE_PATH=/home/zak/INF3995-Templates/install/ros_gz_example_description/share/ros_gz_example_description/models:${IGN_GAZEBO_RESOURCE_PATH} /usr/bin/cmake /home/zak/INF3995-Templates/project_ws/src/ros_gz_example_gazebo -DBUILD_TESTING=ON -DCMAKE_INSTALL_PREFIX=/home/zak/INF3995-Templates/install/ros_gz_example_gazebo
[1.419s] DEBUG:colcon.colcon_core.event_handler.log_command:Invoking command in '/home/zak/INF3995-Templates/build/ros_gz_example_gazebo': CMAKE_PREFIX_PATH=/home/zak/INF3995-Templates/install/ros_gz_example_description:/home/zak/INF3995-Templates/install/ros_gz_example_bringup:/home/zak/INF3995-Templates/install/ros_gz_example_gazebo:/home/zak/INF3995-Templates/install/ros_gz_example_application:/opt/ros/humble IGN_GAZEBO_RESOURCE_PATH=/home/zak/INF3995-Templates/install/ros_gz_example_description/share/ros_gz_example_description/models:${IGN_GAZEBO_RESOURCE_PATH} /usr/bin/cmake --build /home/zak/INF3995-Templates/build/ros_gz_example_gazebo -- -j12 -l12
[1.458s] DEBUG:colcon.colcon_core.event_handler.log_command:Invoked command in '/home/zak/INF3995-Templates/build/ros_gz_example_gazebo' returned '0': CMAKE_PREFIX_PATH=/home/zak/INF3995-Templates/install/ros_gz_example_description:/home/zak/INF3995-Templates/install/ros_gz_example_bringup:/home/zak/INF3995-Templates/install/ros_gz_example_gazebo:/home/zak/INF3995-Templates/install/ros_gz_example_application:/opt/ros/humble IGN_GAZEBO_RESOURCE_PATH=/home/zak/INF3995-Templates/install/ros_gz_example_description/share/ros_gz_example_description/models:${IGN_GAZEBO_RESOURCE_PATH} /usr/bin/cmake --build /home/zak/INF3995-Templates/build/ros_gz_example_gazebo -- -j12 -l12
[1.483s] DEBUG:colcon.colcon_core.event_handler.log_command:Invoking command in '/home/zak/INF3995-Templates/build/ros_gz_example_gazebo': CMAKE_PREFIX_PATH=/home/zak/INF3995-Templates/install/ros_gz_example_description:/home/zak/INF3995-Templates/install/ros_gz_example_bringup:/home/zak/INF3995-Templates/install/ros_gz_example_gazebo:/home/zak/INF3995-Templates/install/ros_gz_example_application:/opt/ros/humble IGN_GAZEBO_RESOURCE_PATH=/home/zak/INF3995-Templates/install/ros_gz_example_description/share/ros_gz_example_description/models:${IGN_GAZEBO_RESOURCE_PATH} /usr/bin/cmake --install /home/zak/INF3995-Templates/build/ros_gz_example_gazebo
[1.494s] Level 1:colcon.colcon_core.environment:create_environment_scripts_only(ros_gz_example_gazebo)
[1.494s] Level 1:colcon.colcon_core.environment:checking '/home/zak/INF3995-Templates/install/ros_gz_example_gazebo' for CMake module files
[1.494s] DEBUG:colcon.colcon_core.event_handler.log_command:Invoked command in '/home/zak/INF3995-Templates/build/ros_gz_example_gazebo' returned '0': CMAKE_PREFIX_PATH=/home/zak/INF3995-Templates/install/ros_gz_example_description:/home/zak/INF3995-Templates/install/ros_gz_example_bringup:/home/zak/INF3995-Templates/install/ros_gz_example_gazebo:/home/zak/INF3995-Templates/install/ros_gz_example_application:/opt/ros/humble IGN_GAZEBO_RESOURCE_PATH=/home/zak/INF3995-Templates/install/ros_gz_example_description/share/ros_gz_example_description/models:${IGN_GAZEBO_RESOURCE_PATH} /usr/bin/cmake --install /home/zak/INF3995-Templates/build/ros_gz_example_gazebo
[1.495s] Level 1:colcon.colcon_core.environment:checking '/home/zak/INF3995-Templates/install/ros_gz_example_gazebo' for CMake config files
[1.495s] Level 1:colcon.colcon_core.shell:create_environment_hook('ros_gz_example_gazebo', 'cmake_prefix_path')
[1.495s] INFO:colcon.colcon_core.shell:Creating environment hook '/home/zak/INF3995-Templates/install/ros_gz_example_gazebo/share/ros_gz_example_gazebo/hook/cmake_prefix_path.ps1'
[1.496s] INFO:colcon.colcon_core.shell:Creating environment descriptor '/home/zak/INF3995-Templates/install/ros_gz_example_gazebo/share/ros_gz_example_gazebo/hook/cmake_prefix_path.dsv'
[1.496s] INFO:colcon.colcon_core.shell:Creating environment hook '/home/zak/INF3995-Templates/install/ros_gz_example_gazebo/share/ros_gz_example_gazebo/hook/cmake_prefix_path.sh'
[1.497s] Level 1:colcon.colcon_core.environment:checking '/home/zak/INF3995-Templates/install/ros_gz_example_gazebo/bin'
[1.497s] Level 1:colcon.colcon_core.environment:checking '/home/zak/INF3995-Templates/install/ros_gz_example_gazebo/lib/pkgconfig/ros_gz_example_gazebo.pc'
[1.497s] Level 1:colcon.colcon_core.environment:checking '/home/zak/INF3995-Templates/install/ros_gz_example_gazebo/lib/python3.10/site-packages'
[1.497s] Level 1:colcon.colcon_core.environment:checking '/home/zak/INF3995-Templates/install/ros_gz_example_gazebo/bin'
[1.498s] INFO:colcon.colcon_core.shell:Creating package script '/home/zak/INF3995-Templates/install/ros_gz_example_gazebo/share/ros_gz_example_gazebo/package.ps1'
[1.498s] INFO:colcon.colcon_core.shell:Creating package descriptor '/home/zak/INF3995-Templates/install/ros_gz_example_gazebo/share/ros_gz_example_gazebo/package.dsv'
[1.498s] INFO:colcon.colcon_core.shell:Creating package script '/home/zak/INF3995-Templates/install/ros_gz_example_gazebo/share/ros_gz_example_gazebo/package.sh'
[1.499s] INFO:colcon.colcon_core.shell:Creating package script '/home/zak/INF3995-Templates/install/ros_gz_example_gazebo/share/ros_gz_example_gazebo/package.bash'
[1.499s] INFO:colcon.colcon_core.shell:Creating package script '/home/zak/INF3995-Templates/install/ros_gz_example_gazebo/share/ros_gz_example_gazebo/package.zsh'
[1.499s] Level 1:colcon.colcon_core.environment:create_file_with_runtime_dependencies(/home/zak/INF3995-Templates/install/ros_gz_example_gazebo/share/colcon-core/packages/ros_gz_example_gazebo)
[1.524s] Level 1:colcon.colcon_core.environment:create_environment_scripts_only(ros_gz_example_gazebo)
[1.524s] Level 1:colcon.colcon_core.environment:checking '/home/zak/INF3995-Templates/install/ros_gz_example_gazebo' for CMake module files
[1.524s] Level 1:colcon.colcon_core.environment:checking '/home/zak/INF3995-Templates/install/ros_gz_example_gazebo' for CMake config files
[1.525s] Level 1:colcon.colcon_core.shell:create_environment_hook('ros_gz_example_gazebo', 'cmake_prefix_path')
[1.525s] INFO:colcon.colcon_core.shell:Creating environment hook '/home/zak/INF3995-Templates/install/ros_gz_example_gazebo/share/ros_gz_example_gazebo/hook/cmake_prefix_path.ps1'
[1.525s] INFO:colcon.colcon_core.shell:Creating environment descriptor '/home/zak/INF3995-Templates/install/ros_gz_example_gazebo/share/ros_gz_example_gazebo/hook/cmake_prefix_path.dsv'
[1.526s] INFO:colcon.colcon_core.shell:Creating environment hook '/home/zak/INF3995-Templates/install/ros_gz_example_gazebo/share/ros_gz_example_gazebo/hook/cmake_prefix_path.sh'
[1.526s] Level 1:colcon.colcon_core.environment:checking '/home/zak/INF3995-Templates/install/ros_gz_example_gazebo/bin'
[1.526s] Level 1:colcon.colcon_core.environment:checking '/home/zak/INF3995-Templates/install/ros_gz_example_gazebo/lib/pkgconfig/ros_gz_example_gazebo.pc'
[1.527s] Level 1:colcon.colcon_core.environment:checking '/home/zak/INF3995-Templates/install/ros_gz_example_gazebo/lib/python3.10/site-packages'
[1.527s] Level 1:colcon.colcon_core.environment:checking '/home/zak/INF3995-Templates/install/ros_gz_example_gazebo/bin'
[1.527s] INFO:colcon.colcon_core.shell:Creating package script '/home/zak/INF3995-Templates/install/ros_gz_example_gazebo/share/ros_gz_example_gazebo/package.ps1'
[1.528s] INFO:colcon.colcon_core.shell:Creating package descriptor '/home/zak/INF3995-Templates/install/ros_gz_example_gazebo/share/ros_gz_example_gazebo/package.dsv'
[1.528s] INFO:colcon.colcon_core.shell:Creating package script '/home/zak/INF3995-Templates/install/ros_gz_example_gazebo/share/ros_gz_example_gazebo/package.sh'
[1.528s] INFO:colcon.colcon_core.shell:Creating package script '/home/zak/INF3995-Templates/install/ros_gz_example_gazebo/share/ros_gz_example_gazebo/package.bash'
[1.529s] INFO:colcon.colcon_core.shell:Creating package script '/home/zak/INF3995-Templates/install/ros_gz_example_gazebo/share/ros_gz_example_gazebo/package.zsh'
[1.529s] Level 1:colcon.colcon_core.environment:create_file_with_runtime_dependencies(/home/zak/INF3995-Templates/install/ros_gz_example_gazebo/share/colcon-core/packages/ros_gz_example_gazebo)
[1.529s] INFO:colcon.colcon_ros.task.ament_cmake.build:Building ROS package in '/home/zak/INF3995-Templates/project_ws/src/ros_gz_example_bringup' with build type 'ament_cmake'
[1.530s] INFO:colcon.colcon_cmake.task.cmake.build:Building CMake package in '/home/zak/INF3995-Templates/project_ws/src/ros_gz_example_bringup'
[1.530s] INFO:colcon.colcon_core.shell:Skip shell extension 'powershell' for command environment: Not usable outside of PowerShell
[1.530s] DEBUG:colcon.colcon_core.shell:Skip shell extension 'dsv' for command environment
[1.540s] DEBUG:colcon.colcon_core.event_handler.log_command:Invoking command in '/home/zak/INF3995-Templates/build/ros_gz_example_bringup': CMAKE_PREFIX_PATH=/home/zak/INF3995-Templates/install/ros_gz_example_gazebo:/home/zak/INF3995-Templates/install/ros_gz_example_description:/home/zak/INF3995-Templates/install/ros_gz_example_bringup:/home/zak/INF3995-Templates/install/ros_gz_example_application:/opt/ros/humble IGN_GAZEBO_PLUGIN_PATH=/home/zak/INF3995-Templates/install/ros_gz_example_gazebo/lib/ros_gz_example_gazebo IGN_GAZEBO_RESOURCE_PATH=/home/zak/INF3995-Templates/install/ros_gz_example_description/share/ros_gz_example_description/models:${IGN_GAZEBO_RESOURCE_PATH} /usr/bin/cmake /home/zak/INF3995-Templates/project_ws/src/ros_gz_example_bringup -DBUILD_TESTING=ON -DCMAKE_INSTALL_PREFIX=/home/zak/INF3995-Templates/install/ros_gz_example_bringup
[1.706s] DEBUG:colcon.colcon_core.event_handler.log_command:Invoked command in '/home/zak/INF3995-Templates/build/ros_gz_example_bringup' returned '0': CMAKE_PREFIX_PATH=/home/zak/INF3995-Templates/install/ros_gz_example_gazebo:/home/zak/INF3995-Templates/install/ros_gz_example_description:/home/zak/INF3995-Templates/install/ros_gz_example_bringup:/home/zak/INF3995-Templates/install/ros_gz_example_application:/opt/ros/humble IGN_GAZEBO_PLUGIN_PATH=/home/zak/INF3995-Templates/install/ros_gz_example_gazebo/lib/ros_gz_example_gazebo IGN_GAZEBO_RESOURCE_PATH=/home/zak/INF3995-Templates/install/ros_gz_example_description/share/ros_gz_example_description/models:${IGN_GAZEBO_RESOURCE_PATH} /usr/bin/cmake /home/zak/INF3995-Templates/project_ws/src/ros_gz_example_bringup -DBUILD_TESTING=ON -DCMAKE_INSTALL_PREFIX=/home/zak/INF3995-Templates/install/ros_gz_example_bringup
[1.707s] DEBUG:colcon.colcon_core.event_handler.log_command:Invoking command in '/home/zak/INF3995-Templates/build/ros_gz_example_bringup': CMAKE_PREFIX_PATH=/home/zak/INF3995-Templates/install/ros_gz_example_gazebo:/home/zak/INF3995-Templates/install/ros_gz_example_description:/home/zak/INF3995-Templates/install/ros_gz_example_bringup:/home/zak/INF3995-Templates/install/ros_gz_example_application:/opt/ros/humble IGN_GAZEBO_PLUGIN_PATH=/home/zak/INF3995-Templates/install/ros_gz_example_gazebo/lib/ros_gz_example_gazebo IGN_GAZEBO_RESOURCE_PATH=/home/zak/INF3995-Templates/install/ros_gz_example_description/share/ros_gz_example_description/models:${IGN_GAZEBO_RESOURCE_PATH} /usr/bin/cmake --build /home/zak/INF3995-Templates/build/ros_gz_example_bringup -- -j12 -l12
[1.742s] DEBUG:colcon.colcon_core.event_handler.log_command:Invoked command in '/home/zak/INF3995-Templates/build/ros_gz_example_bringup' returned '0': CMAKE_PREFIX_PATH=/home/zak/INF3995-Templates/install/ros_gz_example_gazebo:/home/zak/INF3995-Templates/install/ros_gz_example_description:/home/zak/INF3995-Templates/install/ros_gz_example_bringup:/home/zak/INF3995-Templates/install/ros_gz_example_application:/opt/ros/humble IGN_GAZEBO_PLUGIN_PATH=/home/zak/INF3995-Templates/install/ros_gz_example_gazebo/lib/ros_gz_example_gazebo IGN_GAZEBO_RESOURCE_PATH=/home/zak/INF3995-Templates/install/ros_gz_example_description/share/ros_gz_example_description/models:${IGN_GAZEBO_RESOURCE_PATH} /usr/bin/cmake --build /home/zak/INF3995-Templates/build/ros_gz_example_bringup -- -j12 -l12
[1.767s] DEBUG:colcon.colcon_core.event_handler.log_command:Invoking command in '/home/zak/INF3995-Templates/build/ros_gz_example_bringup': CMAKE_PREFIX_PATH=/home/zak/INF3995-Templates/install/ros_gz_example_gazebo:/home/zak/INF3995-Templates/install/ros_gz_example_description:/home/zak/INF3995-Templates/install/ros_gz_example_bringup:/home/zak/INF3995-Templates/install/ros_gz_example_application:/opt/ros/humble IGN_GAZEBO_PLUGIN_PATH=/home/zak/INF3995-Templates/install/ros_gz_example_gazebo/lib/ros_gz_example_gazebo IGN_GAZEBO_RESOURCE_PATH=/home/zak/INF3995-Templates/install/ros_gz_example_description/share/ros_gz_example_description/models:${IGN_GAZEBO_RESOURCE_PATH} /usr/bin/cmake --install /home/zak/INF3995-Templates/build/ros_gz_example_bringup
[1.778s] Level 1:colcon.colcon_core.environment:create_environment_scripts_only(ros_gz_example_bringup)
[1.779s] Level 1:colcon.colcon_core.environment:checking '/home/zak/INF3995-Templates/install/ros_gz_example_bringup' for CMake module files
[1.779s] DEBUG:colcon.colcon_core.event_handler.log_command:Invoked command in '/home/zak/INF3995-Templates/build/ros_gz_example_bringup' returned '0': CMAKE_PREFIX_PATH=/home/zak/INF3995-Templates/install/ros_gz_example_gazebo:/home/zak/INF3995-Templates/install/ros_gz_example_description:/home/zak/INF3995-Templates/install/ros_gz_example_bringup:/home/zak/INF3995-Templates/install/ros_gz_example_application:/opt/ros/humble IGN_GAZEBO_PLUGIN_PATH=/home/zak/INF3995-Templates/install/ros_gz_example_gazebo/lib/ros_gz_example_gazebo IGN_GAZEBO_RESOURCE_PATH=/home/zak/INF3995-Templates/install/ros_gz_example_description/share/ros_gz_example_description/models:${IGN_GAZEBO_RESOURCE_PATH} /usr/bin/cmake --install /home/zak/INF3995-Templates/build/ros_gz_example_bringup
[1.779s] Level 1:colcon.colcon_core.environment:checking '/home/zak/INF3995-Templates/install/ros_gz_example_bringup' for CMake config files
[1.780s] Level 1:colcon.colcon_core.shell:create_environment_hook('ros_gz_example_bringup', 'cmake_prefix_path')
[1.780s] INFO:colcon.colcon_core.shell:Creating environment hook '/home/zak/INF3995-Templates/install/ros_gz_example_bringup/share/ros_gz_example_bringup/hook/cmake_prefix_path.ps1'
[1.780s] INFO:colcon.colcon_core.shell:Creating environment descriptor '/home/zak/INF3995-Templates/install/ros_gz_example_bringup/share/ros_gz_example_bringup/hook/cmake_prefix_path.dsv'
[1.780s] INFO:colcon.colcon_core.shell:Creating environment hook '/home/zak/INF3995-Templates/install/ros_gz_example_bringup/share/ros_gz_example_bringup/hook/cmake_prefix_path.sh'
[1.781s] Level 1:colcon.colcon_core.environment:checking '/home/zak/INF3995-Templates/install/ros_gz_example_bringup/bin'
[1.781s] Level 1:colcon.colcon_core.environment:checking '/home/zak/INF3995-Templates/install/ros_gz_example_bringup/lib/pkgconfig/ros_gz_example_bringup.pc'
[1.781s] Level 1:colcon.colcon_core.environment:checking '/home/zak/INF3995-Templates/install/ros_gz_example_bringup/lib/python3.10/site-packages'
[1.781s] Level 1:colcon.colcon_core.environment:checking '/home/zak/INF3995-Templates/install/ros_gz_example_bringup/bin'
[1.781s] INFO:colcon.colcon_core.shell:Creating package script '/home/zak/INF3995-Templates/install/ros_gz_example_bringup/share/ros_gz_example_bringup/package.ps1'
[1.782s] INFO:colcon.colcon_core.shell:Creating package descriptor '/home/zak/INF3995-Templates/install/ros_gz_example_bringup/share/ros_gz_example_bringup/package.dsv'
[1.782s] INFO:colcon.colcon_core.shell:Creating package script '/home/zak/INF3995-Templates/install/ros_gz_example_bringup/share/ros_gz_example_bringup/package.sh'
[1.782s] INFO:colcon.colcon_core.shell:Creating package script '/home/zak/INF3995-Templates/install/ros_gz_example_bringup/share/ros_gz_example_bringup/package.bash'
[1.782s] INFO:colcon.colcon_core.shell:Creating package script '/home/zak/INF3995-Templates/install/ros_gz_example_bringup/share/ros_gz_example_bringup/package.zsh'
[1.782s] Level 1:colcon.colcon_core.environment:create_file_with_runtime_dependencies(/home/zak/INF3995-Templates/install/ros_gz_example_bringup/share/colcon-core/packages/ros_gz_example_bringup)
[1.802s] Level 1:colcon.colcon_core.environment:create_environment_scripts_only(ros_gz_example_bringup)
[1.803s] Level 1:colcon.colcon_core.environment:checking '/home/zak/INF3995-Templates/install/ros_gz_example_bringup' for CMake module files
[1.803s] Level 1:colcon.colcon_core.environment:checking '/home/zak/INF3995-Templates/install/ros_gz_example_bringup' for CMake config files
[1.803s] Level 1:colcon.colcon_core.shell:create_environment_hook('ros_gz_example_bringup', 'cmake_prefix_path')
[1.803s] INFO:colcon.colcon_core.shell:Creating environment hook '/home/zak/INF3995-Templates/install/ros_gz_example_bringup/share/ros_gz_example_bringup/hook/cmake_prefix_path.ps1'
[1.804s] INFO:colcon.colcon_core.shell:Creating environment descriptor '/home/zak/INF3995-Templates/install/ros_gz_example_bringup/share/ros_gz_example_bringup/hook/cmake_prefix_path.dsv'
[1.804s] INFO:colcon.colcon_core.shell:Creating environment hook '/home/zak/INF3995-Templates/install/ros_gz_example_bringup/share/ros_gz_example_bringup/hook/cmake_prefix_path.sh'
[1.805s] Level 1:colcon.colcon_core.environment:checking '/home/zak/INF3995-Templates/install/ros_gz_example_bringup/bin'
[1.805s] Level 1:colcon.colcon_core.environment:checking '/home/zak/INF3995-Templates/install/ros_gz_example_bringup/lib/pkgconfig/ros_gz_example_bringup.pc'
[1.805s] Level 1:colcon.colcon_core.environment:checking '/home/zak/INF3995-Templates/install/ros_gz_example_bringup/lib/python3.10/site-packages'
[1.805s] Level 1:colcon.colcon_core.environment:checking '/home/zak/INF3995-Templates/install/ros_gz_example_bringup/bin'
[1.806s] INFO:colcon.colcon_core.shell:Creating package script '/home/zak/INF3995-Templates/install/ros_gz_example_bringup/share/ros_gz_example_bringup/package.ps1'
[1.806s] INFO:colcon.colcon_core.shell:Creating package descriptor '/home/zak/INF3995-Templates/install/ros_gz_example_bringup/share/ros_gz_example_bringup/package.dsv'
[1.806s] INFO:colcon.colcon_core.shell:Creating package script '/home/zak/INF3995-Templates/install/ros_gz_example_bringup/share/ros_gz_example_bringup/package.sh'
[1.807s] INFO:colcon.colcon_core.shell:Creating package script '/home/zak/INF3995-Templates/install/ros_gz_example_bringup/share/ros_gz_example_bringup/package.bash'
[1.807s] INFO:colcon.colcon_core.shell:Creating package script '/home/zak/INF3995-Templates/install/ros_gz_example_bringup/share/ros_gz_example_bringup/package.zsh'
[1.807s] Level 1:colcon.colcon_core.environment:create_file_with_runtime_dependencies(/home/zak/INF3995-Templates/install/ros_gz_example_bringup/share/colcon-core/packages/ros_gz_example_bringup)
[1.808s] DEBUG:colcon.colcon_parallel_executor.executor.parallel:closing loop
[1.808s] DEBUG:colcon.colcon_parallel_executor.executor.parallel:loop closed
[1.808s] DEBUG:colcon.colcon_parallel_executor.executor.parallel:run_until_complete finished with '0'
[1.808s] DEBUG:colcon.colcon_core.event_reactor:joining thread
[1.814s] INFO:colcon.colcon_core.plugin_system:Skipping extension 'colcon_notification.desktop_notification.terminal_notifier': Not used on non-Darwin systems
[1.814s] INFO:colcon.colcon_core.plugin_system:Skipping extension 'colcon_notification.desktop_notification.win32': Not used on non-Windows systems
[1.814s] INFO:colcon.colcon_notification.desktop_notification:Sending desktop notification using 'notify2'
[1.828s] DEBUG:colcon.colcon_core.event_reactor:joined thread
[1.828s] INFO:colcon.colcon_core.shell:Creating prefix script '/home/zak/INF3995-Templates/install/local_setup.ps1'
[1.829s] INFO:colcon.colcon_core.shell:Creating prefix util module '/home/zak/INF3995-Templates/install/_local_setup_util_ps1.py'
[1.830s] INFO:colcon.colcon_core.shell:Creating prefix chain script '/home/zak/INF3995-Templates/install/setup.ps1'
[1.831s] INFO:colcon.colcon_core.shell:Creating prefix script '/home/zak/INF3995-Templates/install/local_setup.sh'
[1.832s] INFO:colcon.colcon_core.shell:Creating prefix util module '/home/zak/INF3995-Templates/install/_local_setup_util_sh.py'
[1.833s] INFO:colcon.colcon_core.shell:Creating prefix chain script '/home/zak/INF3995-Templates/install/setup.sh'
[1.834s] INFO:colcon.colcon_core.shell:Creating prefix script '/home/zak/INF3995-Templates/install/local_setup.bash'
[1.834s] INFO:colcon.colcon_core.shell:Creating prefix chain script '/home/zak/INF3995-Templates/install/setup.bash'
[1.835s] INFO:colcon.colcon_core.shell:Creating prefix script '/home/zak/INF3995-Templates/install/local_setup.zsh'
[1.836s] INFO:colcon.colcon_core.shell:Creating prefix chain script '/home/zak/INF3995-Templates/install/setup.zsh'
