[0.007s] Invoking command in '/home/zak/INF3995-Templates/build/ros_gz_example_gazebo': CMAKE_PREFIX_PATH=/home/zak/INF3995-Templates/install/ros_gz_example_description:/home/zak/INF3995-Templates/install/ros_gz_example_bringup:/home/zak/INF3995-Templates/install/ros_gz_example_gazebo:/home/zak/INF3995-Templates/install/ros_gz_example_application:/opt/ros/humble IGN_GAZEBO_RESOURCE_PATH=/home/zak/INF3995-Templates/install/ros_gz_example_description/share/ros_gz_example_description/models:${IGN_GAZEBO_RESOURCE_PATH} /usr/bin/cmake /home/zak/INF3995-Templates/project_ws/src/ros_gz_example_gazebo -DBUILD_TESTING=ON -DAMENT_CMAKE_SYMLINK_INSTALL=1 -DCMAKE_INSTALL_PREFIX=/home/zak/INF3995-Templates/install/ros_gz_example_gazebo
[0.016s] -- Found ament_cmake: 1.3.10 (/opt/ros/humble/share/ament_cmake/cmake)
[0.095s] -- Override CMake install command with custom implementation using symlinks instead of copying resources
[0.099s] -- Found ros_gz_example_description: 0.0.0 (/home/zak/INF3995-Templates/install/ros_gz_example_description/share/ros_gz_example_description/cmake)
[0.102s] -- Looking for ignition-plugin1 -- found version 1.4.0
[0.102s] -- Searching for dependencies of ignition-plugin1
[0.103s] -- Searching for <ignition-plugin1> component [register]
[0.103s] -- Looking for ignition-plugin1-register -- found version 1.4.0
[0.103s] -- Searching for dependencies of ignition-plugin1-register
[0.104s] -- Looking for ignition-common4 -- found version 4.7.0
[0.104s] -- Searching for dependencies of ignition-common4
[0.104s] -- Looking for dlfcn.h - found
[0.104s] -- Looking for libdl - found
[0.109s] -- Checking for module 'uuid'
[0.120s] --   Found uuid, version 2.37.2
[0.154s] -- Searching for <ignition-common4> component [profiler]
[0.155s] -- Looking for ignition-common4-profiler -- found version 4.7.0
[0.155s] -- Searching for dependencies of ignition-common4-profiler
[0.156s] -- Looking for ignition-gazebo6 -- found version 6.16.0
[0.157s] -- Searching for dependencies of ignition-gazebo6
[0.157s] -- Looking for sdformat12 -- found version 12.8.0
[0.157s] -- Searching for dependencies of sdformat12
[0.163s] -- Checking for module 'tinyxml2'
[0.177s] --   Found tinyxml2, version 9.0.0
[0.210s] -- Looking for ignition-math6 -- found version 6.15.1
[0.210s] -- Searching for dependencies of ignition-math6
[0.212s] -- Looking for ignition-utils1 -- found version 1.5.1
[0.212s] -- Searching for dependencies of ignition-utils1
[0.214s] -- Looking for ignition-plugin1 -- found version 1.4.0
[0.214s] -- Searching for dependencies of ignition-plugin1
[0.214s] -- Searching for <ignition-plugin1> component [loader]
[0.214s] -- Looking for ignition-plugin1-loader -- found version 1.4.0
[0.215s] -- Searching for dependencies of ignition-plugin1-loader
[0.215s] -- Searching for <ignition-plugin1> component [register]
[0.216s] -- Looking for ignition-transport11 -- found version 11.4.1
[0.217s] -- Searching for dependencies of ignition-transport11
[0.240s] -- Config-file not installed for ZeroMQ -- checking for pkg-config
[0.244s] -- Checking for module 'libzmq >= 4'
[0.259s] --   Found libzmq , version 4.3.4
[0.318s] -- Looking for ignition-utils1 -- found version 1.5.1
[0.318s] -- Searching for dependencies of ignition-utils1
[0.318s] -- Searching for <ignition-utils1> component [cli]
[0.318s] -- Looking for ignition-utils1-cli -- found version 1.5.1
[0.318s] -- Searching for dependencies of ignition-utils1-cli
[0.319s] -- Looking for ignition-msgs8 -- found version 8.7.0
[0.319s] -- Searching for dependencies of ignition-msgs8
[0.331s] -- Found Protobuf: /usr/lib/x86_64-linux-gnu/libprotobuf.so (found suitable version "3.12.4", minimum required is "3") 
[0.331s] -- Looking for ignition-math6 -- found version 6.15.1
[0.337s] -- Searching for <ignition-transport11> component [log]
[0.338s] -- Looking for ignition-transport11-log -- found version 11.4.1
[0.338s] -- Searching for dependencies of ignition-transport11-log
[0.338s] -- Searching for <ignition-transport11> component [parameters]
[0.338s] -- Looking for ignition-transport11-parameters -- found version 11.4.1
[0.339s] -- Searching for dependencies of ignition-transport11-parameters
[0.339s] -- Looking for ignition-msgs8 -- found version 8.7.0
[0.340s] -- Looking for ignition-common4 -- found version 4.7.0
[0.340s] -- Searching for dependencies of ignition-common4
[0.340s] -- Looking for dlfcn.h - found
[0.340s] -- Looking for libdl - found
[0.351s] -- Searching for <ignition-common4> component [profiler]
[0.351s] -- Searching for <ignition-common4> component [events]
[0.351s] -- Looking for ignition-common4-events -- found version 4.7.0
[0.352s] -- Searching for dependencies of ignition-common4-events
[0.352s] -- Looking for ignition-math6 -- found version 6.15.1
[0.353s] -- Searching for <ignition-common4> component [av]
[0.353s] -- Looking for ignition-common4-av -- found version 4.7.0
[0.354s] -- Searching for dependencies of ignition-common4-av
[0.358s] -- Checking for module 'libswscale'
[0.373s] --   Found libswscale, version 5.9.100
[0.416s] -- Checking for module 'libavdevice >= 56.4.100'
[0.431s] --   Found libavdevice , version 58.13.100
[0.478s] -- Checking for module 'libavformat'
[0.493s] --   Found libavformat, version 58.76.100
[0.537s] -- Checking for module 'libavcodec'
[0.552s] --   Found libavcodec, version 58.134.100
[0.595s] -- Checking for module 'libavutil'
[0.609s] --   Found libavutil, version 56.70.100
[0.646s] -- Looking for ignition-fuel_tools7 -- found version 7.3.1
[0.646s] -- Searching for dependencies of ignition-fuel_tools7
[0.686s] -- Checking for module 'jsoncpp'
[0.701s] --   Found jsoncpp, version 1.9.5
[0.744s] -- Checking for module 'libzip'
[0.759s] --   Found libzip, version 1.7.3
[0.795s] -- Looking for ignition-common4 -- found version 4.7.0
[0.795s] -- Looking for ignition-math6 -- found version 6.15.1
[0.796s] -- Looking for ignition-msgs8 -- found version 8.7.0
[0.797s] -- Looking for ignition-gui6 -- found version 6.8.0
[0.798s] -- Searching for dependencies of ignition-gui6
[0.822s] -- Looking for ignition-math6 -- found version 6.15.1
[0.822s] -- Looking for ignition-common4 -- found version 4.7.0
[0.823s] -- Looking for ignition-plugin1 -- found version 1.4.0
[0.823s] -- Looking for ignition-transport11 -- found version 11.4.1
[0.824s] -- Looking for ignition-rendering6 -- found version 6.6.3
[0.825s] -- Searching for dependencies of ignition-rendering6
[0.825s] -- Looking for ignition-math6 -- found version 6.15.1
[0.826s] -- Searching for dependencies of ignition-math6
[0.826s] -- Searching for <ignition-math6> component [eigen3]
[0.827s] -- Looking for ignition-math6-eigen3 -- found version 6.15.1
[0.827s] -- Searching for dependencies of ignition-math6-eigen3
[0.829s] -- Looking for ignition-common4 -- found version 4.7.0
[0.829s] -- Searching for dependencies of ignition-common4
[0.829s] -- Looking for dlfcn.h - found
[0.829s] -- Looking for libdl - found
[0.837s] -- Searching for <ignition-common4> component [graphics]
[0.838s] -- Looking for ignition-common4-graphics -- found version 4.7.0
[0.838s] -- Searching for dependencies of ignition-common4-graphics
[0.838s] -- Looking for ignition-math6 -- found version 6.15.1
[0.839s] -- Looking for ignition-utils1 -- found version 1.5.1
[0.839s] -- Searching for <ignition-common4> component [events]
[0.840s] -- Looking for ignition-plugin1 -- found version 1.4.0
[0.840s] -- Searching for dependencies of ignition-plugin1
[0.840s] -- Searching for <ignition-plugin1> component [all]
[0.841s] -- Looking for all libraries of ignition-plugin1 -- found version 1.4.0
[0.841s] -- Looking for ignition-plugin1 -- found version 1.4.0
[0.843s] -- Looking for ignition-msgs8 -- found version 8.7.0
[0.856s] -- Looking for ignition-physics5 -- found version 5.3.2
[0.856s] -- Searching for dependencies of ignition-physics5
[0.856s] -- Looking for ignition-math6 -- found version 6.15.1
[0.856s] -- Looking for ignition-plugin1 -- found version 1.4.0
[0.857s] -- Looking for ignition-utils1 -- found version 1.5.1
[0.857s] -- Searching for <ignition-physics5> component [heightmap]
[0.857s] -- Looking for ignition-physics5-heightmap -- found version 5.3.2
[0.858s] -- Searching for dependencies of ignition-physics5-heightmap
[0.858s] -- Looking for ignition-common4 -- found version 4.7.0
[0.858s] -- Searching for <ignition-physics5> component [mesh]
[0.858s] -- Looking for ignition-physics5-mesh -- found version 5.3.2
[0.859s] -- Searching for dependencies of ignition-physics5-mesh
[0.859s] -- Looking for ignition-common4 -- found version 4.7.0
[0.859s] -- Searching for <ignition-physics5> component [sdf]
[0.860s] -- Looking for ignition-physics5-sdf -- found version 5.3.2
[0.860s] -- Searching for dependencies of ignition-physics5-sdf
[0.860s] -- Looking for sdformat12 -- found version 12.8.0
[0.861s] -- Looking for ignition-sensors6 -- found version 6.8.0
[0.861s] -- Searching for dependencies of ignition-sensors6
[0.874s] -- Found Protobuf: /usr/lib/x86_64-linux-gnu/libprotobuf.so (found version "3.12.4") 
[0.875s] -- Looking for ignition-math6 -- found version 6.15.1
[0.875s] -- Looking for ignition-common4 -- found version 4.7.0
[0.875s] -- Looking for ignition-transport11 -- found version 11.4.1
[0.876s] -- Looking for ignition-rendering6 -- found version 6.6.3
[0.876s] -- Looking for ignition-msgs8 -- found version 8.7.0
[0.877s] -- Looking for sdformat12 -- found version 12.8.0
[0.877s] -- Searching for <ignition-sensors6> component [air_pressure]
[0.877s] -- Looking for ignition-sensors6-air_pressure -- found version 6.8.0
[0.877s] -- Searching for dependencies of ignition-sensors6-air_pressure
[0.878s] -- Searching for <ignition-sensors6> component [altimeter]
[0.878s] -- Looking for ignition-sensors6-altimeter -- found version 6.8.0
[0.878s] -- Searching for dependencies of ignition-sensors6-altimeter
[0.879s] -- Searching for <ignition-sensors6> component [imu]
[0.879s] -- Looking for ignition-sensors6-imu -- found version 6.8.0
[0.879s] -- Searching for dependencies of ignition-sensors6-imu
[0.879s] -- Searching for <ignition-sensors6> component [force_torque]
[0.880s] -- Looking for ignition-sensors6-force_torque -- found version 6.8.0
[0.880s] -- Searching for dependencies of ignition-sensors6-force_torque
[0.880s] -- Searching for <ignition-sensors6> component [logical_camera]
[0.880s] -- Looking for ignition-sensors6-logical_camera -- found version 6.8.0
[0.881s] -- Searching for dependencies of ignition-sensors6-logical_camera
[0.881s] -- Searching for <ignition-sensors6> component [magnetometer]
[0.881s] -- Looking for ignition-sensors6-magnetometer -- found version 6.8.0
[0.881s] -- Searching for dependencies of ignition-sensors6-magnetometer
[0.882s] -- Searching for <ignition-sensors6> component [navsat]
[0.882s] -- Looking for ignition-sensors6-navsat -- found version 6.8.0
[0.882s] -- Searching for dependencies of ignition-sensors6-navsat
[0.883s] -- Searching for <ignition-sensors6> component [rendering]
[0.883s] -- Looking for ignition-sensors6-rendering -- found version 6.8.0
[0.883s] -- Searching for dependencies of ignition-sensors6-rendering
[0.883s] -- Searching for <ignition-sensors6> component [lidar]
[0.884s] -- Looking for ignition-sensors6-lidar -- found version 6.8.0
[0.884s] -- Searching for dependencies of ignition-sensors6-lidar
[0.884s] -- Looking for ignition-sensors6 -- found version 6.8.0
[0.885s] -- Searching for <ignition-sensors6> component [gpu_lidar]
[0.885s] -- Looking for ignition-sensors6-gpu_lidar -- found version 6.8.0
[0.885s] -- Searching for dependencies of ignition-sensors6-gpu_lidar
[0.885s] -- Looking for ignition-sensors6 -- found version 6.8.0
[0.886s] -- Searching for <ignition-sensors6> component [camera]
[0.886s] -- Looking for ignition-sensors6-camera -- found version 6.8.0
[0.886s] -- Searching for dependencies of ignition-sensors6-camera
[0.886s] -- Looking for ignition-sensors6 -- found version 6.8.0
[0.887s] -- Searching for <ignition-sensors6> component [boundingbox_camera]
[0.887s] -- Looking for ignition-sensors6-boundingbox_camera -- found version 6.8.0
[0.887s] -- Searching for dependencies of ignition-sensors6-boundingbox_camera
[0.888s] -- Searching for <ignition-sensors6> component [segmentation_camera]
[0.888s] -- Looking for ignition-sensors6-segmentation_camera -- found version 6.8.0
[0.888s] -- Searching for dependencies of ignition-sensors6-segmentation_camera
[0.888s] -- Searching for <ignition-sensors6> component [depth_camera]
[0.889s] -- Looking for ignition-sensors6-depth_camera -- found version 6.8.0
[0.889s] -- Searching for dependencies of ignition-sensors6-depth_camera
[0.889s] -- Looking for ignition-sensors6 -- found version 6.8.0
[0.890s] -- Searching for <ignition-sensors6> component [rgbd_camera]
[0.890s] -- Looking for ignition-sensors6-rgbd_camera -- found version 6.8.0
[0.890s] -- Searching for dependencies of ignition-sensors6-rgbd_camera
[0.890s] -- Looking for ignition-sensors6 -- found version 6.8.0
[0.891s] -- Searching for <ignition-sensors6> component [thermal_camera]
[0.891s] -- Looking for ignition-sensors6-thermal_camera -- found version 6.8.0
[0.891s] -- Searching for dependencies of ignition-sensors6-thermal_camera
[0.891s] -- Looking for ignition-sensors6 -- found version 6.8.0
[0.892s] -- Looking for ignition-rendering6 -- found version 6.6.3
[0.892s] -- Looking for ignition-math6 -- found version 6.15.1
[0.893s] -- Looking for ignition-utils1 -- found version 1.5.1
[0.906s] -- Found ament_lint_auto: 0.12.11 (/opt/ros/humble/share/ament_lint_auto/cmake)
[0.949s] -- Configuring done
[0.952s] -- Generating done
[0.952s] -- Build files have been written to: /home/zak/INF3995-Templates/build/ros_gz_example_gazebo
[0.958s] Invoked command in '/home/zak/INF3995-Templates/build/ros_gz_example_gazebo' returned '0': CMAKE_PREFIX_PATH=/home/zak/INF3995-Templates/install/ros_gz_example_description:/home/zak/INF3995-Templates/install/ros_gz_example_bringup:/home/zak/INF3995-Templates/install/ros_gz_example_gazebo:/home/zak/INF3995-Templates/install/ros_gz_example_application:/opt/ros/humble IGN_GAZEBO_RESOURCE_PATH=/home/zak/INF3995-Templates/install/ros_gz_example_description/share/ros_gz_example_description/models:${IGN_GAZEBO_RESOURCE_PATH} /usr/bin/cmake /home/zak/INF3995-Templates/project_ws/src/ros_gz_example_gazebo -DBUILD_TESTING=ON -DAMENT_CMAKE_SYMLINK_INSTALL=1 -DCMAKE_INSTALL_PREFIX=/home/zak/INF3995-Templates/install/ros_gz_example_gazebo
[0.959s] Invoking command in '/home/zak/INF3995-Templates/build/ros_gz_example_gazebo': CMAKE_PREFIX_PATH=/home/zak/INF3995-Templates/install/ros_gz_example_description:/home/zak/INF3995-Templates/install/ros_gz_example_bringup:/home/zak/INF3995-Templates/install/ros_gz_example_gazebo:/home/zak/INF3995-Templates/install/ros_gz_example_application:/opt/ros/humble IGN_GAZEBO_RESOURCE_PATH=/home/zak/INF3995-Templates/install/ros_gz_example_description/share/ros_gz_example_description/models:${IGN_GAZEBO_RESOURCE_PATH} /usr/bin/cmake --build /home/zak/INF3995-Templates/build/ros_gz_example_gazebo -- -j12 -l12
[0.996s] Invoked command in '/home/zak/INF3995-Templates/build/ros_gz_example_gazebo' returned '0': CMAKE_PREFIX_PATH=/home/zak/INF3995-Templates/install/ros_gz_example_description:/home/zak/INF3995-Templates/install/ros_gz_example_bringup:/home/zak/INF3995-Templates/install/ros_gz_example_gazebo:/home/zak/INF3995-Templates/install/ros_gz_example_application:/opt/ros/humble IGN_GAZEBO_RESOURCE_PATH=/home/zak/INF3995-Templates/install/ros_gz_example_description/share/ros_gz_example_description/models:${IGN_GAZEBO_RESOURCE_PATH} /usr/bin/cmake --build /home/zak/INF3995-Templates/build/ros_gz_example_gazebo -- -j12 -l12
[1.021s] Invoking command in '/home/zak/INF3995-Templates/build/ros_gz_example_gazebo': CMAKE_PREFIX_PATH=/home/zak/INF3995-Templates/install/ros_gz_example_description:/home/zak/INF3995-Templates/install/ros_gz_example_bringup:/home/zak/INF3995-Templates/install/ros_gz_example_gazebo:/home/zak/INF3995-Templates/install/ros_gz_example_application:/opt/ros/humble IGN_GAZEBO_RESOURCE_PATH=/home/zak/INF3995-Templates/install/ros_gz_example_description/share/ros_gz_example_description/models:${IGN_GAZEBO_RESOURCE_PATH} /usr/bin/cmake --install /home/zak/INF3995-Templates/build/ros_gz_example_gazebo
[1.029s] -- Install configuration: ""
[1.029s] -- Execute custom install script
[1.029s] -- Symlinking: /home/zak/INF3995-Templates/install/ros_gz_example_gazebo/share/ros_gz_example_gazebo/worlds/diff_drive.sdf
[1.039s] -- Symlinking: /home/zak/INF3995-Templates/install/ros_gz_example_gazebo/share/ros_gz_example_gazebo/environment/ros_gz_example_gazebo.dsv
[1.049s] -- Symlinking: /home/zak/INF3995-Templates/install/ros_gz_example_gazebo/share/ros_gz_example_gazebo/environment/ros_gz_example_gazebo.sh
[1.058s] -- Symlinking: /home/zak/INF3995-Templates/install/ros_gz_example_gazebo/share/ament_index/resource_index/package_run_dependencies/ros_gz_example_gazebo
[1.068s] -- Symlinking: /home/zak/INF3995-Templates/install/ros_gz_example_gazebo/share/ament_index/resource_index/parent_prefix_path/ros_gz_example_gazebo
[1.079s] -- Symlinking: /home/zak/INF3995-Templates/install/ros_gz_example_gazebo/share/ros_gz_example_gazebo/environment/ament_prefix_path.sh
[1.089s] -- Symlinking: /home/zak/INF3995-Templates/install/ros_gz_example_gazebo/share/ros_gz_example_gazebo/environment/ament_prefix_path.dsv
[1.098s] -- Symlinking: /home/zak/INF3995-Templates/install/ros_gz_example_gazebo/share/ros_gz_example_gazebo/environment/path.sh
[1.108s] -- Symlinking: /home/zak/INF3995-Templates/install/ros_gz_example_gazebo/share/ros_gz_example_gazebo/environment/path.dsv
[1.117s] -- Symlinking: /home/zak/INF3995-Templates/install/ros_gz_example_gazebo/share/ros_gz_example_gazebo/local_setup.bash
[1.126s] -- Symlinking: /home/zak/INF3995-Templates/install/ros_gz_example_gazebo/share/ros_gz_example_gazebo/local_setup.sh
[1.137s] -- Symlinking: /home/zak/INF3995-Templates/install/ros_gz_example_gazebo/share/ros_gz_example_gazebo/local_setup.zsh
[1.146s] -- Symlinking: /home/zak/INF3995-Templates/install/ros_gz_example_gazebo/share/ros_gz_example_gazebo/local_setup.dsv
[1.157s] -- Symlinking: /home/zak/INF3995-Templates/install/ros_gz_example_gazebo/share/ros_gz_example_gazebo/package.dsv
[1.164s] -- Symlinking: /home/zak/INF3995-Templates/install/ros_gz_example_gazebo/share/ament_index/resource_index/packages/ros_gz_example_gazebo
[1.170s] -- Symlinking: /home/zak/INF3995-Templates/install/ros_gz_example_gazebo/share/ros_gz_example_gazebo/cmake/ros_gz_example_gazeboConfig.cmake
[1.177s] -- Symlinking: /home/zak/INF3995-Templates/install/ros_gz_example_gazebo/share/ros_gz_example_gazebo/cmake/ros_gz_example_gazeboConfig-version.cmake
[1.187s] -- Symlinking: /home/zak/INF3995-Templates/install/ros_gz_example_gazebo/share/ros_gz_example_gazebo/package.xml
[1.199s] Invoked command in '/home/zak/INF3995-Templates/build/ros_gz_example_gazebo' returned '0': CMAKE_PREFIX_PATH=/home/zak/INF3995-Templates/install/ros_gz_example_description:/home/zak/INF3995-Templates/install/ros_gz_example_bringup:/home/zak/INF3995-Templates/install/ros_gz_example_gazebo:/home/zak/INF3995-Templates/install/ros_gz_example_application:/opt/ros/humble IGN_GAZEBO_RESOURCE_PATH=/home/zak/INF3995-Templates/install/ros_gz_example_description/share/ros_gz_example_description/models:${IGN_GAZEBO_RESOURCE_PATH} /usr/bin/cmake --install /home/zak/INF3995-Templates/build/ros_gz_example_gazebo
