[0.007s] Invoking command in '/home/zak/INF3995-Templates/build/ros_gz_example_description': CMAKE_PREFIX_PATH=/opt/ros/humble /usr/bin/cmake /home/zak/INF3995-Templates/project_ws/src/ros_gz_example_description -DBUILD_TESTING=ON -DCMAKE_INSTALL_PREFIX=/home/zak/INF3995-Templates/install/ros_gz_example_description
[0.047s] -- The C compiler identification is GNU 11.4.0
[0.092s] -- The CXX compiler identification is GNU 11.4.0
[0.099s] -- Detecting C compiler ABI info
[0.149s] -- Detecting C compiler ABI info - done
[0.154s] -- Check for working C compiler: /usr/bin/cc - skipped
[0.154s] -- Detecting C compile features
[0.154s] -- Detecting C compile features - done
[0.156s] -- Detecting CXX compiler ABI info
[0.215s] -- Detecting CXX compiler ABI info - done
[0.221s] -- Check for working CXX compiler: /usr/bin/c++ - skipped
[0.221s] -- Detecting CXX compile features
[0.221s] -- Detecting CXX compile features - done
[0.222s] -- Found ament_cmake: 1.3.10 (/opt/ros/humble/share/ament_cmake/cmake)
[0.324s] -- Found Python3: /usr/bin/python3 (found version "3.10.12") found components: Interpreter 
[0.379s] -- Found ament_lint_auto: 0.12.11 (/opt/ros/humble/share/ament_lint_auto/cmake)
[0.423s] -- Configuring done
[0.425s] -- Generating done
[0.426s] -- Build files have been written to: /home/zak/INF3995-Templates/build/ros_gz_example_description
[0.430s] Invoked command in '/home/zak/INF3995-Templates/build/ros_gz_example_description' returned '0': CMAKE_PREFIX_PATH=/opt/ros/humble /usr/bin/cmake /home/zak/INF3995-Templates/project_ws/src/ros_gz_example_description -DBUILD_TESTING=ON -DCMAKE_INSTALL_PREFIX=/home/zak/INF3995-Templates/install/ros_gz_example_description
[0.432s] Invoking command in '/home/zak/INF3995-Templates/build/ros_gz_example_description': CMAKE_PREFIX_PATH=/opt/ros/humble /usr/bin/cmake --build /home/zak/INF3995-Templates/build/ros_gz_example_description -- -j12 -l12
[0.465s] Invoked command in '/home/zak/INF3995-Templates/build/ros_gz_example_description' returned '0': CMAKE_PREFIX_PATH=/opt/ros/humble /usr/bin/cmake --build /home/zak/INF3995-Templates/build/ros_gz_example_description -- -j12 -l12
[0.488s] Invoking command in '/home/zak/INF3995-Templates/build/ros_gz_example_description': CMAKE_PREFIX_PATH=/opt/ros/humble /usr/bin/cmake --install /home/zak/INF3995-Templates/build/ros_gz_example_description
[0.494s] -- Install configuration: ""
[0.494s] -- Installing: /home/zak/INF3995-Templates/install/ros_gz_example_description/share/ros_gz_example_description/models
[0.494s] -- Installing: /home/zak/INF3995-Templates/install/ros_gz_example_description/share/ros_gz_example_description/models/limo_ackerman
[0.494s] -- Installing: /home/zak/INF3995-Templates/install/ros_gz_example_description/share/ros_gz_example_description/models/limo_ackerman/model.sdf
[0.494s] -- Installing: /home/zak/INF3995-Templates/install/ros_gz_example_description/share/ros_gz_example_description/models/limo_ackerman/meshes
[0.494s] -- Installing: /home/zak/INF3995-Templates/install/ros_gz_example_description/share/ros_gz_example_description/models/limo_ackerman/meshes/limo_base.dae
[0.522s] -- Installing: /home/zak/INF3995-Templates/install/ros_gz_example_description/share/ros_gz_example_description/models/limo_ackerman/meshes/limo_base.stl
[0.541s] -- Installing: /home/zak/INF3995-Templates/install/ros_gz_example_description/share/ros_gz_example_description/models/limo_ackerman/meshes/limo_wheel.dae
[0.546s] -- Installing: /home/zak/INF3995-Templates/install/ros_gz_example_description/share/ros_gz_example_description/models/limo_ackerman/meshes/limo_wheel.stl
[0.550s] -- Installing: /home/zak/INF3995-Templates/install/ros_gz_example_description/share/ros_gz_example_description/models/limo_ackerman/model.config
[0.550s] -- Installing: /home/zak/INF3995-Templates/install/ros_gz_example_description/share/ros_gz_example_description/models/limo_diff_drive
[0.550s] -- Installing: /home/zak/INF3995-Templates/install/ros_gz_example_description/share/ros_gz_example_description/models/limo_diff_drive/model.sdf
[0.550s] -- Installing: /home/zak/INF3995-Templates/install/ros_gz_example_description/share/ros_gz_example_description/models/limo_diff_drive/meshes
[0.550s] -- Installing: /home/zak/INF3995-Templates/install/ros_gz_example_description/share/ros_gz_example_description/models/limo_diff_drive/meshes/limo_base.dae
[0.576s] -- Installing: /home/zak/INF3995-Templates/install/ros_gz_example_description/share/ros_gz_example_description/models/limo_diff_drive/meshes/limo_base.stl
[0.594s] -- Installing: /home/zak/INF3995-Templates/install/ros_gz_example_description/share/ros_gz_example_description/models/limo_diff_drive/meshes/limo_wheel.dae
[0.600s] -- Installing: /home/zak/INF3995-Templates/install/ros_gz_example_description/share/ros_gz_example_description/models/limo_diff_drive/meshes/limo_wheel.stl
[0.603s] -- Installing: /home/zak/INF3995-Templates/install/ros_gz_example_description/share/ros_gz_example_description/models/limo_diff_drive/model.config
[0.603s] -- Installing: /home/zak/INF3995-Templates/install/ros_gz_example_description/share/ros_gz_example_description/environment/ros_gz_example_description.dsv
[0.603s] -- Installing: /home/zak/INF3995-Templates/install/ros_gz_example_description/share/ros_gz_example_description/environment/ros_gz_example_description.sh
[0.604s] -- Installing: /home/zak/INF3995-Templates/install/ros_gz_example_description/share/ament_index/resource_index/package_run_dependencies/ros_gz_example_description
[0.604s] -- Installing: /home/zak/INF3995-Templates/install/ros_gz_example_description/share/ament_index/resource_index/parent_prefix_path/ros_gz_example_description
[0.604s] -- Installing: /home/zak/INF3995-Templates/install/ros_gz_example_description/share/ros_gz_example_description/environment/ament_prefix_path.sh
[0.604s] -- Installing: /home/zak/INF3995-Templates/install/ros_gz_example_description/share/ros_gz_example_description/environment/ament_prefix_path.dsv
[0.604s] -- Installing: /home/zak/INF3995-Templates/install/ros_gz_example_description/share/ros_gz_example_description/environment/path.sh
[0.604s] -- Installing: /home/zak/INF3995-Templates/install/ros_gz_example_description/share/ros_gz_example_description/environment/path.dsv
[0.604s] -- Installing: /home/zak/INF3995-Templates/install/ros_gz_example_description/share/ros_gz_example_description/local_setup.bash
[0.604s] -- Installing: /home/zak/INF3995-Templates/install/ros_gz_example_description/share/ros_gz_example_description/local_setup.sh
[0.604s] -- Installing: /home/zak/INF3995-Templates/install/ros_gz_example_description/share/ros_gz_example_description/local_setup.zsh
[0.604s] -- Installing: /home/zak/INF3995-Templates/install/ros_gz_example_description/share/ros_gz_example_description/local_setup.dsv
[0.604s] -- Installing: /home/zak/INF3995-Templates/install/ros_gz_example_description/share/ros_gz_example_description/package.dsv
[0.604s] -- Installing: /home/zak/INF3995-Templates/install/ros_gz_example_description/share/ament_index/resource_index/packages/ros_gz_example_description
[0.605s] -- Installing: /home/zak/INF3995-Templates/install/ros_gz_example_description/share/ros_gz_example_description/cmake/ros_gz_example_descriptionConfig.cmake
[0.605s] -- Installing: /home/zak/INF3995-Templates/install/ros_gz_example_description/share/ros_gz_example_description/cmake/ros_gz_example_descriptionConfig-version.cmake
[0.605s] -- Installing: /home/zak/INF3995-Templates/install/ros_gz_example_description/share/ros_gz_example_description/package.xml
[0.606s] Invoked command in '/home/zak/INF3995-Templates/build/ros_gz_example_description' returned '0': CMAKE_PREFIX_PATH=/opt/ros/humble /usr/bin/cmake --install /home/zak/INF3995-Templates/build/ros_gz_example_description
