[0.007s] Invoking command in '/home/zak/INF3995-Templates/build/ros_gz_example_gazebo': AMENT_PREFIX_PATH=/home/zak/INF3995-Templates/install/ros_gz_example_description:${AMENT_PREFIX_PATH} CMAKE_PREFIX_PATH=/home/zak/INF3995-Templates/install/ros_gz_example_description:/opt/ros/humble IGN_GAZEBO_RESOURCE_PATH=/home/zak/INF3995-Templates/install/ros_gz_example_description/share/ros_gz_example_description/models /usr/bin/cmake /home/zak/INF3995-Templates/project_ws/src/ros_gz_example_gazebo -DBUILD_TESTING=ON -DCMAKE_INSTALL_PREFIX=/home/zak/INF3995-Templates/install/ros_gz_example_gazebo
[0.015s] -- Found ament_cmake: 1.3.10 (/opt/ros/humble/share/ament_cmake/cmake)
[0.115s] -- Found ros_gz_example_description: 0.0.0 (/home/zak/INF3995-Templates/install/ros_gz_example_description/share/ros_gz_example_description/cmake)
[0.118s] -- Looking for ignition-plugin1 -- found version 1.4.0
[0.118s] -- Searching for dependencies of ignition-plugin1
[0.118s] -- Searching for <ignition-plugin1> component [register]
[0.119s] -- Looking for ignition-plugin1-register -- found version 1.4.0
[0.119s] -- Searching for dependencies of ignition-plugin1-register
[0.120s] -- Looking for ignition-common4 -- found version 4.7.0
[0.120s] -- Searching for dependencies of ignition-common4
[0.121s] -- Looking for dlfcn.h - found
[0.125s] -- Looking for libdl - found
[0.126s] -- Found DL: TRUE  
[0.131s] -- Checking for module 'uuid'
[0.145s] --   Found uuid, version 2.37.2
[0.179s] -- Found UUID: TRUE  
[0.180s] -- Searching for <ignition-common4> component [profiler]
[0.182s] -- Looking for ignition-common4-profiler -- found version 4.7.0
[0.182s] -- Searching for dependencies of ignition-common4-profiler
[0.192s] [31mCMake Error at CMakeLists.txt:18 (find_package):
[0.192s]   By not providing "Findignition-gazebo6.cmake" in CMAKE_MODULE_PATH this
[0.192s]   project has asked CMake to find a package configuration file provided by
[0.192s]   "ignition-gazebo6", but CMake did not find one.
[0.192s] 
[0.192s]   Could not find a package configuration file provided by "ignition-gazebo6"
[0.193s]   with any of the following names:
[0.193s] 
[0.193s]     ignition-gazebo6Config.cmake
[0.193s]     ignition-gazebo6-config.cmake
[0.193s] 
[0.193s]   Add the installation prefix of "ignition-gazebo6" to CMAKE_PREFIX_PATH or
[0.193s]   set "ignition-gazebo6_DIR" to a directory containing one of the above
[0.193s]   files.  If "ignition-gazebo6" provides a separate development package or
[0.193s]   SDK, be sure it has been installed.
[0.193s] 
[0.193s] [0m
[0.193s] -- Configuring incomplete, errors occurred!
[0.193s] See also "/home/zak/INF3995-Templates/build/ros_gz_example_gazebo/CMakeFiles/CMakeOutput.log".
[0.195s] Invoked command in '/home/zak/INF3995-Templates/build/ros_gz_example_gazebo' returned '1': AMENT_PREFIX_PATH=/home/zak/INF3995-Templates/install/ros_gz_example_description:${AMENT_PREFIX_PATH} CMAKE_PREFIX_PATH=/home/zak/INF3995-Templates/install/ros_gz_example_description:/opt/ros/humble IGN_GAZEBO_RESOURCE_PATH=/home/zak/INF3995-Templates/install/ros_gz_example_description/share/ros_gz_example_description/models /usr/bin/cmake /home/zak/INF3995-Templates/project_ws/src/ros_gz_example_gazebo -DBUILD_TESTING=ON -DCMAKE_INSTALL_PREFIX=/home/zak/INF3995-Templates/install/ros_gz_example_gazebo
