[0.008s] Invoking command in '/home/zak/INF3995-Templates/build/ros_gz_example_bringup': AMENT_PREFIX_PATH=/home/zak/INF3995-Templates/install/ros_gz_example_gazebo:/home/zak/INF3995-Templates/install/ros_gz_example_description:${AMENT_PREFIX_PATH} CMAKE_PREFIX_PATH=/home/zak/INF3995-Templates/install/ros_gz_example_gazebo:/home/zak/INF3995-Templates/install/ros_gz_example_description:/opt/ros/humble IGN_GAZEBO_PLUGIN_PATH=/home/zak/INF3995-Templates/install/ros_gz_example_gazebo/lib/ros_gz_example_gazebo IGN_GAZEBO_RESOURCE_PATH=/home/zak/INF3995-Templates/install/ros_gz_example_gazebo/share/ros_gz_example_gazebo/worlds:/home/zak/INF3995-Templates/install/ros_gz_example_description/share/ros_gz_example_description/models /usr/bin/cmake /home/zak/INF3995-Templates/project_ws/src/ros_gz_example_bringup -DBUILD_TESTING=ON -DCMAKE_INSTALL_PREFIX=/home/zak/INF3995-Templates/install/ros_gz_example_bringup
[0.071s] -- The C compiler identification is GNU 11.4.0
[0.127s] -- The CXX compiler identification is GNU 11.4.0
[0.133s] -- Detecting C compiler ABI info
[0.204s] -- Detecting C compiler ABI info - done
[0.209s] -- Check for working C compiler: /usr/bin/cc - skipped
[0.209s] -- Detecting C compile features
[0.210s] -- Detecting C compile features - done
[0.212s] -- Detecting CXX compiler ABI info
[0.289s] -- Detecting CXX compiler ABI info - done
[0.294s] -- Check for working CXX compiler: /usr/bin/c++ - skipped
[0.294s] -- Detecting CXX compile features
[0.294s] -- Detecting CXX compile features - done
[0.296s] -- Found ament_cmake: 1.3.10 (/opt/ros/humble/share/ament_cmake/cmake)
[0.421s] -- Found Python3: /usr/bin/python3 (found version "3.10.12") found components: Interpreter 
[0.476s] -- Found ros_gz_example_description: 0.0.0 (/home/zak/INF3995-Templates/install/ros_gz_example_description/share/ros_gz_example_description/cmake)
[0.476s] -- Found ros_gz_example_gazebo: 0.0.0 (/home/zak/INF3995-Templates/install/ros_gz_example_gazebo/share/ros_gz_example_gazebo/cmake)
[0.476s] -- Found ament_lint_auto: 0.12.11 (/opt/ros/humble/share/ament_lint_auto/cmake)
[0.522s] -- Configuring done
[0.523s] -- Generating done
[0.523s] -- Build files have been written to: /home/zak/INF3995-Templates/build/ros_gz_example_bringup
[0.526s] Invoked command in '/home/zak/INF3995-Templates/build/ros_gz_example_bringup' returned '0': AMENT_PREFIX_PATH=/home/zak/INF3995-Templates/install/ros_gz_example_gazebo:/home/zak/INF3995-Templates/install/ros_gz_example_description:${AMENT_PREFIX_PATH} CMAKE_PREFIX_PATH=/home/zak/INF3995-Templates/install/ros_gz_example_gazebo:/home/zak/INF3995-Templates/install/ros_gz_example_description:/opt/ros/humble IGN_GAZEBO_PLUGIN_PATH=/home/zak/INF3995-Templates/install/ros_gz_example_gazebo/lib/ros_gz_example_gazebo IGN_GAZEBO_RESOURCE_PATH=/home/zak/INF3995-Templates/install/ros_gz_example_gazebo/share/ros_gz_example_gazebo/worlds:/home/zak/INF3995-Templates/install/ros_gz_example_description/share/ros_gz_example_description/models /usr/bin/cmake /home/zak/INF3995-Templates/project_ws/src/ros_gz_example_bringup -DBUILD_TESTING=ON -DCMAKE_INSTALL_PREFIX=/home/zak/INF3995-Templates/install/ros_gz_example_bringup
[0.528s] Invoking command in '/home/zak/INF3995-Templates/build/ros_gz_example_bringup': AMENT_PREFIX_PATH=/home/zak/INF3995-Templates/install/ros_gz_example_gazebo:/home/zak/INF3995-Templates/install/ros_gz_example_description:${AMENT_PREFIX_PATH} CMAKE_PREFIX_PATH=/home/zak/INF3995-Templates/install/ros_gz_example_gazebo:/home/zak/INF3995-Templates/install/ros_gz_example_description:/opt/ros/humble IGN_GAZEBO_PLUGIN_PATH=/home/zak/INF3995-Templates/install/ros_gz_example_gazebo/lib/ros_gz_example_gazebo IGN_GAZEBO_RESOURCE_PATH=/home/zak/INF3995-Templates/install/ros_gz_example_gazebo/share/ros_gz_example_gazebo/worlds:/home/zak/INF3995-Templates/install/ros_gz_example_description/share/ros_gz_example_description/models /usr/bin/cmake --build /home/zak/INF3995-Templates/build/ros_gz_example_bringup -- -j12 -l12
[0.569s] Invoked command in '/home/zak/INF3995-Templates/build/ros_gz_example_bringup' returned '0': AMENT_PREFIX_PATH=/home/zak/INF3995-Templates/install/ros_gz_example_gazebo:/home/zak/INF3995-Templates/install/ros_gz_example_description:${AMENT_PREFIX_PATH} CMAKE_PREFIX_PATH=/home/zak/INF3995-Templates/install/ros_gz_example_gazebo:/home/zak/INF3995-Templates/install/ros_gz_example_description:/opt/ros/humble IGN_GAZEBO_PLUGIN_PATH=/home/zak/INF3995-Templates/install/ros_gz_example_gazebo/lib/ros_gz_example_gazebo IGN_GAZEBO_RESOURCE_PATH=/home/zak/INF3995-Templates/install/ros_gz_example_gazebo/share/ros_gz_example_gazebo/worlds:/home/zak/INF3995-Templates/install/ros_gz_example_description/share/ros_gz_example_description/models /usr/bin/cmake --build /home/zak/INF3995-Templates/build/ros_gz_example_bringup -- -j12 -l12
[0.594s] Invoking command in '/home/zak/INF3995-Templates/build/ros_gz_example_bringup': AMENT_PREFIX_PATH=/home/zak/INF3995-Templates/install/ros_gz_example_gazebo:/home/zak/INF3995-Templates/install/ros_gz_example_description:${AMENT_PREFIX_PATH} CMAKE_PREFIX_PATH=/home/zak/INF3995-Templates/install/ros_gz_example_gazebo:/home/zak/INF3995-Templates/install/ros_gz_example_description:/opt/ros/humble IGN_GAZEBO_PLUGIN_PATH=/home/zak/INF3995-Templates/install/ros_gz_example_gazebo/lib/ros_gz_example_gazebo IGN_GAZEBO_RESOURCE_PATH=/home/zak/INF3995-Templates/install/ros_gz_example_gazebo/share/ros_gz_example_gazebo/worlds:/home/zak/INF3995-Templates/install/ros_gz_example_description/share/ros_gz_example_description/models /usr/bin/cmake --install /home/zak/INF3995-Templates/build/ros_gz_example_bringup
[0.602s] -- Install configuration: ""
[0.602s] -- Installing: /home/zak/INF3995-Templates/install/ros_gz_example_bringup/share/ros_gz_example_bringup/launch
[0.602s] -- Installing: /home/zak/INF3995-Templates/install/ros_gz_example_bringup/share/ros_gz_example_bringup/launch/diff_drive.launch.py
[0.602s] -- Installing: /home/zak/INF3995-Templates/install/ros_gz_example_bringup/share/ros_gz_example_bringup/config
[0.602s] -- Installing: /home/zak/INF3995-Templates/install/ros_gz_example_bringup/share/ros_gz_example_bringup/config/cartographer_2d.lua
[0.602s] -- Installing: /home/zak/INF3995-Templates/install/ros_gz_example_bringup/share/ros_gz_example_bringup/config/diff_drive.rviz
[0.602s] -- Installing: /home/zak/INF3995-Templates/install/ros_gz_example_bringup/share/ros_gz_example_bringup/config/ros_gz_example_bridge.yaml
[0.602s] -- Installing: /home/zak/INF3995-Templates/install/ros_gz_example_bringup/share/ros_gz_example_bringup/config/limo_diff_drive.rviz
[0.602s] -- Installing: /home/zak/INF3995-Templates/install/ros_gz_example_bringup/share/ament_index/resource_index/package_run_dependencies/ros_gz_example_bringup
[0.603s] -- Installing: /home/zak/INF3995-Templates/install/ros_gz_example_bringup/share/ament_index/resource_index/parent_prefix_path/ros_gz_example_bringup
[0.603s] -- Installing: /home/zak/INF3995-Templates/install/ros_gz_example_bringup/share/ros_gz_example_bringup/environment/ament_prefix_path.sh
[0.603s] -- Installing: /home/zak/INF3995-Templates/install/ros_gz_example_bringup/share/ros_gz_example_bringup/environment/ament_prefix_path.dsv
[0.603s] -- Installing: /home/zak/INF3995-Templates/install/ros_gz_example_bringup/share/ros_gz_example_bringup/environment/path.sh
[0.603s] -- Installing: /home/zak/INF3995-Templates/install/ros_gz_example_bringup/share/ros_gz_example_bringup/environment/path.dsv
[0.603s] -- Installing: /home/zak/INF3995-Templates/install/ros_gz_example_bringup/share/ros_gz_example_bringup/local_setup.bash
[0.603s] -- Installing: /home/zak/INF3995-Templates/install/ros_gz_example_bringup/share/ros_gz_example_bringup/local_setup.sh
[0.603s] -- Installing: /home/zak/INF3995-Templates/install/ros_gz_example_bringup/share/ros_gz_example_bringup/local_setup.zsh
[0.603s] -- Installing: /home/zak/INF3995-Templates/install/ros_gz_example_bringup/share/ros_gz_example_bringup/local_setup.dsv
[0.603s] -- Installing: /home/zak/INF3995-Templates/install/ros_gz_example_bringup/share/ros_gz_example_bringup/package.dsv
[0.604s] -- Installing: /home/zak/INF3995-Templates/install/ros_gz_example_bringup/share/ament_index/resource_index/packages/ros_gz_example_bringup
[0.604s] -- Installing: /home/zak/INF3995-Templates/install/ros_gz_example_bringup/share/ros_gz_example_bringup/cmake/ros_gz_example_bringupConfig.cmake
[0.604s] -- Installing: /home/zak/INF3995-Templates/install/ros_gz_example_bringup/share/ros_gz_example_bringup/cmake/ros_gz_example_bringupConfig-version.cmake
[0.604s] -- Installing: /home/zak/INF3995-Templates/install/ros_gz_example_bringup/share/ros_gz_example_bringup/package.xml
[0.606s] Invoked command in '/home/zak/INF3995-Templates/build/ros_gz_example_bringup' returned '0': AMENT_PREFIX_PATH=/home/zak/INF3995-Templates/install/ros_gz_example_gazebo:/home/zak/INF3995-Templates/install/ros_gz_example_description:${AMENT_PREFIX_PATH} CMAKE_PREFIX_PATH=/home/zak/INF3995-Templates/install/ros_gz_example_gazebo:/home/zak/INF3995-Templates/install/ros_gz_example_description:/opt/ros/humble IGN_GAZEBO_PLUGIN_PATH=/home/zak/INF3995-Templates/install/ros_gz_example_gazebo/lib/ros_gz_example_gazebo IGN_GAZEBO_RESOURCE_PATH=/home/zak/INF3995-Templates/install/ros_gz_example_gazebo/share/ros_gz_example_gazebo/worlds:/home/zak/INF3995-Templates/install/ros_gz_example_description/share/ros_gz_example_description/models /usr/bin/cmake --install /home/zak/INF3995-Templates/build/ros_gz_example_bringup
