[0.007s] Invoking command in '/home/zak/INF3995-Templates/build/ros_gz_example_bringup': CMAKE_PREFIX_PATH=/home/zak/INF3995-Templates/install/ros_gz_example_gazebo:/home/zak/INF3995-Templates/install/ros_gz_example_description:/home/zak/INF3995-Templates/install/ros_gz_example_bringup:/home/zak/INF3995-Templates/install/ros_gz_example_application:/opt/ros/humble IGN_GAZEBO_PLUGIN_PATH=/home/zak/INF3995-Templates/install/ros_gz_example_gazebo/lib/ros_gz_example_gazebo IGN_GAZEBO_RESOURCE_PATH=/home/zak/INF3995-Templates/install/ros_gz_example_description/share/ros_gz_example_description/models:${IGN_GAZEBO_RESOURCE_PATH} /usr/bin/cmake --build /home/zak/INF3995-Templates/build/ros_gz_example_bringup -- -j12 -l12
[0.035s] Invoked command in '/home/zak/INF3995-Templates/build/ros_gz_example_bringup' returned '0': CMAKE_PREFIX_PATH=/home/zak/INF3995-Templates/install/ros_gz_example_gazebo:/home/zak/INF3995-Templates/install/ros_gz_example_description:/home/zak/INF3995-Templates/install/ros_gz_example_bringup:/home/zak/INF3995-Templates/install/ros_gz_example_application:/opt/ros/humble IGN_GAZEBO_PLUGIN_PATH=/home/zak/INF3995-Templates/install/ros_gz_example_gazebo/lib/ros_gz_example_gazebo IGN_GAZEBO_RESOURCE_PATH=/home/zak/INF3995-Templates/install/ros_gz_example_description/share/ros_gz_example_description/models:${IGN_GAZEBO_RESOURCE_PATH} /usr/bin/cmake --build /home/zak/INF3995-Templates/build/ros_gz_example_bringup -- -j12 -l12
[0.055s] Invoking command in '/home/zak/INF3995-Templates/build/ros_gz_example_bringup': CMAKE_PREFIX_PATH=/home/zak/INF3995-Templates/install/ros_gz_example_gazebo:/home/zak/INF3995-Templates/install/ros_gz_example_description:/home/zak/INF3995-Templates/install/ros_gz_example_bringup:/home/zak/INF3995-Templates/install/ros_gz_example_application:/opt/ros/humble IGN_GAZEBO_PLUGIN_PATH=/home/zak/INF3995-Templates/install/ros_gz_example_gazebo/lib/ros_gz_example_gazebo IGN_GAZEBO_RESOURCE_PATH=/home/zak/INF3995-Templates/install/ros_gz_example_description/share/ros_gz_example_description/models:${IGN_GAZEBO_RESOURCE_PATH} /usr/bin/cmake --install /home/zak/INF3995-Templates/build/ros_gz_example_bringup
[0.061s] -- Install configuration: ""
[0.061s] -- Up-to-date: /home/zak/INF3995-Templates/install/ros_gz_example_bringup/share/ros_gz_example_bringup/launch
[0.061s] -- Installing: /home/zak/INF3995-Templates/install/ros_gz_example_bringup/share/ros_gz_example_bringup/launch/diff_drive.launch.py
[0.061s] -- Up-to-date: /home/zak/INF3995-Templates/install/ros_gz_example_bringup/share/ros_gz_example_bringup/launch/log
[0.061s] -- Up-to-date: /home/zak/INF3995-Templates/install/ros_gz_example_bringup/share/ros_gz_example_bringup/launch/log/latest
[0.061s] -- Up-to-date: /home/zak/INF3995-Templates/install/ros_gz_example_bringup/share/ros_gz_example_bringup/launch/log/COLCON_IGNORE
[0.061s] -- Up-to-date: /home/zak/INF3995-Templates/install/ros_gz_example_bringup/share/ros_gz_example_bringup/launch/log/latest_list
[0.061s] -- Up-to-date: /home/zak/INF3995-Templates/install/ros_gz_example_bringup/share/ros_gz_example_bringup/launch/log/list_2024-08-29_11-55-33
[0.061s] -- Up-to-date: /home/zak/INF3995-Templates/install/ros_gz_example_bringup/share/ros_gz_example_bringup/launch/log/list_2024-08-29_11-55-33/logger_all.log
[0.061s] -- Up-to-date: /home/zak/INF3995-Templates/install/ros_gz_example_bringup/share/ros_gz_example_bringup/launch/__pycache__
[0.061s] -- Installing: /home/zak/INF3995-Templates/install/ros_gz_example_bringup/share/ros_gz_example_bringup/launch/__pycache__/diff_drive.launch.cpython-310.pyc
[0.062s] -- Up-to-date: /home/zak/INF3995-Templates/install/ros_gz_example_bringup/share/ros_gz_example_bringup/config
[0.062s] -- Up-to-date: /home/zak/INF3995-Templates/install/ros_gz_example_bringup/share/ros_gz_example_bringup/config/cartographer_2d.lua
[0.062s] -- Up-to-date: /home/zak/INF3995-Templates/install/ros_gz_example_bringup/share/ros_gz_example_bringup/config/diff_drive.rviz
[0.062s] -- Up-to-date: /home/zak/INF3995-Templates/install/ros_gz_example_bringup/share/ros_gz_example_bringup/config/ros_gz_example_bridge.yaml
[0.062s] -- Up-to-date: /home/zak/INF3995-Templates/install/ros_gz_example_bringup/share/ros_gz_example_bringup/config/limo_diff_drive.rviz
[0.062s] -- Up-to-date: /home/zak/INF3995-Templates/install/ros_gz_example_bringup/share/ament_index/resource_index/package_run_dependencies/ros_gz_example_bringup
[0.062s] -- Up-to-date: /home/zak/INF3995-Templates/install/ros_gz_example_bringup/share/ament_index/resource_index/parent_prefix_path/ros_gz_example_bringup
[0.062s] -- Up-to-date: /home/zak/INF3995-Templates/install/ros_gz_example_bringup/share/ros_gz_example_bringup/environment/ament_prefix_path.sh
[0.062s] -- Up-to-date: /home/zak/INF3995-Templates/install/ros_gz_example_bringup/share/ros_gz_example_bringup/environment/ament_prefix_path.dsv
[0.062s] -- Up-to-date: /home/zak/INF3995-Templates/install/ros_gz_example_bringup/share/ros_gz_example_bringup/environment/path.sh
[0.062s] -- Up-to-date: /home/zak/INF3995-Templates/install/ros_gz_example_bringup/share/ros_gz_example_bringup/environment/path.dsv
[0.062s] -- Up-to-date: /home/zak/INF3995-Templates/install/ros_gz_example_bringup/share/ros_gz_example_bringup/local_setup.bash
[0.062s] -- Up-to-date: /home/zak/INF3995-Templates/install/ros_gz_example_bringup/share/ros_gz_example_bringup/local_setup.sh
[0.062s] -- Up-to-date: /home/zak/INF3995-Templates/install/ros_gz_example_bringup/share/ros_gz_example_bringup/local_setup.zsh
[0.062s] -- Up-to-date: /home/zak/INF3995-Templates/install/ros_gz_example_bringup/share/ros_gz_example_bringup/local_setup.dsv
[0.062s] -- Installing: /home/zak/INF3995-Templates/install/ros_gz_example_bringup/share/ros_gz_example_bringup/package.dsv
[0.062s] -- Up-to-date: /home/zak/INF3995-Templates/install/ros_gz_example_bringup/share/ament_index/resource_index/packages/ros_gz_example_bringup
[0.062s] -- Up-to-date: /home/zak/INF3995-Templates/install/ros_gz_example_bringup/share/ros_gz_example_bringup/cmake/ros_gz_example_bringupConfig.cmake
[0.062s] -- Up-to-date: /home/zak/INF3995-Templates/install/ros_gz_example_bringup/share/ros_gz_example_bringup/cmake/ros_gz_example_bringupConfig-version.cmake
[0.062s] -- Up-to-date: /home/zak/INF3995-Templates/install/ros_gz_example_bringup/share/ros_gz_example_bringup/package.xml
[0.069s] Invoked command in '/home/zak/INF3995-Templates/build/ros_gz_example_bringup' returned '0': CMAKE_PREFIX_PATH=/home/zak/INF3995-Templates/install/ros_gz_example_gazebo:/home/zak/INF3995-Templates/install/ros_gz_example_description:/home/zak/INF3995-Templates/install/ros_gz_example_bringup:/home/zak/INF3995-Templates/install/ros_gz_example_application:/opt/ros/humble IGN_GAZEBO_PLUGIN_PATH=/home/zak/INF3995-Templates/install/ros_gz_example_gazebo/lib/ros_gz_example_gazebo IGN_GAZEBO_RESOURCE_PATH=/home/zak/INF3995-Templates/install/ros_gz_example_description/share/ros_gz_example_description/models:${IGN_GAZEBO_RESOURCE_PATH} /usr/bin/cmake --install /home/zak/INF3995-Templates/build/ros_gz_example_bringup
