[0.063s] DEBUG:colcon:Command line arguments: ['/usr/bin/colcon', 'build', '--cmake-args', '-DBUILD_TESTING=ON']
[0.063s] DEBUG:colcon:Parsed command line arguments: Namespace(log_base=None, log_level=None, verb_name='build', build_base='build', install_base='install', merge_install=False, symlink_install=False, test_result_base=None, continue_on_error=False, executor='parallel', parallel_workers=12, event_handlers=None, ignore_user_meta=False, metas=['./colcon.meta'], base_paths=['.'], packages_ignore=None, packages_ignore_regex=None, paths=None, packages_up_to=None, packages_up_to_regex=None, packages_above=None, packages_above_and_dependencies=None, packages_above_depth=None, packages_select_by_dep=None, packages_skip_by_dep=None, packages_skip_up_to=None, packages_select_build_failed=False, packages_skip_build_finished=False, packages_select_test_failures=False, packages_skip_test_passed=False, packages_select=None, packages_skip=None, packages_select_regex=None, packages_skip_regex=None, packages_start=None, packages_end=None, allow_overriding=[], cmake_args=['-DBUILD_TESTING=ON'], cmake_target=None, cmake_target_skip_unavailable=False, cmake_clean_cache=False, cmake_clean_first=False, cmake_force_configure=False, ament_cmake_args=None, catkin_cmake_args=None, catkin_skip_building_tests=False, verb_parser=<colcon_defaults.argument_parser.defaults.DefaultArgumentsDecorator object at 0x7c9740afba30>, verb_extension=<colcon_core.verb.build.BuildVerb object at 0x7c9740afb520>, main=<bound method BuildVerb.main of <colcon_core.verb.build.BuildVerb object at 0x7c9740afb520>>)
[0.149s] Level 1:colcon.colcon_core.package_discovery:discover_packages(colcon_meta) check parameters
[0.149s] Level 1:colcon.colcon_core.package_discovery:discover_packages(recursive) check parameters
[0.149s] Level 1:colcon.colcon_core.package_discovery:discover_packages(ignore) check parameters
[0.149s] Level 1:colcon.colcon_core.package_discovery:discover_packages(path) check parameters
[0.149s] Level 1:colcon.colcon_core.package_discovery:discover_packages(colcon_meta) discover
[0.149s] Level 1:colcon.colcon_core.package_discovery:discover_packages(recursive) discover
[0.149s] INFO:colcon.colcon_core.package_discovery:Crawling recursively for packages in '/home/zak/INF3995-Templates'
[0.149s] Level 1:colcon.colcon_core.package_identification:_identify(.) by extensions ['ignore', 'ignore_ament_install']
[0.149s] Level 1:colcon.colcon_core.package_identification:_identify(.) by extension 'ignore'
[0.149s] Level 1:colcon.colcon_core.package_identification:_identify(.) by extension 'ignore_ament_install'
[0.149s] Level 1:colcon.colcon_core.package_identification:_identify(.) by extensions ['colcon_pkg']
[0.149s] Level 1:colcon.colcon_core.package_identification:_identify(.) by extension 'colcon_pkg'
[0.149s] Level 1:colcon.colcon_core.package_identification:_identify(.) by extensions ['colcon_meta']
[0.149s] Level 1:colcon.colcon_core.package_identification:_identify(.) by extension 'colcon_meta'
[0.149s] Level 1:colcon.colcon_core.package_identification:_identify(.) by extensions ['ros']
[0.149s] Level 1:colcon.colcon_core.package_identification:_identify(.) by extension 'ros'
[0.157s] Level 1:colcon.colcon_core.package_identification:_identify(.) by extensions ['cmake', 'python']
[0.157s] Level 1:colcon.colcon_core.package_identification:_identify(.) by extension 'cmake'
[0.157s] Level 1:colcon.colcon_core.package_identification:_identify(.) by extension 'python'
[0.157s] Level 1:colcon.colcon_core.package_identification:_identify(.) by extensions ['python_setup_py']
[0.157s] Level 1:colcon.colcon_core.package_identification:_identify(.) by extension 'python_setup_py'
[0.157s] Level 1:colcon.colcon_core.package_identification:_identify(Installation) by extensions ['ignore', 'ignore_ament_install']
[0.157s] Level 1:colcon.colcon_core.package_identification:_identify(Installation) by extension 'ignore'
[0.157s] Level 1:colcon.colcon_core.package_identification:_identify(Installation) by extension 'ignore_ament_install'
[0.157s] Level 1:colcon.colcon_core.package_identification:_identify(Installation) by extensions ['colcon_pkg']
[0.157s] Level 1:colcon.colcon_core.package_identification:_identify(Installation) by extension 'colcon_pkg'
[0.157s] Level 1:colcon.colcon_core.package_identification:_identify(Installation) by extensions ['colcon_meta']
[0.157s] Level 1:colcon.colcon_core.package_identification:_identify(Installation) by extension 'colcon_meta'
[0.157s] Level 1:colcon.colcon_core.package_identification:_identify(Installation) by extensions ['ros']
[0.157s] Level 1:colcon.colcon_core.package_identification:_identify(Installation) by extension 'ros'
[0.157s] Level 1:colcon.colcon_core.package_identification:_identify(Installation) by extensions ['cmake', 'python']
[0.157s] Level 1:colcon.colcon_core.package_identification:_identify(Installation) by extension 'cmake'
[0.157s] Level 1:colcon.colcon_core.package_identification:_identify(Installation) by extension 'python'
[0.157s] Level 1:colcon.colcon_core.package_identification:_identify(Installation) by extensions ['python_setup_py']
[0.157s] Level 1:colcon.colcon_core.package_identification:_identify(Installation) by extension 'python_setup_py'
[0.158s] Level 1:colcon.colcon_core.package_identification:_identify(Installation/Any-Docker-VNC) by extensions ['ignore', 'ignore_ament_install']
[0.158s] Level 1:colcon.colcon_core.package_identification:_identify(Installation/Any-Docker-VNC) by extension 'ignore'
[0.158s] Level 1:colcon.colcon_core.package_identification:_identify(Installation/Any-Docker-VNC) by extension 'ignore_ament_install'
[0.158s] Level 1:colcon.colcon_core.package_identification:_identify(Installation/Any-Docker-VNC) by extensions ['colcon_pkg']
[0.158s] Level 1:colcon.colcon_core.package_identification:_identify(Installation/Any-Docker-VNC) by extension 'colcon_pkg'
[0.158s] Level 1:colcon.colcon_core.package_identification:_identify(Installation/Any-Docker-VNC) by extensions ['colcon_meta']
[0.158s] Level 1:colcon.colcon_core.package_identification:_identify(Installation/Any-Docker-VNC) by extension 'colcon_meta'
[0.158s] Level 1:colcon.colcon_core.package_identification:_identify(Installation/Any-Docker-VNC) by extensions ['ros']
[0.158s] Level 1:colcon.colcon_core.package_identification:_identify(Installation/Any-Docker-VNC) by extension 'ros'
[0.158s] Level 1:colcon.colcon_core.package_identification:_identify(Installation/Any-Docker-VNC) by extensions ['cmake', 'python']
[0.158s] Level 1:colcon.colcon_core.package_identification:_identify(Installation/Any-Docker-VNC) by extension 'cmake'
[0.158s] Level 1:colcon.colcon_core.package_identification:_identify(Installation/Any-Docker-VNC) by extension 'python'
[0.158s] Level 1:colcon.colcon_core.package_identification:_identify(Installation/Any-Docker-VNC) by extensions ['python_setup_py']
[0.158s] Level 1:colcon.colcon_core.package_identification:_identify(Installation/Any-Docker-VNC) by extension 'python_setup_py'
[0.158s] Level 1:colcon.colcon_core.package_identification:_identify(Installation/Linux-Docker-X11) by extensions ['ignore', 'ignore_ament_install']
[0.158s] Level 1:colcon.colcon_core.package_identification:_identify(Installation/Linux-Docker-X11) by extension 'ignore'
[0.158s] Level 1:colcon.colcon_core.package_identification:_identify(Installation/Linux-Docker-X11) by extension 'ignore_ament_install'
[0.158s] Level 1:colcon.colcon_core.package_identification:_identify(Installation/Linux-Docker-X11) by extensions ['colcon_pkg']
[0.158s] Level 1:colcon.colcon_core.package_identification:_identify(Installation/Linux-Docker-X11) by extension 'colcon_pkg'
[0.158s] Level 1:colcon.colcon_core.package_identification:_identify(Installation/Linux-Docker-X11) by extensions ['colcon_meta']
[0.158s] Level 1:colcon.colcon_core.package_identification:_identify(Installation/Linux-Docker-X11) by extension 'colcon_meta'
[0.158s] Level 1:colcon.colcon_core.package_identification:_identify(Installation/Linux-Docker-X11) by extensions ['ros']
[0.158s] Level 1:colcon.colcon_core.package_identification:_identify(Installation/Linux-Docker-X11) by extension 'ros'
[0.158s] Level 1:colcon.colcon_core.package_identification:_identify(Installation/Linux-Docker-X11) by extensions ['cmake', 'python']
[0.158s] Level 1:colcon.colcon_core.package_identification:_identify(Installation/Linux-Docker-X11) by extension 'cmake'
[0.158s] Level 1:colcon.colcon_core.package_identification:_identify(Installation/Linux-Docker-X11) by extension 'python'
[0.158s] Level 1:colcon.colcon_core.package_identification:_identify(Installation/Linux-Docker-X11) by extensions ['python_setup_py']
[0.158s] Level 1:colcon.colcon_core.package_identification:_identify(Installation/Linux-Docker-X11) by extension 'python_setup_py'
[0.158s] Level 1:colcon.colcon_core.package_identification:_identify(Installation/Ubuntu22.04) by extensions ['ignore', 'ignore_ament_install']
[0.158s] Level 1:colcon.colcon_core.package_identification:_identify(Installation/Ubuntu22.04) by extension 'ignore'
[0.158s] Level 1:colcon.colcon_core.package_identification:_identify(Installation/Ubuntu22.04) by extension 'ignore_ament_install'
[0.158s] Level 1:colcon.colcon_core.package_identification:_identify(Installation/Ubuntu22.04) by extensions ['colcon_pkg']
[0.158s] Level 1:colcon.colcon_core.package_identification:_identify(Installation/Ubuntu22.04) by extension 'colcon_pkg'
[0.158s] Level 1:colcon.colcon_core.package_identification:_identify(Installation/Ubuntu22.04) by extensions ['colcon_meta']
[0.158s] Level 1:colcon.colcon_core.package_identification:_identify(Installation/Ubuntu22.04) by extension 'colcon_meta'
[0.158s] Level 1:colcon.colcon_core.package_identification:_identify(Installation/Ubuntu22.04) by extensions ['ros']
[0.158s] Level 1:colcon.colcon_core.package_identification:_identify(Installation/Ubuntu22.04) by extension 'ros'
[0.158s] Level 1:colcon.colcon_core.package_identification:_identify(Installation/Ubuntu22.04) by extensions ['cmake', 'python']
[0.158s] Level 1:colcon.colcon_core.package_identification:_identify(Installation/Ubuntu22.04) by extension 'cmake'
[0.158s] Level 1:colcon.colcon_core.package_identification:_identify(Installation/Ubuntu22.04) by extension 'python'
[0.158s] Level 1:colcon.colcon_core.package_identification:_identify(Installation/Ubuntu22.04) by extensions ['python_setup_py']
[0.159s] Level 1:colcon.colcon_core.package_identification:_identify(Installation/Ubuntu22.04) by extension 'python_setup_py'
[0.159s] Level 1:colcon.colcon_core.package_identification:_identify(build) by extensions ['ignore', 'ignore_ament_install']
[0.159s] Level 1:colcon.colcon_core.package_identification:_identify(build) by extension 'ignore'
[0.159s] Level 1:colcon.colcon_core.package_identification:_identify(build) ignored
[0.159s] Level 1:colcon.colcon_core.package_identification:_identify(install) by extensions ['ignore', 'ignore_ament_install']
[0.159s] Level 1:colcon.colcon_core.package_identification:_identify(install) by extension 'ignore'
[0.159s] Level 1:colcon.colcon_core.package_identification:_identify(install) ignored
[0.159s] Level 1:colcon.colcon_core.package_identification:_identify(log) by extensions ['ignore', 'ignore_ament_install']
[0.159s] Level 1:colcon.colcon_core.package_identification:_identify(log) by extension 'ignore'
[0.159s] Level 1:colcon.colcon_core.package_identification:_identify(log) ignored
[0.159s] Level 1:colcon.colcon_core.package_identification:_identify(project_ws) by extensions ['ignore', 'ignore_ament_install']
[0.159s] Level 1:colcon.colcon_core.package_identification:_identify(project_ws) by extension 'ignore'
[0.159s] Level 1:colcon.colcon_core.package_identification:_identify(project_ws) by extension 'ignore_ament_install'
[0.159s] Level 1:colcon.colcon_core.package_identification:_identify(project_ws) by extensions ['colcon_pkg']
[0.159s] Level 1:colcon.colcon_core.package_identification:_identify(project_ws) by extension 'colcon_pkg'
[0.159s] Level 1:colcon.colcon_core.package_identification:_identify(project_ws) by extensions ['colcon_meta']
[0.159s] Level 1:colcon.colcon_core.package_identification:_identify(project_ws) by extension 'colcon_meta'
[0.159s] Level 1:colcon.colcon_core.package_identification:_identify(project_ws) by extensions ['ros']
[0.159s] Level 1:colcon.colcon_core.package_identification:_identify(project_ws) by extension 'ros'
[0.159s] Level 1:colcon.colcon_core.package_identification:_identify(project_ws) by extensions ['cmake', 'python']
[0.159s] Level 1:colcon.colcon_core.package_identification:_identify(project_ws) by extension 'cmake'
[0.159s] Level 1:colcon.colcon_core.package_identification:_identify(project_ws) by extension 'python'
[0.159s] Level 1:colcon.colcon_core.package_identification:_identify(project_ws) by extensions ['python_setup_py']
[0.159s] Level 1:colcon.colcon_core.package_identification:_identify(project_ws) by extension 'python_setup_py'
[0.159s] Level 1:colcon.colcon_core.package_identification:_identify(project_ws/src) by extensions ['ignore', 'ignore_ament_install']
[0.159s] Level 1:colcon.colcon_core.package_identification:_identify(project_ws/src) by extension 'ignore'
[0.159s] Level 1:colcon.colcon_core.package_identification:_identify(project_ws/src) by extension 'ignore_ament_install'
[0.159s] Level 1:colcon.colcon_core.package_identification:_identify(project_ws/src) by extensions ['colcon_pkg']
[0.159s] Level 1:colcon.colcon_core.package_identification:_identify(project_ws/src) by extension 'colcon_pkg'
[0.159s] Level 1:colcon.colcon_core.package_identification:_identify(project_ws/src) by extensions ['colcon_meta']
[0.159s] Level 1:colcon.colcon_core.package_identification:_identify(project_ws/src) by extension 'colcon_meta'
[0.159s] Level 1:colcon.colcon_core.package_identification:_identify(project_ws/src) by extensions ['ros']
[0.159s] Level 1:colcon.colcon_core.package_identification:_identify(project_ws/src) by extension 'ros'
[0.159s] Level 1:colcon.colcon_core.package_identification:_identify(project_ws/src) by extensions ['cmake', 'python']
[0.160s] Level 1:colcon.colcon_core.package_identification:_identify(project_ws/src) by extension 'cmake'
[0.160s] Level 1:colcon.colcon_core.package_identification:_identify(project_ws/src) by extension 'python'
[0.160s] Level 1:colcon.colcon_core.package_identification:_identify(project_ws/src) by extensions ['python_setup_py']
[0.160s] Level 1:colcon.colcon_core.package_identification:_identify(project_ws/src) by extension 'python_setup_py'
[0.160s] Level 1:colcon.colcon_core.package_identification:_identify(project_ws/src/ros_gz_example_application) by extensions ['ignore', 'ignore_ament_install']
[0.160s] Level 1:colcon.colcon_core.package_identification:_identify(project_ws/src/ros_gz_example_application) by extension 'ignore'
[0.160s] Level 1:colcon.colcon_core.package_identification:_identify(project_ws/src/ros_gz_example_application) by extension 'ignore_ament_install'
[0.160s] Level 1:colcon.colcon_core.package_identification:_identify(project_ws/src/ros_gz_example_application) by extensions ['colcon_pkg']
[0.160s] Level 1:colcon.colcon_core.package_identification:_identify(project_ws/src/ros_gz_example_application) by extension 'colcon_pkg'
[0.160s] Level 1:colcon.colcon_core.package_identification:_identify(project_ws/src/ros_gz_example_application) by extensions ['colcon_meta']
[0.160s] Level 1:colcon.colcon_core.package_identification:_identify(project_ws/src/ros_gz_example_application) by extension 'colcon_meta'
[0.160s] Level 1:colcon.colcon_core.package_identification:_identify(project_ws/src/ros_gz_example_application) by extensions ['ros']
[0.160s] Level 1:colcon.colcon_core.package_identification:_identify(project_ws/src/ros_gz_example_application) by extension 'ros'
[0.161s] DEBUG:colcon.colcon_core.package_identification:Package 'project_ws/src/ros_gz_example_application' with type 'ros.ament_cmake' and name 'ros_gz_example_application'
[0.161s] Level 1:colcon.colcon_core.package_identification:_identify(project_ws/src/ros_gz_example_bringup) by extensions ['ignore', 'ignore_ament_install']
[0.162s] Level 1:colcon.colcon_core.package_identification:_identify(project_ws/src/ros_gz_example_bringup) by extension 'ignore'
[0.162s] Level 1:colcon.colcon_core.package_identification:_identify(project_ws/src/ros_gz_example_bringup) by extension 'ignore_ament_install'
[0.162s] Level 1:colcon.colcon_core.package_identification:_identify(project_ws/src/ros_gz_example_bringup) by extensions ['colcon_pkg']
[0.162s] Level 1:colcon.colcon_core.package_identification:_identify(project_ws/src/ros_gz_example_bringup) by extension 'colcon_pkg'
[0.162s] Level 1:colcon.colcon_core.package_identification:_identify(project_ws/src/ros_gz_example_bringup) by extensions ['colcon_meta']
[0.162s] Level 1:colcon.colcon_core.package_identification:_identify(project_ws/src/ros_gz_example_bringup) by extension 'colcon_meta'
[0.162s] Level 1:colcon.colcon_core.package_identification:_identify(project_ws/src/ros_gz_example_bringup) by extensions ['ros']
[0.162s] Level 1:colcon.colcon_core.package_identification:_identify(project_ws/src/ros_gz_example_bringup) by extension 'ros'
[0.162s] DEBUG:colcon.colcon_core.package_identification:Package 'project_ws/src/ros_gz_example_bringup' with type 'ros.ament_cmake' and name 'ros_gz_example_bringup'
[0.162s] Level 1:colcon.colcon_core.package_identification:_identify(project_ws/src/ros_gz_example_description) by extensions ['ignore', 'ignore_ament_install']
[0.162s] Level 1:colcon.colcon_core.package_identification:_identify(project_ws/src/ros_gz_example_description) by extension 'ignore'
[0.162s] Level 1:colcon.colcon_core.package_identification:_identify(project_ws/src/ros_gz_example_description) by extension 'ignore_ament_install'
[0.162s] Level 1:colcon.colcon_core.package_identification:_identify(project_ws/src/ros_gz_example_description) by extensions ['colcon_pkg']
[0.162s] Level 1:colcon.colcon_core.package_identification:_identify(project_ws/src/ros_gz_example_description) by extension 'colcon_pkg'
[0.163s] Level 1:colcon.colcon_core.package_identification:_identify(project_ws/src/ros_gz_example_description) by extensions ['colcon_meta']
[0.163s] Level 1:colcon.colcon_core.package_identification:_identify(project_ws/src/ros_gz_example_description) by extension 'colcon_meta'
[0.163s] Level 1:colcon.colcon_core.package_identification:_identify(project_ws/src/ros_gz_example_description) by extensions ['ros']
[0.163s] Level 1:colcon.colcon_core.package_identification:_identify(project_ws/src/ros_gz_example_description) by extension 'ros'
[0.163s] DEBUG:colcon.colcon_core.package_identification:Package 'project_ws/src/ros_gz_example_description' with type 'ros.ament_cmake' and name 'ros_gz_example_description'
[0.163s] Level 1:colcon.colcon_core.package_identification:_identify(project_ws/src/ros_gz_example_gazebo) by extensions ['ignore', 'ignore_ament_install']
[0.163s] Level 1:colcon.colcon_core.package_identification:_identify(project_ws/src/ros_gz_example_gazebo) by extension 'ignore'
[0.163s] Level 1:colcon.colcon_core.package_identification:_identify(project_ws/src/ros_gz_example_gazebo) by extension 'ignore_ament_install'
[0.163s] Level 1:colcon.colcon_core.package_identification:_identify(project_ws/src/ros_gz_example_gazebo) by extensions ['colcon_pkg']
[0.163s] Level 1:colcon.colcon_core.package_identification:_identify(project_ws/src/ros_gz_example_gazebo) by extension 'colcon_pkg'
[0.163s] Level 1:colcon.colcon_core.package_identification:_identify(project_ws/src/ros_gz_example_gazebo) by extensions ['colcon_meta']
[0.163s] Level 1:colcon.colcon_core.package_identification:_identify(project_ws/src/ros_gz_example_gazebo) by extension 'colcon_meta'
[0.163s] Level 1:colcon.colcon_core.package_identification:_identify(project_ws/src/ros_gz_example_gazebo) by extensions ['ros']
[0.163s] Level 1:colcon.colcon_core.package_identification:_identify(project_ws/src/ros_gz_example_gazebo) by extension 'ros'
[0.163s] DEBUG:colcon.colcon_core.package_identification:Package 'project_ws/src/ros_gz_example_gazebo' with type 'ros.ament_cmake' and name 'ros_gz_example_gazebo'
[0.163s] Level 1:colcon.colcon_core.package_discovery:discover_packages(recursive) using defaults
[0.164s] Level 1:colcon.colcon_core.package_discovery:discover_packages(ignore) discover
[0.164s] Level 1:colcon.colcon_core.package_discovery:discover_packages(ignore) using defaults
[0.164s] Level 1:colcon.colcon_core.package_discovery:discover_packages(path) discover
[0.164s] Level 1:colcon.colcon_core.package_discovery:discover_packages(path) using defaults
[0.176s] Level 1:colcon.colcon_core.package_discovery:discover_packages(prefix_path) check parameters
[0.176s] Level 1:colcon.colcon_core.package_discovery:discover_packages(prefix_path) discover
[0.178s] DEBUG:colcon.colcon_installed_package_information.package_discovery:Found 277 installed packages in /opt/ros/humble
[0.178s] Level 1:colcon.colcon_core.package_discovery:discover_packages(prefix_path) using defaults
[0.206s] Level 5:colcon.colcon_core.verb:set package 'ros_gz_example_application' build argument 'cmake_args' from command line to '['-DBUILD_TESTING=ON']'
[0.206s] Level 5:colcon.colcon_core.verb:set package 'ros_gz_example_application' build argument 'cmake_target' from command line to 'None'
[0.206s] Level 5:colcon.colcon_core.verb:set package 'ros_gz_example_application' build argument 'cmake_target_skip_unavailable' from command line to 'False'
[0.207s] Level 5:colcon.colcon_core.verb:set package 'ros_gz_example_application' build argument 'cmake_clean_cache' from command line to 'False'
[0.207s] Level 5:colcon.colcon_core.verb:set package 'ros_gz_example_application' build argument 'cmake_clean_first' from command line to 'False'
[0.207s] Level 5:colcon.colcon_core.verb:set package 'ros_gz_example_application' build argument 'cmake_force_configure' from command line to 'False'
[0.207s] Level 5:colcon.colcon_core.verb:set package 'ros_gz_example_application' build argument 'ament_cmake_args' from command line to 'None'
[0.207s] Level 5:colcon.colcon_core.verb:set package 'ros_gz_example_application' build argument 'catkin_cmake_args' from command line to 'None'
[0.207s] Level 5:colcon.colcon_core.verb:set package 'ros_gz_example_application' build argument 'catkin_skip_building_tests' from command line to 'False'
[0.207s] DEBUG:colcon.colcon_core.verb:Building package 'ros_gz_example_application' with the following arguments: {'ament_cmake_args': None, 'build_base': '/home/zak/INF3995-Templates/build/ros_gz_example_application', 'catkin_cmake_args': None, 'catkin_skip_building_tests': False, 'cmake_args': ['-DBUILD_TESTING=ON'], 'cmake_clean_cache': False, 'cmake_clean_first': False, 'cmake_force_configure': False, 'cmake_target': None, 'cmake_target_skip_unavailable': False, 'install_base': '/home/zak/INF3995-Templates/install/ros_gz_example_application', 'merge_install': False, 'path': '/home/zak/INF3995-Templates/project_ws/src/ros_gz_example_application', 'symlink_install': False, 'test_result_base': None}
[0.207s] Level 5:colcon.colcon_core.verb:set package 'ros_gz_example_description' build argument 'cmake_args' from command line to '['-DBUILD_TESTING=ON']'
[0.207s] Level 5:colcon.colcon_core.verb:set package 'ros_gz_example_description' build argument 'cmake_target' from command line to 'None'
[0.207s] Level 5:colcon.colcon_core.verb:set package 'ros_gz_example_description' build argument 'cmake_target_skip_unavailable' from command line to 'False'
[0.207s] Level 5:colcon.colcon_core.verb:set package 'ros_gz_example_description' build argument 'cmake_clean_cache' from command line to 'False'
[0.207s] Level 5:colcon.colcon_core.verb:set package 'ros_gz_example_description' build argument 'cmake_clean_first' from command line to 'False'
[0.207s] Level 5:colcon.colcon_core.verb:set package 'ros_gz_example_description' build argument 'cmake_force_configure' from command line to 'False'
[0.207s] Level 5:colcon.colcon_core.verb:set package 'ros_gz_example_description' build argument 'ament_cmake_args' from command line to 'None'
[0.207s] Level 5:colcon.colcon_core.verb:set package 'ros_gz_example_description' build argument 'catkin_cmake_args' from command line to 'None'
[0.207s] Level 5:colcon.colcon_core.verb:set package 'ros_gz_example_description' build argument 'catkin_skip_building_tests' from command line to 'False'
[0.207s] DEBUG:colcon.colcon_core.verb:Building package 'ros_gz_example_description' with the following arguments: {'ament_cmake_args': None, 'build_base': '/home/zak/INF3995-Templates/build/ros_gz_example_description', 'catkin_cmake_args': None, 'catkin_skip_building_tests': False, 'cmake_args': ['-DBUILD_TESTING=ON'], 'cmake_clean_cache': False, 'cmake_clean_first': False, 'cmake_force_configure': False, 'cmake_target': None, 'cmake_target_skip_unavailable': False, 'install_base': '/home/zak/INF3995-Templates/install/ros_gz_example_description', 'merge_install': False, 'path': '/home/zak/INF3995-Templates/project_ws/src/ros_gz_example_description', 'symlink_install': False, 'test_result_base': None}
[0.207s] Level 5:colcon.colcon_core.verb:set package 'ros_gz_example_gazebo' build argument 'cmake_args' from command line to '['-DBUILD_TESTING=ON']'
[0.207s] Level 5:colcon.colcon_core.verb:set package 'ros_gz_example_gazebo' build argument 'cmake_target' from command line to 'None'
[0.207s] Level 5:colcon.colcon_core.verb:set package 'ros_gz_example_gazebo' build argument 'cmake_target_skip_unavailable' from command line to 'False'
[0.207s] Level 5:colcon.colcon_core.verb:set package 'ros_gz_example_gazebo' build argument 'cmake_clean_cache' from command line to 'False'
[0.207s] Level 5:colcon.colcon_core.verb:set package 'ros_gz_example_gazebo' build argument 'cmake_clean_first' from command line to 'False'
[0.207s] Level 5:colcon.colcon_core.verb:set package 'ros_gz_example_gazebo' build argument 'cmake_force_configure' from command line to 'False'
[0.207s] Level 5:colcon.colcon_core.verb:set package 'ros_gz_example_gazebo' build argument 'ament_cmake_args' from command line to 'None'
[0.207s] Level 5:colcon.colcon_core.verb:set package 'ros_gz_example_gazebo' build argument 'catkin_cmake_args' from command line to 'None'
[0.207s] Level 5:colcon.colcon_core.verb:set package 'ros_gz_example_gazebo' build argument 'catkin_skip_building_tests' from command line to 'False'
[0.207s] DEBUG:colcon.colcon_core.verb:Building package 'ros_gz_example_gazebo' with the following arguments: {'ament_cmake_args': None, 'build_base': '/home/zak/INF3995-Templates/build/ros_gz_example_gazebo', 'catkin_cmake_args': None, 'catkin_skip_building_tests': False, 'cmake_args': ['-DBUILD_TESTING=ON'], 'cmake_clean_cache': False, 'cmake_clean_first': False, 'cmake_force_configure': False, 'cmake_target': None, 'cmake_target_skip_unavailable': False, 'install_base': '/home/zak/INF3995-Templates/install/ros_gz_example_gazebo', 'merge_install': False, 'path': '/home/zak/INF3995-Templates/project_ws/src/ros_gz_example_gazebo', 'symlink_install': False, 'test_result_base': None}
[0.207s] Level 5:colcon.colcon_core.verb:set package 'ros_gz_example_bringup' build argument 'cmake_args' from command line to '['-DBUILD_TESTING=ON']'
[0.207s] Level 5:colcon.colcon_core.verb:set package 'ros_gz_example_bringup' build argument 'cmake_target' from command line to 'None'
[0.207s] Level 5:colcon.colcon_core.verb:set package 'ros_gz_example_bringup' build argument 'cmake_target_skip_unavailable' from command line to 'False'
[0.207s] Level 5:colcon.colcon_core.verb:set package 'ros_gz_example_bringup' build argument 'cmake_clean_cache' from command line to 'False'
[0.208s] Level 5:colcon.colcon_core.verb:set package 'ros_gz_example_bringup' build argument 'cmake_clean_first' from command line to 'False'
[0.208s] Level 5:colcon.colcon_core.verb:set package 'ros_gz_example_bringup' build argument 'cmake_force_configure' from command line to 'False'
[0.208s] Level 5:colcon.colcon_core.verb:set package 'ros_gz_example_bringup' build argument 'ament_cmake_args' from command line to 'None'
[0.208s] Level 5:colcon.colcon_core.verb:set package 'ros_gz_example_bringup' build argument 'catkin_cmake_args' from command line to 'None'
[0.208s] Level 5:colcon.colcon_core.verb:set package 'ros_gz_example_bringup' build argument 'catkin_skip_building_tests' from command line to 'False'
[0.208s] DEBUG:colcon.colcon_core.verb:Building package 'ros_gz_example_bringup' with the following arguments: {'ament_cmake_args': None, 'build_base': '/home/zak/INF3995-Templates/build/ros_gz_example_bringup', 'catkin_cmake_args': None, 'catkin_skip_building_tests': False, 'cmake_args': ['-DBUILD_TESTING=ON'], 'cmake_clean_cache': False, 'cmake_clean_first': False, 'cmake_force_configure': False, 'cmake_target': None, 'cmake_target_skip_unavailable': False, 'install_base': '/home/zak/INF3995-Templates/install/ros_gz_example_bringup', 'merge_install': False, 'path': '/home/zak/INF3995-Templates/project_ws/src/ros_gz_example_bringup', 'symlink_install': False, 'test_result_base': None}
[0.208s] INFO:colcon.colcon_core.executor:Executing jobs using 'parallel' executor
[0.208s] DEBUG:colcon.colcon_parallel_executor.executor.parallel:run_until_complete
[0.209s] INFO:colcon.colcon_ros.task.ament_cmake.build:Building ROS package in '/home/zak/INF3995-Templates/project_ws/src/ros_gz_example_description' with build type 'ament_cmake'
[0.209s] INFO:colcon.colcon_cmake.task.cmake.build:Building CMake package in '/home/zak/INF3995-Templates/project_ws/src/ros_gz_example_description'
[0.210s] INFO:colcon.colcon_core.plugin_system:Skipping extension 'colcon_core.shell.bat': Not used on non-Windows systems
[0.210s] INFO:colcon.colcon_core.shell:Skip shell extension 'powershell' for command environment: Not usable outside of PowerShell
[0.210s] DEBUG:colcon.colcon_core.shell:Skip shell extension 'dsv' for command environment
[0.212s] INFO:colcon.colcon_ros.task.ament_cmake.build:Building ROS package in '/home/zak/INF3995-Templates/project_ws/src/ros_gz_example_application' with build type 'ament_cmake'
[0.212s] INFO:colcon.colcon_cmake.task.cmake.build:Building CMake package in '/home/zak/INF3995-Templates/project_ws/src/ros_gz_example_application'
[0.212s] INFO:colcon.colcon_core.shell:Skip shell extension 'powershell' for command environment: Not usable outside of PowerShell
[0.212s] DEBUG:colcon.colcon_core.shell:Skip shell extension 'dsv' for command environment
[0.216s] DEBUG:colcon.colcon_core.event_handler.log_command:Invoking command in '/home/zak/INF3995-Templates/build/ros_gz_example_description': CMAKE_PREFIX_PATH=/opt/ros/humble /usr/bin/cmake /home/zak/INF3995-Templates/project_ws/src/ros_gz_example_description -DBUILD_TESTING=ON -DCMAKE_INSTALL_PREFIX=/home/zak/INF3995-Templates/install/ros_gz_example_description
[0.218s] DEBUG:colcon.colcon_core.event_handler.log_command:Invoking command in '/home/zak/INF3995-Templates/build/ros_gz_example_application': CMAKE_PREFIX_PATH=/opt/ros/humble /usr/bin/cmake /home/zak/INF3995-Templates/project_ws/src/ros_gz_example_application -DBUILD_TESTING=ON -DCMAKE_INSTALL_PREFIX=/home/zak/INF3995-Templates/install/ros_gz_example_application
[0.639s] DEBUG:colcon.colcon_core.event_handler.log_command:Invoked command in '/home/zak/INF3995-Templates/build/ros_gz_example_description' returned '0': CMAKE_PREFIX_PATH=/opt/ros/humble /usr/bin/cmake /home/zak/INF3995-Templates/project_ws/src/ros_gz_example_description -DBUILD_TESTING=ON -DCMAKE_INSTALL_PREFIX=/home/zak/INF3995-Templates/install/ros_gz_example_description
[0.641s] DEBUG:colcon.colcon_core.event_handler.log_command:Invoking command in '/home/zak/INF3995-Templates/build/ros_gz_example_description': CMAKE_PREFIX_PATH=/opt/ros/humble /usr/bin/cmake --build /home/zak/INF3995-Templates/build/ros_gz_example_description -- -j12 -l12
[0.652s] DEBUG:colcon.colcon_core.event_handler.log_command:Invoked command in '/home/zak/INF3995-Templates/build/ros_gz_example_application' returned '0': CMAKE_PREFIX_PATH=/opt/ros/humble /usr/bin/cmake /home/zak/INF3995-Templates/project_ws/src/ros_gz_example_application -DBUILD_TESTING=ON -DCMAKE_INSTALL_PREFIX=/home/zak/INF3995-Templates/install/ros_gz_example_application
[0.653s] DEBUG:colcon.colcon_core.event_handler.log_command:Invoking command in '/home/zak/INF3995-Templates/build/ros_gz_example_application': CMAKE_PREFIX_PATH=/opt/ros/humble /usr/bin/cmake --build /home/zak/INF3995-Templates/build/ros_gz_example_application -- -j12 -l12
[0.674s] DEBUG:colcon.colcon_core.event_handler.log_command:Invoked command in '/home/zak/INF3995-Templates/build/ros_gz_example_description' returned '0': CMAKE_PREFIX_PATH=/opt/ros/humble /usr/bin/cmake --build /home/zak/INF3995-Templates/build/ros_gz_example_description -- -j12 -l12
[0.679s] DEBUG:colcon.colcon_core.event_handler.log_command:Invoked command in '/home/zak/INF3995-Templates/build/ros_gz_example_application' returned '0': CMAKE_PREFIX_PATH=/opt/ros/humble /usr/bin/cmake --build /home/zak/INF3995-Templates/build/ros_gz_example_application -- -j12 -l12
[0.698s] DEBUG:colcon.colcon_core.event_handler.log_command:Invoking command in '/home/zak/INF3995-Templates/build/ros_gz_example_description': CMAKE_PREFIX_PATH=/opt/ros/humble /usr/bin/cmake --install /home/zak/INF3995-Templates/build/ros_gz_example_description
[0.700s] DEBUG:colcon.colcon_core.event_handler.log_command:Invoking command in '/home/zak/INF3995-Templates/build/ros_gz_example_application': CMAKE_PREFIX_PATH=/opt/ros/humble /usr/bin/cmake --install /home/zak/INF3995-Templates/build/ros_gz_example_application
[0.706s] Level 1:colcon.colcon_core.environment:create_environment_scripts_only(ros_gz_example_application)
[0.707s] DEBUG:colcon.colcon_core.event_handler.log_command:Invoked command in '/home/zak/INF3995-Templates/build/ros_gz_example_application' returned '0': CMAKE_PREFIX_PATH=/opt/ros/humble /usr/bin/cmake --install /home/zak/INF3995-Templates/build/ros_gz_example_application
[0.708s] Level 1:colcon.colcon_core.environment:checking '/home/zak/INF3995-Templates/install/ros_gz_example_application' for CMake module files
[0.708s] Level 1:colcon.colcon_core.environment:checking '/home/zak/INF3995-Templates/install/ros_gz_example_application' for CMake config files
[0.708s] Level 1:colcon.colcon_core.shell:create_environment_hook('ros_gz_example_application', 'cmake_prefix_path')
[0.709s] INFO:colcon.colcon_core.shell:Creating environment hook '/home/zak/INF3995-Templates/install/ros_gz_example_application/share/ros_gz_example_application/hook/cmake_prefix_path.ps1'
[0.709s] INFO:colcon.colcon_core.shell:Creating environment descriptor '/home/zak/INF3995-Templates/install/ros_gz_example_application/share/ros_gz_example_application/hook/cmake_prefix_path.dsv'
[0.709s] INFO:colcon.colcon_core.shell:Creating environment hook '/home/zak/INF3995-Templates/install/ros_gz_example_application/share/ros_gz_example_application/hook/cmake_prefix_path.sh'
[0.710s] Level 1:colcon.colcon_core.environment:checking '/home/zak/INF3995-Templates/install/ros_gz_example_application/bin'
[0.710s] Level 1:colcon.colcon_core.environment:checking '/home/zak/INF3995-Templates/install/ros_gz_example_application/lib/pkgconfig/ros_gz_example_application.pc'
[0.710s] Level 1:colcon.colcon_core.environment:checking '/home/zak/INF3995-Templates/install/ros_gz_example_application/lib/python3.10/site-packages'
[0.710s] Level 1:colcon.colcon_core.environment:checking '/home/zak/INF3995-Templates/install/ros_gz_example_application/bin'
[0.710s] INFO:colcon.colcon_core.shell:Creating package script '/home/zak/INF3995-Templates/install/ros_gz_example_application/share/ros_gz_example_application/package.ps1'
[0.711s] INFO:colcon.colcon_core.shell:Creating package descriptor '/home/zak/INF3995-Templates/install/ros_gz_example_application/share/ros_gz_example_application/package.dsv'
[0.711s] INFO:colcon.colcon_core.shell:Creating package script '/home/zak/INF3995-Templates/install/ros_gz_example_application/share/ros_gz_example_application/package.sh'
[0.712s] INFO:colcon.colcon_core.shell:Creating package script '/home/zak/INF3995-Templates/install/ros_gz_example_application/share/ros_gz_example_application/package.bash'
[0.712s] INFO:colcon.colcon_core.shell:Creating package script '/home/zak/INF3995-Templates/install/ros_gz_example_application/share/ros_gz_example_application/package.zsh'
[0.712s] Level 1:colcon.colcon_core.environment:create_file_with_runtime_dependencies(/home/zak/INF3995-Templates/install/ros_gz_example_application/share/colcon-core/packages/ros_gz_example_application)
[0.730s] Level 1:colcon.colcon_core.environment:create_environment_scripts_only(ros_gz_example_application)
[0.731s] Level 1:colcon.colcon_core.environment:checking '/home/zak/INF3995-Templates/install/ros_gz_example_application' for CMake module files
[0.731s] Level 1:colcon.colcon_core.environment:checking '/home/zak/INF3995-Templates/install/ros_gz_example_application' for CMake config files
[0.731s] Level 1:colcon.colcon_core.shell:create_environment_hook('ros_gz_example_application', 'cmake_prefix_path')
[0.731s] INFO:colcon.colcon_core.shell:Creating environment hook '/home/zak/INF3995-Templates/install/ros_gz_example_application/share/ros_gz_example_application/hook/cmake_prefix_path.ps1'
[0.732s] INFO:colcon.colcon_core.shell:Creating environment descriptor '/home/zak/INF3995-Templates/install/ros_gz_example_application/share/ros_gz_example_application/hook/cmake_prefix_path.dsv'
[0.732s] INFO:colcon.colcon_core.shell:Creating environment hook '/home/zak/INF3995-Templates/install/ros_gz_example_application/share/ros_gz_example_application/hook/cmake_prefix_path.sh'
[0.732s] Level 1:colcon.colcon_core.environment:checking '/home/zak/INF3995-Templates/install/ros_gz_example_application/bin'
[0.732s] Level 1:colcon.colcon_core.environment:checking '/home/zak/INF3995-Templates/install/ros_gz_example_application/lib/pkgconfig/ros_gz_example_application.pc'
[0.732s] Level 1:colcon.colcon_core.environment:checking '/home/zak/INF3995-Templates/install/ros_gz_example_application/lib/python3.10/site-packages'
[0.732s] Level 1:colcon.colcon_core.environment:checking '/home/zak/INF3995-Templates/install/ros_gz_example_application/bin'
[0.733s] INFO:colcon.colcon_core.shell:Creating package script '/home/zak/INF3995-Templates/install/ros_gz_example_application/share/ros_gz_example_application/package.ps1'
[0.733s] INFO:colcon.colcon_core.shell:Creating package descriptor '/home/zak/INF3995-Templates/install/ros_gz_example_application/share/ros_gz_example_application/package.dsv'
[0.733s] INFO:colcon.colcon_core.shell:Creating package script '/home/zak/INF3995-Templates/install/ros_gz_example_application/share/ros_gz_example_application/package.sh'
[0.733s] INFO:colcon.colcon_core.shell:Creating package script '/home/zak/INF3995-Templates/install/ros_gz_example_application/share/ros_gz_example_application/package.bash'
[0.734s] INFO:colcon.colcon_core.shell:Creating package script '/home/zak/INF3995-Templates/install/ros_gz_example_application/share/ros_gz_example_application/package.zsh'
[0.734s] Level 1:colcon.colcon_core.environment:create_file_with_runtime_dependencies(/home/zak/INF3995-Templates/install/ros_gz_example_application/share/colcon-core/packages/ros_gz_example_application)
[0.814s] Level 1:colcon.colcon_core.environment:create_environment_scripts_only(ros_gz_example_description)
[0.815s] Level 1:colcon.colcon_core.environment:checking '/home/zak/INF3995-Templates/install/ros_gz_example_description' for CMake module files
[0.815s] DEBUG:colcon.colcon_core.event_handler.log_command:Invoked command in '/home/zak/INF3995-Templates/build/ros_gz_example_description' returned '0': CMAKE_PREFIX_PATH=/opt/ros/humble /usr/bin/cmake --install /home/zak/INF3995-Templates/build/ros_gz_example_description
[0.815s] Level 1:colcon.colcon_core.environment:checking '/home/zak/INF3995-Templates/install/ros_gz_example_description' for CMake config files
[0.815s] Level 1:colcon.colcon_core.shell:create_environment_hook('ros_gz_example_description', 'cmake_prefix_path')
[0.815s] INFO:colcon.colcon_core.shell:Creating environment hook '/home/zak/INF3995-Templates/install/ros_gz_example_description/share/ros_gz_example_description/hook/cmake_prefix_path.ps1'
[0.816s] INFO:colcon.colcon_core.shell:Creating environment descriptor '/home/zak/INF3995-Templates/install/ros_gz_example_description/share/ros_gz_example_description/hook/cmake_prefix_path.dsv'
[0.816s] INFO:colcon.colcon_core.shell:Creating environment hook '/home/zak/INF3995-Templates/install/ros_gz_example_description/share/ros_gz_example_description/hook/cmake_prefix_path.sh'
[0.816s] Level 1:colcon.colcon_core.environment:checking '/home/zak/INF3995-Templates/install/ros_gz_example_description/bin'
[0.816s] Level 1:colcon.colcon_core.environment:checking '/home/zak/INF3995-Templates/install/ros_gz_example_description/lib/pkgconfig/ros_gz_example_description.pc'
[0.816s] Level 1:colcon.colcon_core.environment:checking '/home/zak/INF3995-Templates/install/ros_gz_example_description/lib/python3.10/site-packages'
[0.816s] Level 1:colcon.colcon_core.environment:checking '/home/zak/INF3995-Templates/install/ros_gz_example_description/bin'
[0.817s] INFO:colcon.colcon_core.shell:Creating package script '/home/zak/INF3995-Templates/install/ros_gz_example_description/share/ros_gz_example_description/package.ps1'
[0.817s] INFO:colcon.colcon_core.shell:Creating package descriptor '/home/zak/INF3995-Templates/install/ros_gz_example_description/share/ros_gz_example_description/package.dsv'
[0.817s] INFO:colcon.colcon_core.shell:Creating package script '/home/zak/INF3995-Templates/install/ros_gz_example_description/share/ros_gz_example_description/package.sh'
[0.817s] INFO:colcon.colcon_core.shell:Creating package script '/home/zak/INF3995-Templates/install/ros_gz_example_description/share/ros_gz_example_description/package.bash'
[0.817s] INFO:colcon.colcon_core.shell:Creating package script '/home/zak/INF3995-Templates/install/ros_gz_example_description/share/ros_gz_example_description/package.zsh'
[0.817s] Level 1:colcon.colcon_core.environment:create_file_with_runtime_dependencies(/home/zak/INF3995-Templates/install/ros_gz_example_description/share/colcon-core/packages/ros_gz_example_description)
[0.836s] Level 1:colcon.colcon_core.environment:create_environment_scripts_only(ros_gz_example_description)
[0.836s] Level 1:colcon.colcon_core.environment:checking '/home/zak/INF3995-Templates/install/ros_gz_example_description' for CMake module files
[0.836s] Level 1:colcon.colcon_core.environment:checking '/home/zak/INF3995-Templates/install/ros_gz_example_description' for CMake config files
[0.837s] Level 1:colcon.colcon_core.shell:create_environment_hook('ros_gz_example_description', 'cmake_prefix_path')
[0.837s] INFO:colcon.colcon_core.shell:Creating environment hook '/home/zak/INF3995-Templates/install/ros_gz_example_description/share/ros_gz_example_description/hook/cmake_prefix_path.ps1'
[0.837s] INFO:colcon.colcon_core.shell:Creating environment descriptor '/home/zak/INF3995-Templates/install/ros_gz_example_description/share/ros_gz_example_description/hook/cmake_prefix_path.dsv'
[0.838s] INFO:colcon.colcon_core.shell:Creating environment hook '/home/zak/INF3995-Templates/install/ros_gz_example_description/share/ros_gz_example_description/hook/cmake_prefix_path.sh'
[0.838s] Level 1:colcon.colcon_core.environment:checking '/home/zak/INF3995-Templates/install/ros_gz_example_description/bin'
[0.838s] Level 1:colcon.colcon_core.environment:checking '/home/zak/INF3995-Templates/install/ros_gz_example_description/lib/pkgconfig/ros_gz_example_description.pc'
[0.838s] Level 1:colcon.colcon_core.environment:checking '/home/zak/INF3995-Templates/install/ros_gz_example_description/lib/python3.10/site-packages'
[0.839s] Level 1:colcon.colcon_core.environment:checking '/home/zak/INF3995-Templates/install/ros_gz_example_description/bin'
[0.839s] INFO:colcon.colcon_core.shell:Creating package script '/home/zak/INF3995-Templates/install/ros_gz_example_description/share/ros_gz_example_description/package.ps1'
[0.839s] INFO:colcon.colcon_core.shell:Creating package descriptor '/home/zak/INF3995-Templates/install/ros_gz_example_description/share/ros_gz_example_description/package.dsv'
[0.840s] INFO:colcon.colcon_core.shell:Creating package script '/home/zak/INF3995-Templates/install/ros_gz_example_description/share/ros_gz_example_description/package.sh'
[0.840s] INFO:colcon.colcon_core.shell:Creating package script '/home/zak/INF3995-Templates/install/ros_gz_example_description/share/ros_gz_example_description/package.bash'
[0.840s] INFO:colcon.colcon_core.shell:Creating package script '/home/zak/INF3995-Templates/install/ros_gz_example_description/share/ros_gz_example_description/package.zsh'
[0.841s] Level 1:colcon.colcon_core.environment:create_file_with_runtime_dependencies(/home/zak/INF3995-Templates/install/ros_gz_example_description/share/colcon-core/packages/ros_gz_example_description)
[0.841s] INFO:colcon.colcon_ros.task.ament_cmake.build:Building ROS package in '/home/zak/INF3995-Templates/project_ws/src/ros_gz_example_gazebo' with build type 'ament_cmake'
[0.841s] INFO:colcon.colcon_cmake.task.cmake.build:Building CMake package in '/home/zak/INF3995-Templates/project_ws/src/ros_gz_example_gazebo'
[0.841s] INFO:colcon.colcon_core.shell:Skip shell extension 'powershell' for command environment: Not usable outside of PowerShell
[0.841s] DEBUG:colcon.colcon_core.shell:Skip shell extension 'dsv' for command environment
[0.846s] DEBUG:colcon.colcon_core.event_handler.log_command:Invoking command in '/home/zak/INF3995-Templates/build/ros_gz_example_gazebo': AMENT_PREFIX_PATH=/home/zak/INF3995-Templates/install/ros_gz_example_description:${AMENT_PREFIX_PATH} CMAKE_PREFIX_PATH=/home/zak/INF3995-Templates/install/ros_gz_example_description:/opt/ros/humble IGN_GAZEBO_RESOURCE_PATH=/home/zak/INF3995-Templates/install/ros_gz_example_description/share/ros_gz_example_description/models /usr/bin/cmake /home/zak/INF3995-Templates/project_ws/src/ros_gz_example_gazebo -DBUILD_TESTING=ON -DCMAKE_INSTALL_PREFIX=/home/zak/INF3995-Templates/install/ros_gz_example_gazebo
[1.301s] DEBUG:colcon.colcon_core.event_handler.log_command:Invoked command in '/home/zak/INF3995-Templates/build/ros_gz_example_gazebo' returned '1': AMENT_PREFIX_PATH=/home/zak/INF3995-Templates/install/ros_gz_example_description:${AMENT_PREFIX_PATH} CMAKE_PREFIX_PATH=/home/zak/INF3995-Templates/install/ros_gz_example_description:/opt/ros/humble IGN_GAZEBO_RESOURCE_PATH=/home/zak/INF3995-Templates/install/ros_gz_example_description/share/ros_gz_example_description/models /usr/bin/cmake /home/zak/INF3995-Templates/project_ws/src/ros_gz_example_gazebo -DBUILD_TESTING=ON -DCMAKE_INSTALL_PREFIX=/home/zak/INF3995-Templates/install/ros_gz_example_gazebo
[1.310s] Level 1:colcon.colcon_core.environment:create_environment_scripts_only(ros_gz_example_gazebo)
[1.310s] Level 1:colcon.colcon_core.environment:checking '/home/zak/INF3995-Templates/install/ros_gz_example_gazebo' for CMake module files
[1.310s] Level 1:colcon.colcon_core.environment:checking '/home/zak/INF3995-Templates/install/ros_gz_example_gazebo' for CMake config files
[1.311s] Level 1:colcon.colcon_core.environment:checking '/home/zak/INF3995-Templates/install/ros_gz_example_gazebo/bin'
[1.311s] Level 1:colcon.colcon_core.environment:checking '/home/zak/INF3995-Templates/install/ros_gz_example_gazebo/lib/pkgconfig/ros_gz_example_gazebo.pc'
[1.311s] Level 1:colcon.colcon_core.environment:checking '/home/zak/INF3995-Templates/install/ros_gz_example_gazebo/lib/python3.10/site-packages'
[1.311s] Level 1:colcon.colcon_core.environment:checking '/home/zak/INF3995-Templates/install/ros_gz_example_gazebo/bin'
[1.311s] INFO:colcon.colcon_core.shell:Creating package script '/home/zak/INF3995-Templates/install/ros_gz_example_gazebo/share/ros_gz_example_gazebo/package.ps1'
[1.311s] INFO:colcon.colcon_core.shell:Creating package descriptor '/home/zak/INF3995-Templates/install/ros_gz_example_gazebo/share/ros_gz_example_gazebo/package.dsv'
[1.312s] INFO:colcon.colcon_core.shell:Creating package script '/home/zak/INF3995-Templates/install/ros_gz_example_gazebo/share/ros_gz_example_gazebo/package.sh'
[1.312s] INFO:colcon.colcon_core.shell:Creating package script '/home/zak/INF3995-Templates/install/ros_gz_example_gazebo/share/ros_gz_example_gazebo/package.bash'
[1.312s] INFO:colcon.colcon_core.shell:Creating package script '/home/zak/INF3995-Templates/install/ros_gz_example_gazebo/share/ros_gz_example_gazebo/package.zsh'
[1.312s] Level 1:colcon.colcon_core.environment:create_file_with_runtime_dependencies(/home/zak/INF3995-Templates/install/ros_gz_example_gazebo/share/colcon-core/packages/ros_gz_example_gazebo)
[1.322s] DEBUG:colcon.colcon_parallel_executor.executor.parallel:closing loop
[1.322s] DEBUG:colcon.colcon_parallel_executor.executor.parallel:loop closed
[1.323s] DEBUG:colcon.colcon_parallel_executor.executor.parallel:run_until_complete finished with '1'
[1.323s] DEBUG:colcon.colcon_core.event_reactor:joining thread
[1.328s] INFO:colcon.colcon_core.plugin_system:Skipping extension 'colcon_notification.desktop_notification.terminal_notifier': Not used on non-Darwin systems
[1.328s] INFO:colcon.colcon_core.plugin_system:Skipping extension 'colcon_notification.desktop_notification.win32': Not used on non-Windows systems
[1.329s] INFO:colcon.colcon_notification.desktop_notification:Sending desktop notification using 'notify2'
[1.341s] DEBUG:colcon.colcon_core.event_reactor:joined thread
[1.341s] INFO:colcon.colcon_core.shell:Creating prefix script '/home/zak/INF3995-Templates/install/local_setup.ps1'
[1.343s] INFO:colcon.colcon_core.shell:Creating prefix util module '/home/zak/INF3995-Templates/install/_local_setup_util_ps1.py'
[1.344s] INFO:colcon.colcon_core.shell:Creating prefix chain script '/home/zak/INF3995-Templates/install/setup.ps1'
[1.346s] INFO:colcon.colcon_core.shell:Creating prefix script '/home/zak/INF3995-Templates/install/local_setup.sh'
[1.347s] INFO:colcon.colcon_core.shell:Creating prefix util module '/home/zak/INF3995-Templates/install/_local_setup_util_sh.py'
[1.347s] INFO:colcon.colcon_core.shell:Creating prefix chain script '/home/zak/INF3995-Templates/install/setup.sh'
[1.348s] INFO:colcon.colcon_core.shell:Creating prefix script '/home/zak/INF3995-Templates/install/local_setup.bash'
[1.349s] INFO:colcon.colcon_core.shell:Creating prefix chain script '/home/zak/INF3995-Templates/install/setup.bash'
[1.349s] INFO:colcon.colcon_core.shell:Creating prefix script '/home/zak/INF3995-Templates/install/local_setup.zsh'
[1.350s] INFO:colcon.colcon_core.shell:Creating prefix chain script '/home/zak/INF3995-Templates/install/setup.zsh'
